2023-10-17 12:15:10,739 [INFO] Activator:176 - 


2023-10-17 12:15:10,744 [INFO] Activator:177 - !SESSION log4j initialized
2023-10-17 12:15:16,851 [INFO] LogOutputStream:77 - [STDOUT_REDIRECT] 
2023-10-17 12:15:17,557 [ERROR] LogOutputStream:75 - [STDERR_REDIRECT] 
2023-10-17 12:15:18,099 [INFO] LogOutputStream:77 - [STDOUT_REDIRECT] 
2023-10-17 12:15:18,596 [INFO] ApplicationProperties:184 - Using Application install path: /Applications/STM32CubeIDE.app/Contents/Eclipse/plugins/com.st.stm32cube.common.mx_6.9.2.202309101412
2023-10-17 12:15:18,628 [INFO] DbMcusXml:78 - Set database path to: /Applications/STM32CubeIDE.app/Contents/Eclipse/plugins/com.st.stm32cube.common.mx_6.9.2.202309101412//db//mcu/
2023-10-17 12:15:18,629 [INFO] ApiDb:274 - Set plugin database path to: /Applications/STM32CubeIDE.app/Contents/Eclipse/plugins/com.st.stm32cube.common.mx_6.9.2.202309101412//db//plugins/boardmanager/
2023-10-17 12:15:18,632 [WARN] ApiDb:259 - Overriding images path with different value:  => /Applications/STM32CubeIDE.app/Contents/Eclipse/plugins/com.st.stm32cube.common.mx_6.9.2.202309101412//db//plugins/mcufinder/images/
2023-10-17 12:15:18,704 [INFO] ApiDb:250 - Set database path to: /Users/mariestahaab/.stmcufinder/plugins/mcufinder//mcu/
2023-10-17 12:15:18,705 [INFO] DbMcusAds:125 - Set database path to: /Users/mariestahaab/.stmcufinder/plugins/mcufinder//mcu/
2023-10-17 12:15:18,708 [INFO] CrossReferenceDbSqlite:203 - Set database path to: /Users/mariestahaab/.stmcufinder/plugins/mcufinder//mcu/cs/
2023-10-17 12:15:18,887 [INFO] RulesReader:64 - Compatibility file has been processed (293 Rules)
2023-10-17 12:15:18,953 [INFO] DbMcusXml:78 - Set database path to: /Applications/STM32CubeIDE.app/Contents/Eclipse/plugins/com.st.stm32cube.common.mx_6.9.2.202309101412//db//mcu/
2023-10-17 12:15:18,954 [INFO] ApiDb:274 - Set plugin database path to: /Applications/STM32CubeIDE.app/Contents/Eclipse/plugins/com.st.stm32cube.common.mx_6.9.2.202309101412//db//plugins/boardmanager/
2023-10-17 12:15:18,954 [INFO] ApiDb:261 - Set plugin images path to: /Applications/STM32CubeIDE.app/Contents/Eclipse/plugins/com.st.stm32cube.common.mx_6.9.2.202309101412//db//plugins/mcufinder/images/
2023-10-17 12:15:18,954 [WARN] DbFile:41 - Overriding database path with different value: /Users/mariestahaab/.stmcufinder/plugins/mcufinder/ => /Users/mariestahaab/.stmcufinder/plugins/mcufinder
2023-10-17 12:15:18,954 [INFO] ApiDb:250 - Set database path to: /Users/mariestahaab/.stmcufinder/plugins/mcufinder//mcu/
2023-10-17 12:15:18,954 [WARN] DbFile:41 - Overriding database path with different value: /Users/mariestahaab/.stmcufinder/plugins/mcufinder/ => /Users/mariestahaab/.stmcufinder/plugins/mcufinder
2023-10-17 12:15:18,954 [INFO] DbMcusAds:125 - Set database path to: /Users/mariestahaab/.stmcufinder/plugins/mcufinder//mcu/
2023-10-17 12:15:18,955 [WARN] DbFile:41 - Overriding database path with different value: /Users/mariestahaab/.stmcufinder/plugins/mcufinder/ => /Users/mariestahaab/.stmcufinder/plugins/mcufinder
2023-10-17 12:15:18,955 [WARN] DbFile:41 - Overriding database path with different value: /Users/mariestahaab/.stmcufinder/plugins/mcufinder/ => /Users/mariestahaab/.stmcufinder/plugins/mcufinder
2023-10-17 12:15:18,955 [INFO] CrossReferenceDbSqlite:203 - Set database path to: /Users/mariestahaab/.stmcufinder/plugins/mcufinder//mcu/cs/
2023-10-17 12:15:19,026 [INFO] MainPanel:262 - HeapMemory: 268435456
2023-10-17 12:15:19,112 [INFO] DbMcusXml:78 - Set database path to: /Applications/STM32CubeIDE.app/Contents/Eclipse/plugins/com.st.stm32cube.common.mx_6.9.2.202309101412//db//mcu/
2023-10-17 12:15:19,112 [INFO] ApiDb:274 - Set plugin database path to: /Applications/STM32CubeIDE.app/Contents/Eclipse/plugins/com.st.stm32cube.common.mx_6.9.2.202309101412//db//plugins/boardmanager/
2023-10-17 12:15:19,113 [INFO] ApiDb:261 - Set plugin images path to: /Applications/STM32CubeIDE.app/Contents/Eclipse/plugins/com.st.stm32cube.common.mx_6.9.2.202309101412//db//plugins/mcufinder/images/
2023-10-17 12:15:19,113 [WARN] DbFile:41 - Overriding database path with different value: /Users/mariestahaab/.stmcufinder/plugins/mcufinder/ => /Users/mariestahaab/.stmcufinder/plugins/mcufinder
2023-10-17 12:15:19,113 [INFO] ApiDb:250 - Set database path to: /Users/mariestahaab/.stmcufinder/plugins/mcufinder//mcu/
2023-10-17 12:15:19,113 [WARN] DbFile:41 - Overriding database path with different value: /Users/mariestahaab/.stmcufinder/plugins/mcufinder/ => /Users/mariestahaab/.stmcufinder/plugins/mcufinder
2023-10-17 12:15:19,114 [INFO] DbMcusAds:125 - Set database path to: /Users/mariestahaab/.stmcufinder/plugins/mcufinder//mcu/
2023-10-17 12:15:19,114 [WARN] DbFile:41 - Overriding database path with different value: /Users/mariestahaab/.stmcufinder/plugins/mcufinder/ => /Users/mariestahaab/.stmcufinder/plugins/mcufinder
2023-10-17 12:15:19,114 [WARN] DbFile:41 - Overriding database path with different value: /Users/mariestahaab/.stmcufinder/plugins/mcufinder/ => /Users/mariestahaab/.stmcufinder/plugins/mcufinder
2023-10-17 12:15:19,114 [INFO] CrossReferenceDbSqlite:203 - Set database path to: /Users/mariestahaab/.stmcufinder/plugins/mcufinder//mcu/cs/
2023-10-17 12:15:19,132 [INFO] ApplicationProperties:184 - Using Application install path: /Applications/STM32CubeIDE.app/Contents/Eclipse/plugins/com.st.stm32cube.common.mx_6.9.2.202309101412
2023-10-17 12:15:19,133 [INFO] PluginManage:196 - Search for loadable plugins [exclusion list=, ]
2023-10-17 12:15:19,137 [INFO] PluginManage:310 - Check plugin analytics
2023-10-17 12:15:19,356 [INFO] AnalyticsPlugin:253 - Accepted Software Licenses: 
2023-10-17 12:15:19,356 [INFO] AnalyticsPlugin:255 - Accepted CMSIS Pack Licenses: 
2023-10-17 12:15:19,360 [INFO] AnalyticsPlugin:257 - Accepted Firmware Licenses: FW.F4.1.27.0
2023-10-17 12:15:19,364 [INFO] PluginManage:359 - Loaded plugin analytics (category:tool,tabindex:-1)
2023-10-17 12:15:19,366 [INFO] PluginManage:310 - Check plugin cadmodel
2023-10-17 12:15:19,606 [INFO] CADModel:105 - Init CAD model plugin
2023-10-17 12:15:19,607 [INFO] PluginManage:359 - Loaded plugin cadmodel (category:power,tabindex:5)
2023-10-17 12:15:19,607 [INFO] PluginManage:310 - Check plugin clock
2023-10-17 12:15:19,620 [INFO] PluginManage:359 - Loaded plugin clock (category:base,tabindex:2)
2023-10-17 12:15:19,620 [INFO] PluginManage:310 - Check plugin ddr
2023-10-17 12:15:19,622 [INFO] PluginManage:359 - Loaded plugin ddr (category:tool,tabindex:6)
2023-10-17 12:15:19,622 [INFO] PluginManage:310 - Check plugin filemanager
2023-10-17 12:15:19,759 [INFO] PluginManage:359 - Loaded plugin filemanager (category:base,tabindex:10)
2023-10-17 12:15:19,760 [INFO] PluginManage:310 - Check plugin ipmanager
2023-10-17 12:15:19,768 [INFO] PluginManage:359 - Loaded plugin ipmanager (category:base,tabindex:5)
2023-10-17 12:15:19,768 [INFO] PluginManage:310 - Check plugin lpbam
2023-10-17 12:15:19,778 [INFO] PluginManage:359 - Loaded plugin lpbam (category:base,tabindex:0)
2023-10-17 12:15:19,778 [INFO] PluginManage:310 - Check plugin memorymap
2023-10-17 12:15:19,787 [INFO] PluginManage:359 - Loaded plugin memorymap (category:base,tabindex:4)
2023-10-17 12:15:19,787 [INFO] PluginManage:310 - Check plugin pinoutandconfiguration
2023-10-17 12:15:19,791 [INFO] PluginManage:359 - Loaded plugin pinoutandconfiguration (category:base,tabindex:1)
2023-10-17 12:15:19,792 [INFO] PluginManage:310 - Check plugin pinoutconfig
2023-10-17 12:15:19,872 [WARN] SupportedApi:132 - Cannot load RTOS API schema: s4s-elt-must-match.1: The content of 'definitions' must match (annotation?, (simpleType | complexType)?, (unique | key | keyref)*)). A problem was found starting at: attribute.
2023-10-17 12:15:20,021 [INFO] PluginManage:359 - Loaded plugin pinoutconfig (category:base,tabindex:0)
2023-10-17 12:15:20,021 [INFO] PluginManage:310 - Check plugin power
2023-10-17 12:15:20,031 [INFO] PluginManage:359 - Loaded plugin power (category:power,tabindex:4)
2023-10-17 12:15:20,031 [INFO] PluginManage:310 - Check plugin projectmanager
2023-10-17 12:15:20,056 [INFO] PluginManage:359 - Loaded plugin projectmanager (category:projectmanager,tabindex:3)
2023-10-17 12:15:20,056 [INFO] PluginManage:310 - Check plugin thirdparty
2023-10-17 12:15:20,232 [INFO] PluginManage:359 - Loaded plugin thirdparty (category:base,tabindex:-1)
2023-10-17 12:15:20,232 [WARN] IntegrityCheckThread:84 - waiting for thirdparty lock release [integrity check]
2023-10-17 12:15:20,233 [INFO] PluginManage:310 - Check plugin tools
2023-10-17 12:15:20,233 [INFO] IntegrityCheckThread:86 - entering critical section [integrity check]
2023-10-17 12:15:20,235 [INFO] ThirdPartyUpdaterWithRetryManager:70 - Updater plugin not ready yet. [1/15]
2023-10-17 12:15:20,236 [INFO] PluginManage:359 - Loaded plugin tools (category:base,tabindex:7)
2023-10-17 12:15:20,237 [INFO] PluginManage:310 - Check plugin tutovideos
2023-10-17 12:15:20,402 [INFO] PluginManage:359 - Loaded plugin tutovideos (category:base,tabindex:-1)
2023-10-17 12:15:20,403 [INFO] PluginManage:310 - Check plugin updater
2023-10-17 12:15:20,421 [INFO] PluginManage:359 - Loaded plugin updater (category:base,tabindex:12)
2023-10-17 12:15:20,422 [INFO] PluginManage:310 - Check plugin userauth
2023-10-17 12:15:20,427 [INFO] UserAuth:113 - Init User Auth plugin
2023-10-17 12:15:20,427 [INFO] PluginManage:359 - Loaded plugin userauth (category:base,tabindex:14)
2023-10-17 12:15:20,428 [INFO] PluginManage:283 - PluginManage : Loaded plugins [17]
2023-10-17 12:15:20,670 [INFO] PinOutPanel:1499 - setPackage(No Configuration,No Configuration)
2023-10-17 12:15:20,769 [INFO] CADModel:165 - CPN selected for project level
2023-10-17 12:15:20,769 [INFO] CADModel:114 - Register for checkConnection events
2023-10-17 12:15:20,781 [INFO] IPUIPlugin:80 - create IPUIPlugin
2023-10-17 12:15:20,782 [INFO] PluginManager:220 - loadIPPluginJar : add mdma
2023-10-17 12:15:20,787 [INFO] IPUIPlugin:80 - create IPUIPlugin
2023-10-17 12:15:20,787 [INFO] PluginManager:220 - loadIPPluginJar : add freertos
2023-10-17 12:15:20,791 [INFO] IPUIPlugin:80 - create IPUIPlugin
2023-10-17 12:15:20,791 [INFO] PluginManager:220 - loadIPPluginJar : add gic
2023-10-17 12:15:20,798 [INFO] IPUIPlugin:80 - create IPUIPlugin
2023-10-17 12:15:20,798 [INFO] PluginManager:220 - loadIPPluginJar : add adc
2023-10-17 12:15:20,800 [INFO] IPUIPlugin:80 - create IPUIPlugin
2023-10-17 12:15:20,800 [INFO] PluginManager:220 - loadIPPluginJar : add gtzc
2023-10-17 12:15:20,801 [INFO] IPUIPlugin:80 - create IPUIPlugin
2023-10-17 12:15:20,801 [INFO] PluginManager:220 - loadIPPluginJar : add quadspi
2023-10-17 12:15:20,803 [INFO] IPUIPlugin:80 - create IPUIPlugin
2023-10-17 12:15:20,803 [INFO] PluginManager:220 - loadIPPluginJar : add aes
2023-10-17 12:15:20,806 [INFO] IPUIPlugin:80 - create IPUIPlugin
2023-10-17 12:15:20,806 [INFO] PluginManager:220 - loadIPPluginJar : add pdm2pcm
2023-10-17 12:15:20,808 [INFO] IPUIPlugin:80 - create IPUIPlugin
2023-10-17 12:15:20,808 [INFO] PluginManager:220 - loadIPPluginJar : add hash
2023-10-17 12:15:20,810 [INFO] IPUIPlugin:80 - create IPUIPlugin
2023-10-17 12:15:20,810 [INFO] PluginManager:220 - loadIPPluginJar : add tim
2023-10-17 12:15:20,811 [INFO] IPUIPlugin:80 - create IPUIPlugin
2023-10-17 12:15:20,811 [INFO] PluginManager:220 - loadIPPluginJar : add tsc
2023-10-17 12:15:20,813 [INFO] IPUIPlugin:80 - create IPUIPlugin
2023-10-17 12:15:20,813 [INFO] PluginManager:220 - loadIPPluginJar : add ts
2023-10-17 12:15:20,814 [INFO] IPUIPlugin:80 - create IPUIPlugin
2023-10-17 12:15:20,814 [INFO] PluginManager:220 - loadIPPluginJar : add can
2023-10-17 12:15:20,816 [INFO] IPUIPlugin:80 - create IPUIPlugin
2023-10-17 12:15:20,816 [INFO] PluginManager:220 - loadIPPluginJar : add dma3
2023-10-17 12:15:20,818 [INFO] IPUIPlugin:80 - create IPUIPlugin
2023-10-17 12:15:20,818 [INFO] PluginManager:220 - loadIPPluginJar : add dfsdm
2023-10-17 12:15:20,819 [INFO] IPUIPlugin:80 - create IPUIPlugin
2023-10-17 12:15:20,819 [INFO] PluginManager:220 - loadIPPluginJar : add spi
2023-10-17 12:15:20,821 [INFO] IPUIPlugin:80 - create IPUIPlugin
2023-10-17 12:15:20,821 [INFO] PluginManager:220 - loadIPPluginJar : add gfxmmu
2023-10-17 12:15:20,822 [INFO] IPUIPlugin:80 - create IPUIPlugin
2023-10-17 12:15:20,822 [INFO] PluginManager:220 - loadIPPluginJar : add genericplugin
2023-10-17 12:15:20,823 [INFO] IPUIPlugin:80 - create IPUIPlugin
2023-10-17 12:15:20,823 [INFO] PluginManager:220 - loadIPPluginJar : add cryp
2023-10-17 12:15:20,826 [INFO] IPUIPlugin:80 - create IPUIPlugin
2023-10-17 12:15:20,826 [INFO] PluginManager:220 - loadIPPluginJar : add gpio
2023-10-17 12:15:20,827 [INFO] IPUIPlugin:80 - create IPUIPlugin
2023-10-17 12:15:20,827 [INFO] PluginManager:220 - loadIPPluginJar : add comp
2023-10-17 12:15:20,830 [INFO] IPUIPlugin:80 - create IPUIPlugin
2023-10-17 12:15:20,830 [INFO] PluginManager:220 - loadIPPluginJar : add tracer_emb
2023-10-17 12:15:20,832 [INFO] IPUIPlugin:80 - create IPUIPlugin
2023-10-17 12:15:20,832 [INFO] PluginManager:220 - loadIPPluginJar : add openamp
2023-10-17 12:15:20,836 [INFO] IPUIPlugin:80 - create IPUIPlugin
2023-10-17 12:15:20,836 [INFO] PluginManager:220 - loadIPPluginJar : add stm32_wpan
2023-10-17 12:15:20,840 [INFO] IPUIPlugin:80 - create IPUIPlugin
2023-10-17 12:15:20,844 [INFO] PluginManager:220 - loadIPPluginJar : add plateformsettings
2023-10-17 12:15:20,847 [INFO] IPUIPlugin:80 - create IPUIPlugin
2023-10-17 12:15:20,848 [INFO] PluginManager:220 - loadIPPluginJar : add ipddr
2023-10-17 12:15:20,849 [INFO] IPUIPlugin:80 - create IPUIPlugin
2023-10-17 12:15:20,850 [INFO] PluginManager:220 - loadIPPluginJar : add usart
2023-10-17 12:15:20,851 [INFO] IPUIPlugin:80 - create IPUIPlugin
2023-10-17 12:15:20,851 [INFO] PluginManager:220 - loadIPPluginJar : add ltdc
2023-10-17 12:15:20,853 [INFO] IPUIPlugin:80 - create IPUIPlugin
2023-10-17 12:15:20,853 [INFO] PluginManager:220 - loadIPPluginJar : add nvic
2023-10-17 12:15:20,853 [INFO] IPUIPlugin:80 - create IPUIPlugin
2023-10-17 12:15:20,854 [INFO] PluginManager:220 - loadIPPluginJar : add fatfs
2023-10-17 12:15:20,858 [INFO] IPUIPlugin:80 - create IPUIPlugin
2023-10-17 12:15:20,858 [INFO] PluginManager:220 - loadIPPluginJar : add linkedlist
2023-10-17 12:15:20,862 [INFO] IPUIPlugin:80 - create IPUIPlugin
2023-10-17 12:15:20,862 [INFO] PluginManager:220 - loadIPPluginJar : add dma
2023-10-17 12:15:20,864 [INFO] IPUIPlugin:80 - create IPUIPlugin
2023-10-17 12:15:20,864 [INFO] PluginManager:220 - loadIPPluginJar : add fmc
2023-10-17 12:15:20,866 [INFO] IPUIPlugin:80 - create IPUIPlugin
2023-10-17 12:15:20,866 [INFO] PluginManager:220 - loadIPPluginJar : add i2s
2023-10-17 12:15:20,867 [INFO] IPUIPlugin:80 - create IPUIPlugin
2023-10-17 12:15:20,867 [INFO] PluginManager:220 - loadIPPluginJar : add ucpd
2023-10-17 12:15:20,868 [INFO] IPUIPlugin:80 - create IPUIPlugin
2023-10-17 12:15:20,868 [INFO] PluginManager:220 - loadIPPluginJar : add lorawan
2023-10-17 12:15:20,870 [INFO] IPUIPlugin:80 - create IPUIPlugin
2023-10-17 12:15:20,870 [INFO] PluginManager:220 - loadIPPluginJar : add opamp
2023-10-17 12:15:20,872 [INFO] IPUIPlugin:80 - create IPUIPlugin
2023-10-17 12:15:20,872 [INFO] PluginManager:220 - loadIPPluginJar : add i3c
2023-10-17 12:15:20,873 [INFO] IPUIPlugin:80 - create IPUIPlugin
2023-10-17 12:15:20,873 [INFO] PluginManager:220 - loadIPPluginJar : add touchsensing
2023-10-17 12:15:20,875 [INFO] IPUIPlugin:80 - create IPUIPlugin
2023-10-17 12:15:20,875 [INFO] PluginManager:220 - loadIPPluginJar : add i2c
2023-10-17 12:15:20,879 [INFO] IPUIPlugin:80 - create IPUIPlugin
2023-10-17 12:15:20,879 [INFO] PluginManager:220 - loadIPPluginJar : add resmgrutility
2023-10-17 12:15:20,882 [INFO] IPUIPlugin:80 - create IPUIPlugin
2023-10-17 12:15:20,882 [INFO] PluginManager:220 - loadIPPluginJar : add sai
2023-10-17 12:15:20,884 [INFO] IPUIPlugin:80 - create IPUIPlugin
2023-10-17 12:15:20,884 [INFO] PluginManager:220 - loadIPPluginJar : add usbx
2023-10-17 12:15:21,007 [INFO] CADModel:165 - CPN selected for project level
2023-10-17 12:15:21,008 [INFO] CADModel:114 - Register for checkConnection events
2023-10-17 12:15:21,008 [FATAL] Updater:308 - Updater called before beeing initialized
2023-10-17 12:15:21,008 [ERROR] CADModel:125 - Updater not yet initialized, retry later 
2023-10-17 12:15:21,232 [INFO] CADModel:165 - CPN selected for project level
2023-10-17 12:15:21,232 [INFO] CADModel:114 - Register for checkConnection events
2023-10-17 12:15:21,232 [FATAL] Updater:308 - Updater called before beeing initialized
2023-10-17 12:15:21,232 [ERROR] CADModel:125 - Updater not yet initialized, retry later 
2023-10-17 12:15:21,235 [FATAL] Updater:308 - Updater called before beeing initialized
2023-10-17 12:15:21,375 [FATAL] Updater:308 - Updater called before beeing initialized
2023-10-17 12:15:21,381 [INFO] DbMcusAds:53 - JSON generation date=Tue Mar 07 08:50:55 GMT 2023 (1678179055114)
2023-10-17 12:15:21,381 [FATAL] Updater:308 - Updater called before beeing initialized
2023-10-17 12:15:21,435 [WARN] DetailPanel:346 - Failed to get advertising image, set to default
2023-10-17 12:15:21,534 [FATAL] Updater:308 - Updater called before beeing initialized
2023-10-17 12:15:21,545 [FATAL] Updater:308 - Updater called before beeing initialized
2023-10-17 12:15:21,546 [FATAL] Updater:308 - Updater called before beeing initialized
2023-10-17 12:15:21,546 [WARN] DetailPanel:346 - Failed to get advertising image, set to default
2023-10-17 12:15:21,556 [FATAL] Updater:308 - Updater called before beeing initialized
2023-10-17 12:15:21,651 [ERROR] Updater:1120 - MainUpdater not yet initialized. External WinMGr cannot be set.
2023-10-17 12:15:21,704 [INFO] Updater:1056 - Updater Version found : 6.9.2
2023-10-17 12:15:21,718 [INFO] ApplicationProperties:184 - Using Application install path: /Applications/STM32CubeIDE.app/Contents/Eclipse/plugins/com.st.stm32cube.common.mx_6.9.2.202309101412
2023-10-17 12:15:22,283 [INFO] MainUpdater:2868 - connection check result : 10
2023-10-17 12:15:22,285 [INFO] MainUpdater:285 - Updater Check For Update Now.
2023-10-17 12:15:22,285 [INFO] MicroXplorer:498 - Change Database Version : DB.6.0.92
2023-10-17 12:15:22,299 [INFO] McuFinderGlobals:63 - Set McuFinder mode to 2 (CubeIDE integrated)
2023-10-17 12:15:22,534 [INFO] CheckServerUpdateThread:120 - End of CheckServer Thread
2023-10-17 12:15:23,394 [WARN] PackLoader:240 - Cannot read IP mode file for STMicroelectronics.X-CUBE-SMBUS.2.1.0
2023-10-17 12:15:23,461 [WARN] PackLoader:240 - Cannot read IP mode file for STMicroelectronics.X-CUBE-AZRTOS-F7.1.1.0
2023-10-17 12:15:23,501 [WARN] PackLoader:240 - Cannot read IP mode file for STMicroelectronics.FP-SNS-MOTENV1.4.3.2
2023-10-17 12:15:23,524 [WARN] PackLoader:240 - Cannot read IP mode file for STMicroelectronics.FP-SNS-FLIGHT1.5.0.2
2023-10-17 12:15:23,543 [WARN] PackLoader:240 - Cannot read IP mode file for STMicroelectronics.X-CUBE-DISPLAY.3.0.0
2023-10-17 12:15:23,572 [WARN] PackLoader:240 - Cannot read IP mode file for STMicroelectronics.X-CUBE-BLE1.7.0.0
2023-10-17 12:15:23,592 [WARN] PackLoader:240 - Cannot read IP mode file for emotas.I-CUBE-CANOPEN.1.3.0
2023-10-17 12:15:23,602 [WARN] PackLoader:240 - Cannot read IP mode file for STMicroelectronics.X-CUBE-TOUCHGFX.4.22.0
2023-10-17 12:15:23,606 [WARN] PackLoader:240 - Cannot read IP mode file for STMicroelectronics.X-CUBE-TOUCHGFX.4.22.1
2023-10-17 12:15:23,614 [WARN] PackLoader:240 - Cannot read IP mode file for STMicroelectronics.FP-SNS-SMARTAG2.1.2.0
2023-10-17 12:15:23,634 [INFO] LogOutputStream:77 - [STDOUT_REDIRECT] 1 : Invalid condition id : UX_CORESTACK_Condition cause : null
2023-10-17 12:15:23,635 [INFO] LogOutputStream:77 - [STDOUT_REDIRECT] 1 : Invalid condition id : UX_CORESTACK_Condition cause : null
2023-10-17 12:15:23,635 [INFO] LogOutputStream:77 - [STDOUT_REDIRECT] 1 : Invalid condition id : UX_CORESTACK_Condition cause : null
2023-10-17 12:15:23,635 [INFO] LogOutputStream:77 - [STDOUT_REDIRECT] 1 : Invalid condition id : UX_CORESTACK_Condition cause : null
2023-10-17 12:15:23,635 [INFO] LogOutputStream:77 - [STDOUT_REDIRECT] 1 : Invalid condition id : UX_CORESTACK_Condition cause : null
2023-10-17 12:15:23,645 [WARN] PackLoader:240 - Cannot read IP mode file for STMicroelectronics.X-CUBE-AZRTOS-WL.2.0.0
2023-10-17 12:15:23,674 [WARN] PackLoader:240 - Cannot read IP mode file for WES.I-CUBE-Cesium.1.3.0
2023-10-17 12:15:23,703 [WARN] PackLoader:240 - Cannot read IP mode file for STMicroelectronics.X-CUBE-BLE2.3.3.0
2023-10-17 12:15:23,742 [WARN] PackLoader:240 - Cannot read IP mode file for STMicroelectronics.X-CUBE-ALGOBUILD.1.3.0
2023-10-17 12:15:23,779 [WARN] PackLoader:240 - Cannot read IP mode file for STMicroelectronics.X-CUBE-AZRTOS-G0.1.1.0
2023-10-17 12:15:23,801 [WARN] PackLoader:240 - Cannot read IP mode file for STMicroelectronics.X-CUBE-NFC4.3.0.0
2023-10-17 12:15:23,822 [WARN] PackLoader:240 - Cannot read IP mode file for STMicroelectronics.FP-ATR-SIGFOX1.3.2.0
2023-10-17 12:15:23,933 [WARN] PackLoader:240 - Cannot read IP mode file for SEGGER.I-CUBE-embOS.1.3.1
2023-10-17 12:15:24,030 [WARN] PackLoader:240 - Cannot read IP mode file for STMicroelectronics.X-CUBE-GNSS1.6.0.0
2023-10-17 12:15:24,078 [WARN] PackLoader:240 - Cannot read IP mode file for STMicroelectronics.X-CUBE-AZRTOS-F4.1.1.0
2023-10-17 12:15:24,101 [WARN] PackLoader:240 - Cannot read IP mode file for wolfSSL.I-CUBE-wolfSSL.5.6.3
2023-10-17 12:15:24,221 [WARN] PackLoader:240 - Cannot read IP mode file for STMicroelectronics.X-CUBE-AZRTOS-L5.2.0.0
2023-10-17 12:15:24,339 [WARN] PackLoader:240 - Cannot read IP mode file for STMicroelectronics.X-CUBE-MEMS1.9.6.0
2023-10-17 12:15:24,563 [WARN] PackLoader:240 - Cannot read IP mode file for ITTIA_DB.I-CUBE-ITTIADB.8.8.0
2023-10-17 12:15:24,598 [WARN] PackLoader:240 - Cannot read IP mode file for STMicroelectronics.X-CUBE-BLEMGR.2.0.0
2023-10-17 12:15:24,643 [WARN] ConditionMgr:438 - getConditionDescription Invalid condition id : UX DEVICE CLASS RTOS Condition cause : null
2023-10-17 12:15:24,644 [WARN] ConditionMgr:438 - getConditionDescription Invalid condition id : UX DEVICE CLASS RTOS Condition cause : null
2023-10-17 12:15:24,650 [WARN] PackLoader:240 - Cannot read IP mode file for STMicroelectronics.X-CUBE-AZRTOS-H7.3.1.0
2023-10-17 12:15:24,653 [WARN] ConditionMgr:1039 - genDependencies : Invalid condition id : UX DEVICE CLASS RTOS Condition cause : null
2023-10-17 12:15:24,653 [WARN] ConditionMgr:1039 - genDependencies : Invalid condition id : UX DEVICE CLASS RTOS Condition cause : null
2023-10-17 12:15:24,654 [WARN] ConditionMgr:1039 - genDependencies : Invalid condition id : UX DEVICE CLASS RTOS Condition cause : null
2023-10-17 12:15:24,655 [WARN] ConditionMgr:1039 - genDependencies : Invalid condition id : UX DEVICE CLASS RTOS Condition cause : null
2023-10-17 12:15:24,655 [WARN] ConditionMgr:1039 - genDependencies : Invalid condition id : UX DEVICE CLASS RTOS Condition cause : null
2023-10-17 12:15:24,684 [WARN] PackLoader:240 - Cannot read IP mode file for STMicroelectronics.X-CUBE-NFC7.1.0.1
2023-10-17 12:15:24,704 [WARN] PackLoader:240 - Cannot read IP mode file for STMicroelectronics.X-CUBE-NFC6.3.0.0
2023-10-17 12:15:24,714 [WARN] PackLoader:240 - Cannot read IP mode file for STMicroelectronics.X-CUBE-EEPRMA1.4.1.0
2023-10-17 12:15:24,729 [WARN] PackLoader:240 - Cannot read IP mode file for STMicroelectronics.X-CUBE-AI.8.1.0
2023-10-17 12:15:24,772 [WARN] ConditionMgr:438 - getConditionDescription Invalid condition id : LAN8742 Phy interface Condition cause : null
2023-10-17 12:15:24,773 [WARN] PackLoader:240 - Cannot read IP mode file for STMicroelectronics.X-CUBE-AZRTOS-L4.2.0.0
2023-10-17 12:15:24,776 [WARN] ConditionMgr:1039 - genDependencies : Invalid condition id : LAN8742 Phy interface Condition cause : null
2023-10-17 12:15:24,776 [WARN] ConditionMgr:1039 - genDependencies : Invalid condition id : LAN8742 Phy interface Condition cause : null
2023-10-17 12:15:24,777 [WARN] ConditionMgr:1039 - genDependencies : Invalid condition id : LAN8742 Phy interface Condition cause : null
2023-10-17 12:15:24,790 [WARN] PackLoader:240 - Cannot read IP mode file for STMicroelectronics.X-CUBE-SFXS2LP1.4.0.0
2023-10-17 12:15:24,796 [WARN] PackLoader:240 - Cannot read IP mode file for STMicroelectronics.X-CUBE-ISPU.1.1.0
2023-10-17 12:15:24,812 [WARN] ConditionMgr:438 - getConditionDescription Invalid condition id : UX DEVICE CLASS RTOS Condition cause : null
2023-10-17 12:15:24,812 [WARN] ConditionMgr:438 - getConditionDescription Invalid condition id : UX DEVICE CLASS RTOS Condition cause : null
2023-10-17 12:15:24,816 [WARN] PackLoader:240 - Cannot read IP mode file for STMicroelectronics.X-CUBE-AZRTOS-WB.2.0.0
2023-10-17 12:15:24,817 [WARN] ConditionMgr:1039 - genDependencies : Invalid condition id : UX DEVICE CLASS RTOS Condition cause : null
2023-10-17 12:15:24,818 [WARN] ConditionMgr:1039 - genDependencies : Invalid condition id : UX DEVICE CLASS RTOS Condition cause : null
2023-10-17 12:15:24,818 [WARN] ConditionMgr:1039 - genDependencies : Invalid condition id : UX DEVICE CLASS RTOS Condition cause : null
2023-10-17 12:15:24,819 [WARN] ConditionMgr:1039 - genDependencies : Invalid condition id : UX DEVICE CLASS RTOS Condition cause : null
2023-10-17 12:15:24,819 [WARN] ConditionMgr:1039 - genDependencies : Invalid condition id : UX DEVICE CLASS RTOS Condition cause : null
2023-10-17 12:15:24,832 [WARN] PackLoader:240 - Cannot read IP mode file for STMicroelectronics.X-CUBE-SUBG2.5.0.0
2023-10-17 12:15:24,852 [WARN] PackLoader:240 - Cannot read IP mode file for STMicroelectronics.X-CUBE-TOF1.3.3.1
2023-10-17 12:15:24,876 [WARN] PackLoader:240 - Cannot read IP mode file for STMicroelectronics.X-CUBE-AZRTOS-G4.2.0.0
2023-10-17 12:15:24,896 [WARN] PackLoader:240 - Cannot read IP mode file for Infineon.AIROC-Wi-Fi-Bluetooth-STM32.1.5.1
2023-10-17 12:15:24,911 [WARN] PackLoader:240 - Cannot read IP mode file for STMicroelectronics.X-CUBE-FREERTOS.1.1.0
2023-10-17 12:15:24,920 [WARN] PackLoader:240 - Cannot read IP mode file for portGmbH.I-Cube-SoM-uGOAL.1.1.0
2023-10-17 12:15:24,924 [WARN] PackLoader:240 - Cannot read IP mode file for STMicroelectronics.X-CUBE-ALS.1.0.1
2023-10-17 12:15:24,927 [WARN] PackLoader:240 - Cannot read IP mode file for STMicroelectronics.FP-ATR-ASTRA1.2.0.0
2023-10-17 12:15:24,935 [INFO] ThirdParty:978 - Integrity check success = true
2023-10-17 12:15:24,936 [INFO] IntegrityCheckThread:100 - exiting critical section [integrity check]
2023-10-17 12:15:24,936 [INFO] IntegrityCheckThread:103 - End integrity checks thread
2023-10-17 12:15:38,204 [ERROR] LogOutputStream:75 - [STDERR_REDIRECT] SLF4J: Failed to load class "org.slf4j.impl.StaticLoggerBinder".
2023-10-17 12:15:38,205 [ERROR] LogOutputStream:75 - [STDERR_REDIRECT] SLF4J: Defaulting to no-operation (NOP) logger implementation
2023-10-17 12:15:38,205 [ERROR] LogOutputStream:75 - [STDERR_REDIRECT] SLF4J: See http://www.slf4j.org/codes.html#StaticLoggerBinder for further details.
