2023-08-30 22:57:20,488 [INFO] Activator:176 - 


2023-08-30 22:57:20,490 [INFO] Activator:177 - !SESSION log4j initialized
2023-08-30 22:57:22,007 [ERROR] LogOutputStream:75 - [STDERR_REDIRECT] 
2023-08-30 22:57:22,761 [INFO] LogOutputStream:77 - [STDOUT_REDIRECT] 
2023-08-30 22:57:24,587 [INFO] LogOutputStream:77 - [STDOUT_REDIRECT] 
2023-08-30 22:57:26,538 [INFO] ApplicationProperties:184 - Using Application install path: /Applications/STM32CubeIDE.app/Contents/Eclipse/plugins/com.st.stm32cube.common.mx_6.9.1.202307191849
2023-08-30 22:57:26,551 [INFO] DbMcusXml:78 - Set database path to: /Applications/STM32CubeIDE.app/Contents/Eclipse/plugins/com.st.stm32cube.common.mx_6.9.1.202307191849//db//mcu/
2023-08-30 22:57:26,551 [INFO] ApiDb:274 - Set plugin database path to: /Applications/STM32CubeIDE.app/Contents/Eclipse/plugins/com.st.stm32cube.common.mx_6.9.1.202307191849//db//plugins/boardmanager/
2023-08-30 22:57:26,553 [WARN] ApiDb:259 - Overriding images path with different value:  => /Applications/STM32CubeIDE.app/Contents/Eclipse/plugins/com.st.stm32cube.common.mx_6.9.1.202307191849//db//plugins/mcufinder/images/
2023-08-30 22:57:26,569 [INFO] ApiDb:250 - Set database path to: /Users/mariestahaab/.stmcufinder/plugins/mcufinder//mcu/
2023-08-30 22:57:26,570 [INFO] DbMcusAds:125 - Set database path to: /Users/mariestahaab/.stmcufinder/plugins/mcufinder//mcu/
2023-08-30 22:57:26,571 [INFO] CrossReferenceDbSqlite:203 - Set database path to: /Users/mariestahaab/.stmcufinder/plugins/mcufinder//mcu/cs/
2023-08-30 22:57:26,771 [INFO] RulesReader:64 - Compatibility file has been processed (293 Rules)
2023-08-30 22:57:26,864 [INFO] DbMcusXml:78 - Set database path to: /Applications/STM32CubeIDE.app/Contents/Eclipse/plugins/com.st.stm32cube.common.mx_6.9.1.202307191849//db//mcu/
2023-08-30 22:57:26,864 [INFO] ApiDb:274 - Set plugin database path to: /Applications/STM32CubeIDE.app/Contents/Eclipse/plugins/com.st.stm32cube.common.mx_6.9.1.202307191849//db//plugins/boardmanager/
2023-08-30 22:57:26,865 [INFO] ApiDb:261 - Set plugin images path to: /Applications/STM32CubeIDE.app/Contents/Eclipse/plugins/com.st.stm32cube.common.mx_6.9.1.202307191849//db//plugins/mcufinder/images/
2023-08-30 22:57:26,867 [WARN] DbFile:41 - Overriding database path with different value: /Users/mariestahaab/.stmcufinder/plugins/mcufinder/ => /Users/mariestahaab/.stmcufinder/plugins/mcufinder
2023-08-30 22:57:26,867 [INFO] ApiDb:250 - Set database path to: /Users/mariestahaab/.stmcufinder/plugins/mcufinder//mcu/
2023-08-30 22:57:26,867 [WARN] DbFile:41 - Overriding database path with different value: /Users/mariestahaab/.stmcufinder/plugins/mcufinder/ => /Users/mariestahaab/.stmcufinder/plugins/mcufinder
2023-08-30 22:57:26,867 [INFO] DbMcusAds:125 - Set database path to: /Users/mariestahaab/.stmcufinder/plugins/mcufinder//mcu/
2023-08-30 22:57:26,867 [WARN] DbFile:41 - Overriding database path with different value: /Users/mariestahaab/.stmcufinder/plugins/mcufinder/ => /Users/mariestahaab/.stmcufinder/plugins/mcufinder
2023-08-30 22:57:26,867 [WARN] DbFile:41 - Overriding database path with different value: /Users/mariestahaab/.stmcufinder/plugins/mcufinder/ => /Users/mariestahaab/.stmcufinder/plugins/mcufinder
2023-08-30 22:57:26,867 [INFO] CrossReferenceDbSqlite:203 - Set database path to: /Users/mariestahaab/.stmcufinder/plugins/mcufinder//mcu/cs/
2023-08-30 22:57:26,959 [INFO] MainPanel:262 - HeapMemory: 305135616
2023-08-30 22:57:27,070 [INFO] DbMcusXml:78 - Set database path to: /Applications/STM32CubeIDE.app/Contents/Eclipse/plugins/com.st.stm32cube.common.mx_6.9.1.202307191849//db//mcu/
2023-08-30 22:57:27,070 [INFO] ApiDb:274 - Set plugin database path to: /Applications/STM32CubeIDE.app/Contents/Eclipse/plugins/com.st.stm32cube.common.mx_6.9.1.202307191849//db//plugins/boardmanager/
2023-08-30 22:57:27,070 [INFO] ApiDb:261 - Set plugin images path to: /Applications/STM32CubeIDE.app/Contents/Eclipse/plugins/com.st.stm32cube.common.mx_6.9.1.202307191849//db//plugins/mcufinder/images/
2023-08-30 22:57:27,071 [WARN] DbFile:41 - Overriding database path with different value: /Users/mariestahaab/.stmcufinder/plugins/mcufinder/ => /Users/mariestahaab/.stmcufinder/plugins/mcufinder
2023-08-30 22:57:27,071 [INFO] ApiDb:250 - Set database path to: /Users/mariestahaab/.stmcufinder/plugins/mcufinder//mcu/
2023-08-30 22:57:27,071 [WARN] DbFile:41 - Overriding database path with different value: /Users/mariestahaab/.stmcufinder/plugins/mcufinder/ => /Users/mariestahaab/.stmcufinder/plugins/mcufinder
2023-08-30 22:57:27,071 [INFO] DbMcusAds:125 - Set database path to: /Users/mariestahaab/.stmcufinder/plugins/mcufinder//mcu/
2023-08-30 22:57:27,071 [WARN] DbFile:41 - Overriding database path with different value: /Users/mariestahaab/.stmcufinder/plugins/mcufinder/ => /Users/mariestahaab/.stmcufinder/plugins/mcufinder
2023-08-30 22:57:27,071 [WARN] DbFile:41 - Overriding database path with different value: /Users/mariestahaab/.stmcufinder/plugins/mcufinder/ => /Users/mariestahaab/.stmcufinder/plugins/mcufinder
2023-08-30 22:57:27,071 [INFO] CrossReferenceDbSqlite:203 - Set database path to: /Users/mariestahaab/.stmcufinder/plugins/mcufinder//mcu/cs/
2023-08-30 22:57:27,088 [INFO] ApplicationProperties:184 - Using Application install path: /Applications/STM32CubeIDE.app/Contents/Eclipse/plugins/com.st.stm32cube.common.mx_6.9.1.202307191849
2023-08-30 22:57:27,090 [INFO] PluginManage:196 - Search for loadable plugins [exclusion list=, ]
2023-08-30 22:57:27,093 [INFO] PluginManage:310 - Check plugin analytics
2023-08-30 22:57:27,356 [INFO] AnalyticsPlugin:253 - Accepted Software Licenses: 
2023-08-30 22:57:27,356 [INFO] AnalyticsPlugin:255 - Accepted CMSIS Pack Licenses: 
2023-08-30 22:57:27,356 [INFO] AnalyticsPlugin:257 - Accepted Firmware Licenses: FW.F4.1.27.0
2023-08-30 22:57:27,364 [INFO] PluginManage:359 - Loaded plugin analytics (category:tool,tabindex:-1)
2023-08-30 22:57:27,365 [INFO] PluginManage:310 - Check plugin cadmodel
2023-08-30 22:57:27,614 [INFO] CADModel:105 - Init CAD model plugin
2023-08-30 22:57:27,615 [INFO] PluginManage:359 - Loaded plugin cadmodel (category:power,tabindex:5)
2023-08-30 22:57:27,616 [INFO] PluginManage:310 - Check plugin clock
2023-08-30 22:57:27,624 [INFO] PluginManage:359 - Loaded plugin clock (category:base,tabindex:2)
2023-08-30 22:57:27,625 [INFO] PluginManage:310 - Check plugin ddr
2023-08-30 22:57:27,626 [INFO] PluginManage:359 - Loaded plugin ddr (category:tool,tabindex:6)
2023-08-30 22:57:27,626 [INFO] PluginManage:310 - Check plugin filemanager
2023-08-30 22:57:27,790 [INFO] PluginManage:359 - Loaded plugin filemanager (category:base,tabindex:10)
2023-08-30 22:57:27,791 [INFO] PluginManage:310 - Check plugin ipmanager
2023-08-30 22:57:27,806 [INFO] PluginManage:359 - Loaded plugin ipmanager (category:base,tabindex:5)
2023-08-30 22:57:27,806 [INFO] PluginManage:310 - Check plugin lpbam
2023-08-30 22:57:27,821 [INFO] PluginManage:359 - Loaded plugin lpbam (category:base,tabindex:0)
2023-08-30 22:57:27,822 [INFO] PluginManage:310 - Check plugin memorymap
2023-08-30 22:57:27,846 [INFO] PluginManage:359 - Loaded plugin memorymap (category:base,tabindex:4)
2023-08-30 22:57:27,846 [INFO] PluginManage:310 - Check plugin pinoutandconfiguration
2023-08-30 22:57:27,854 [INFO] PluginManage:359 - Loaded plugin pinoutandconfiguration (category:base,tabindex:1)
2023-08-30 22:57:27,855 [INFO] PluginManage:310 - Check plugin pinoutconfig
2023-08-30 22:57:27,972 [WARN] SupportedApi:132 - Cannot load RTOS API schema: s4s-elt-must-match.1: The content of 'definitions' must match (annotation?, (simpleType | complexType)?, (unique | key | keyref)*)). A problem was found starting at: attribute.
2023-08-30 22:57:28,222 [INFO] PluginManage:359 - Loaded plugin pinoutconfig (category:base,tabindex:0)
2023-08-30 22:57:28,224 [INFO] PluginManage:310 - Check plugin power
2023-08-30 22:57:28,244 [INFO] PluginManage:359 - Loaded plugin power (category:power,tabindex:4)
2023-08-30 22:57:28,245 [INFO] PluginManage:310 - Check plugin projectmanager
2023-08-30 22:57:28,278 [INFO] PluginManage:359 - Loaded plugin projectmanager (category:projectmanager,tabindex:3)
2023-08-30 22:57:28,278 [INFO] PluginManage:310 - Check plugin thirdparty
2023-08-30 22:57:28,444 [INFO] PluginManage:359 - Loaded plugin thirdparty (category:base,tabindex:-1)
2023-08-30 22:57:28,446 [INFO] PluginManage:310 - Check plugin tools
2023-08-30 22:57:28,444 [WARN] IntegrityCheckThread:84 - waiting for thirdparty lock release [integrity check]
2023-08-30 22:57:28,447 [INFO] IntegrityCheckThread:86 - entering critical section [integrity check]
2023-08-30 22:57:28,448 [INFO] ThirdPartyUpdaterWithRetryManager:70 - Updater plugin not ready yet. [1/15]
2023-08-30 22:57:28,452 [INFO] PluginManage:359 - Loaded plugin tools (category:base,tabindex:7)
2023-08-30 22:57:28,452 [INFO] PluginManage:310 - Check plugin tutovideos
2023-08-30 22:57:28,596 [INFO] PluginManage:359 - Loaded plugin tutovideos (category:base,tabindex:-1)
2023-08-30 22:57:28,597 [INFO] PluginManage:310 - Check plugin updater
2023-08-30 22:57:28,608 [INFO] PluginManage:359 - Loaded plugin updater (category:base,tabindex:12)
2023-08-30 22:57:28,608 [INFO] PluginManage:310 - Check plugin userauth
2023-08-30 22:57:28,614 [INFO] UserAuth:113 - Init User Auth plugin
2023-08-30 22:57:28,614 [INFO] PluginManage:359 - Loaded plugin userauth (category:base,tabindex:14)
2023-08-30 22:57:28,615 [INFO] PluginManage:283 - PluginManage : Loaded plugins [17]
2023-08-30 22:57:28,845 [INFO] PinOutPanel:1499 - setPackage(No Configuration,No Configuration)
2023-08-30 22:57:28,936 [INFO] CADModel:165 - CPN selected for project level
2023-08-30 22:57:28,936 [INFO] CADModel:114 - Register for checkConnection events
2023-08-30 22:57:28,943 [INFO] IPUIPlugin:80 - create IPUIPlugin
2023-08-30 22:57:28,943 [INFO] PluginManager:220 - loadIPPluginJar : add mdma
2023-08-30 22:57:28,947 [INFO] IPUIPlugin:80 - create IPUIPlugin
2023-08-30 22:57:28,948 [INFO] PluginManager:220 - loadIPPluginJar : add freertos
2023-08-30 22:57:28,950 [INFO] IPUIPlugin:80 - create IPUIPlugin
2023-08-30 22:57:28,950 [INFO] PluginManager:220 - loadIPPluginJar : add gic
2023-08-30 22:57:28,955 [INFO] IPUIPlugin:80 - create IPUIPlugin
2023-08-30 22:57:28,955 [INFO] PluginManager:220 - loadIPPluginJar : add adc
2023-08-30 22:57:28,956 [INFO] IPUIPlugin:80 - create IPUIPlugin
2023-08-30 22:57:28,956 [INFO] PluginManager:220 - loadIPPluginJar : add gtzc
2023-08-30 22:57:28,957 [INFO] IPUIPlugin:80 - create IPUIPlugin
2023-08-30 22:57:28,957 [INFO] PluginManager:220 - loadIPPluginJar : add quadspi
2023-08-30 22:57:28,958 [INFO] IPUIPlugin:80 - create IPUIPlugin
2023-08-30 22:57:28,958 [INFO] PluginManager:220 - loadIPPluginJar : add aes
2023-08-30 22:57:28,960 [INFO] IPUIPlugin:80 - create IPUIPlugin
2023-08-30 22:57:28,960 [INFO] PluginManager:220 - loadIPPluginJar : add pdm2pcm
2023-08-30 22:57:28,962 [INFO] IPUIPlugin:80 - create IPUIPlugin
2023-08-30 22:57:28,962 [INFO] PluginManager:220 - loadIPPluginJar : add hash
2023-08-30 22:57:28,963 [INFO] IPUIPlugin:80 - create IPUIPlugin
2023-08-30 22:57:28,963 [INFO] PluginManager:220 - loadIPPluginJar : add tim
2023-08-30 22:57:28,963 [INFO] IPUIPlugin:80 - create IPUIPlugin
2023-08-30 22:57:28,963 [INFO] PluginManager:220 - loadIPPluginJar : add tsc
2023-08-30 22:57:28,964 [INFO] IPUIPlugin:80 - create IPUIPlugin
2023-08-30 22:57:28,964 [INFO] PluginManager:220 - loadIPPluginJar : add ts
2023-08-30 22:57:28,966 [INFO] IPUIPlugin:80 - create IPUIPlugin
2023-08-30 22:57:28,966 [INFO] PluginManager:220 - loadIPPluginJar : add can
2023-08-30 22:57:28,967 [INFO] IPUIPlugin:80 - create IPUIPlugin
2023-08-30 22:57:28,967 [INFO] PluginManager:220 - loadIPPluginJar : add dma3
2023-08-30 22:57:28,969 [INFO] IPUIPlugin:80 - create IPUIPlugin
2023-08-30 22:57:28,969 [INFO] PluginManager:220 - loadIPPluginJar : add dfsdm
2023-08-30 22:57:28,970 [INFO] IPUIPlugin:80 - create IPUIPlugin
2023-08-30 22:57:28,970 [INFO] PluginManager:220 - loadIPPluginJar : add spi
2023-08-30 22:57:28,971 [INFO] IPUIPlugin:80 - create IPUIPlugin
2023-08-30 22:57:28,971 [INFO] PluginManager:220 - loadIPPluginJar : add gfxmmu
2023-08-30 22:57:28,972 [INFO] IPUIPlugin:80 - create IPUIPlugin
2023-08-30 22:57:28,972 [INFO] PluginManager:220 - loadIPPluginJar : add genericplugin
2023-08-30 22:57:28,973 [INFO] IPUIPlugin:80 - create IPUIPlugin
2023-08-30 22:57:28,973 [INFO] PluginManager:220 - loadIPPluginJar : add cryp
2023-08-30 22:57:28,975 [INFO] IPUIPlugin:80 - create IPUIPlugin
2023-08-30 22:57:28,975 [INFO] PluginManager:220 - loadIPPluginJar : add gpio
2023-08-30 22:57:28,976 [INFO] IPUIPlugin:80 - create IPUIPlugin
2023-08-30 22:57:28,977 [INFO] PluginManager:220 - loadIPPluginJar : add comp
2023-08-30 22:57:28,978 [INFO] IPUIPlugin:80 - create IPUIPlugin
2023-08-30 22:57:28,979 [INFO] PluginManager:220 - loadIPPluginJar : add tracer_emb
2023-08-30 22:57:28,980 [INFO] IPUIPlugin:80 - create IPUIPlugin
2023-08-30 22:57:28,980 [INFO] PluginManager:220 - loadIPPluginJar : add openamp
2023-08-30 22:57:28,983 [INFO] IPUIPlugin:80 - create IPUIPlugin
2023-08-30 22:57:28,983 [INFO] PluginManager:220 - loadIPPluginJar : add stm32_wpan
2023-08-30 22:57:28,986 [INFO] IPUIPlugin:80 - create IPUIPlugin
2023-08-30 22:57:28,992 [INFO] PluginManager:220 - loadIPPluginJar : add plateformsettings
2023-08-30 22:57:28,996 [INFO] IPUIPlugin:80 - create IPUIPlugin
2023-08-30 22:57:28,996 [INFO] PluginManager:220 - loadIPPluginJar : add ipddr
2023-08-30 22:57:28,998 [INFO] IPUIPlugin:80 - create IPUIPlugin
2023-08-30 22:57:28,998 [INFO] PluginManager:220 - loadIPPluginJar : add usart
2023-08-30 22:57:28,999 [INFO] IPUIPlugin:80 - create IPUIPlugin
2023-08-30 22:57:28,999 [INFO] PluginManager:220 - loadIPPluginJar : add ltdc
2023-08-30 22:57:29,001 [INFO] IPUIPlugin:80 - create IPUIPlugin
2023-08-30 22:57:29,001 [INFO] PluginManager:220 - loadIPPluginJar : add nvic
2023-08-30 22:57:29,002 [INFO] IPUIPlugin:80 - create IPUIPlugin
2023-08-30 22:57:29,002 [INFO] PluginManager:220 - loadIPPluginJar : add fatfs
2023-08-30 22:57:29,008 [INFO] IPUIPlugin:80 - create IPUIPlugin
2023-08-30 22:57:29,008 [INFO] PluginManager:220 - loadIPPluginJar : add linkedlist
2023-08-30 22:57:29,011 [INFO] IPUIPlugin:80 - create IPUIPlugin
2023-08-30 22:57:29,011 [INFO] PluginManager:220 - loadIPPluginJar : add dma
2023-08-30 22:57:29,014 [INFO] IPUIPlugin:80 - create IPUIPlugin
2023-08-30 22:57:29,014 [INFO] PluginManager:220 - loadIPPluginJar : add fmc
2023-08-30 22:57:29,015 [INFO] IPUIPlugin:80 - create IPUIPlugin
2023-08-30 22:57:29,015 [INFO] PluginManager:220 - loadIPPluginJar : add i2s
2023-08-30 22:57:29,016 [INFO] IPUIPlugin:80 - create IPUIPlugin
2023-08-30 22:57:29,016 [INFO] PluginManager:220 - loadIPPluginJar : add ucpd
2023-08-30 22:57:29,017 [INFO] IPUIPlugin:80 - create IPUIPlugin
2023-08-30 22:57:29,017 [INFO] PluginManager:220 - loadIPPluginJar : add lorawan
2023-08-30 22:57:29,018 [INFO] IPUIPlugin:80 - create IPUIPlugin
2023-08-30 22:57:29,019 [INFO] PluginManager:220 - loadIPPluginJar : add opamp
2023-08-30 22:57:29,020 [INFO] IPUIPlugin:80 - create IPUIPlugin
2023-08-30 22:57:29,020 [INFO] PluginManager:220 - loadIPPluginJar : add i3c
2023-08-30 22:57:29,021 [INFO] IPUIPlugin:80 - create IPUIPlugin
2023-08-30 22:57:29,021 [INFO] PluginManager:220 - loadIPPluginJar : add touchsensing
2023-08-30 22:57:29,023 [INFO] IPUIPlugin:80 - create IPUIPlugin
2023-08-30 22:57:29,023 [INFO] PluginManager:220 - loadIPPluginJar : add i2c
2023-08-30 22:57:29,026 [INFO] IPUIPlugin:80 - create IPUIPlugin
2023-08-30 22:57:29,026 [INFO] PluginManager:220 - loadIPPluginJar : add resmgrutility
2023-08-30 22:57:29,027 [INFO] IPUIPlugin:80 - create IPUIPlugin
2023-08-30 22:57:29,027 [INFO] PluginManager:220 - loadIPPluginJar : add sai
2023-08-30 22:57:29,029 [INFO] IPUIPlugin:80 - create IPUIPlugin
2023-08-30 22:57:29,029 [INFO] PluginManager:220 - loadIPPluginJar : add usbx
2023-08-30 22:57:29,150 [INFO] CADModel:165 - CPN selected for project level
2023-08-30 22:57:29,151 [INFO] CADModel:114 - Register for checkConnection events
2023-08-30 22:57:29,152 [FATAL] Updater:308 - Updater called before beeing initialized
2023-08-30 22:57:29,153 [ERROR] CADModel:125 - Updater not yet initialized, retry later 
2023-08-30 22:57:29,386 [INFO] CADModel:165 - CPN selected for project level
2023-08-30 22:57:29,387 [INFO] CADModel:114 - Register for checkConnection events
2023-08-30 22:57:29,387 [FATAL] Updater:308 - Updater called before beeing initialized
2023-08-30 22:57:29,387 [ERROR] CADModel:125 - Updater not yet initialized, retry later 
2023-08-30 22:57:29,390 [FATAL] Updater:308 - Updater called before beeing initialized
2023-08-30 22:57:29,538 [FATAL] Updater:308 - Updater called before beeing initialized
2023-08-30 22:57:29,551 [INFO] DbMcusAds:53 - JSON generation date=Tue Mar 07 08:50:55 GMT 2023 (1678179055114)
2023-08-30 22:57:29,551 [FATAL] Updater:308 - Updater called before beeing initialized
2023-08-30 22:57:29,595 [WARN] DetailPanel:346 - Failed to get advertising image, set to default
2023-08-30 22:57:29,666 [FATAL] Updater:308 - Updater called before beeing initialized
2023-08-30 22:57:29,667 [FATAL] Updater:308 - Updater called before beeing initialized
2023-08-30 22:57:29,667 [FATAL] Updater:308 - Updater called before beeing initialized
2023-08-30 22:57:29,668 [WARN] DetailPanel:346 - Failed to get advertising image, set to default
2023-08-30 22:57:29,669 [FATAL] Updater:308 - Updater called before beeing initialized
2023-08-30 22:57:29,732 [ERROR] Updater:1120 - MainUpdater not yet initialized. External WinMGr cannot be set.
2023-08-30 22:57:29,767 [INFO] Updater:1056 - Updater Version found : 6.9.1
2023-08-30 22:57:29,779 [INFO] ApplicationProperties:184 - Using Application install path: /Applications/STM32CubeIDE.app/Contents/Eclipse/plugins/com.st.stm32cube.common.mx_6.9.1.202307191849
2023-08-30 22:57:30,082 [INFO] MainUpdater:2868 - connection check result : 10
2023-08-30 22:57:30,083 [INFO] MainUpdater:285 - Updater Check For Update Now.
2023-08-30 22:57:30,084 [INFO] MicroXplorer:498 - Change Database Version : DB.6.0.91
2023-08-30 22:57:30,095 [INFO] McuFinderGlobals:63 - Set McuFinder mode to 2 (CubeIDE integrated)
2023-08-30 22:57:30,318 [INFO] CheckServerUpdateThread:120 - End of CheckServer Thread
2023-08-30 22:57:31,640 [WARN] PackLoader:240 - Cannot read IP mode file for STMicroelectronics.X-CUBE-SMBUS.2.1.0
2023-08-30 22:57:31,731 [WARN] PackLoader:240 - Cannot read IP mode file for STMicroelectronics.X-CUBE-AZRTOS-F7.1.1.0
2023-08-30 22:57:31,832 [WARN] PackLoader:240 - Cannot read IP mode file for STMicroelectronics.FP-SNS-MOTENV1.4.3.2
2023-08-30 22:57:31,889 [WARN] PackLoader:240 - Cannot read IP mode file for STMicroelectronics.FP-SNS-FLIGHT1.5.0.2
2023-08-30 22:57:31,920 [WARN] PackLoader:240 - Cannot read IP mode file for STMicroelectronics.X-CUBE-DISPLAY.3.0.0
2023-08-30 22:57:31,983 [WARN] PackLoader:240 - Cannot read IP mode file for STMicroelectronics.X-CUBE-BLE1.7.0.0
2023-08-30 22:57:31,998 [WARN] PackLoader:240 - Cannot read IP mode file for emotas.I-CUBE-CANOPEN.1.3.0
2023-08-30 22:57:32,010 [WARN] PackLoader:240 - Cannot read IP mode file for STMicroelectronics.X-CUBE-TOUCHGFX.4.22.0
2023-08-30 22:57:32,031 [INFO] LogOutputStream:77 - [STDOUT_REDIRECT] 1 : Invalid condition id : UX_CORESTACK_Condition cause : null
2023-08-30 22:57:32,034 [INFO] LogOutputStream:77 - [STDOUT_REDIRECT] 1 : Invalid condition id : UX_CORESTACK_Condition cause : null
2023-08-30 22:57:32,035 [INFO] LogOutputStream:77 - [STDOUT_REDIRECT] 1 : Invalid condition id : UX_CORESTACK_Condition cause : null
2023-08-30 22:57:32,035 [INFO] LogOutputStream:77 - [STDOUT_REDIRECT] 1 : Invalid condition id : UX_CORESTACK_Condition cause : null
2023-08-30 22:57:32,035 [INFO] LogOutputStream:77 - [STDOUT_REDIRECT] 1 : Invalid condition id : UX_CORESTACK_Condition cause : null
2023-08-30 22:57:32,046 [WARN] PackLoader:240 - Cannot read IP mode file for STMicroelectronics.X-CUBE-AZRTOS-WL.2.0.0
2023-08-30 22:57:32,068 [WARN] PackLoader:240 - Cannot read IP mode file for WES.I-CUBE-Cesium.1.3.0
2023-08-30 22:57:32,084 [WARN] PackLoader:240 - Cannot read IP mode file for STMicroelectronics.X-CUBE-BLE2.3.3.0
2023-08-30 22:57:32,105 [WARN] PackLoader:240 - Cannot read IP mode file for STMicroelectronics.X-CUBE-ALGOBUILD.1.3.0
2023-08-30 22:57:32,140 [WARN] PackLoader:240 - Cannot read IP mode file for STMicroelectronics.X-CUBE-AZRTOS-G0.1.1.0
2023-08-30 22:57:32,152 [WARN] PackLoader:240 - Cannot read IP mode file for STMicroelectronics.X-CUBE-NFC4.3.0.0
2023-08-30 22:57:32,171 [WARN] PackLoader:240 - Cannot read IP mode file for STMicroelectronics.FP-ATR-SIGFOX1.3.2.0
2023-08-30 22:57:32,242 [WARN] PackLoader:240 - Cannot read IP mode file for SEGGER.I-CUBE-embOS.1.3.1
2023-08-30 22:57:32,334 [WARN] PackLoader:240 - Cannot read IP mode file for STMicroelectronics.X-CUBE-GNSS1.6.0.0
2023-08-30 22:57:32,373 [WARN] PackLoader:240 - Cannot read IP mode file for STMicroelectronics.X-CUBE-AZRTOS-F4.1.1.0
2023-08-30 22:57:32,386 [WARN] PackLoader:240 - Cannot read IP mode file for wolfSSL.I-CUBE-wolfSSL.5.6.3
2023-08-30 22:57:32,421 [WARN] PackLoader:240 - Cannot read IP mode file for STMicroelectronics.X-CUBE-AZRTOS-L5.2.0.0
2023-08-30 22:57:32,509 [WARN] PackLoader:240 - Cannot read IP mode file for STMicroelectronics.X-CUBE-MEMS1.9.6.0
2023-08-30 22:57:32,664 [WARN] PackLoader:240 - Cannot read IP mode file for STMicroelectronics.X-CUBE-BLEMGR.2.0.0
2023-08-30 22:57:32,701 [WARN] ConditionMgr:438 - getConditionDescription Invalid condition id : UX DEVICE CLASS RTOS Condition cause : null
2023-08-30 22:57:32,702 [WARN] ConditionMgr:438 - getConditionDescription Invalid condition id : UX DEVICE CLASS RTOS Condition cause : null
2023-08-30 22:57:32,709 [WARN] PackLoader:240 - Cannot read IP mode file for STMicroelectronics.X-CUBE-AZRTOS-H7.3.1.0
2023-08-30 22:57:32,712 [WARN] ConditionMgr:1039 - genDependencies : Invalid condition id : UX DEVICE CLASS RTOS Condition cause : null
2023-08-30 22:57:32,712 [WARN] ConditionMgr:1039 - genDependencies : Invalid condition id : UX DEVICE CLASS RTOS Condition cause : null
2023-08-30 22:57:32,713 [WARN] ConditionMgr:1039 - genDependencies : Invalid condition id : UX DEVICE CLASS RTOS Condition cause : null
2023-08-30 22:57:32,714 [WARN] ConditionMgr:1039 - genDependencies : Invalid condition id : UX DEVICE CLASS RTOS Condition cause : null
2023-08-30 22:57:32,714 [WARN] ConditionMgr:1039 - genDependencies : Invalid condition id : UX DEVICE CLASS RTOS Condition cause : null
2023-08-30 22:57:32,724 [WARN] PackLoader:240 - Cannot read IP mode file for STMicroelectronics.X-CUBE-NFC7.1.0.1
2023-08-30 22:57:32,737 [WARN] PackLoader:240 - Cannot read IP mode file for STMicroelectronics.X-CUBE-EEPRMA1.4.1.0
2023-08-30 22:57:32,743 [WARN] PackLoader:240 - Cannot read IP mode file for STMicroelectronics.X-CUBE-AI.8.1.0
2023-08-30 22:57:32,763 [WARN] ConditionMgr:438 - getConditionDescription Invalid condition id : LAN8742 Phy interface Condition cause : null
2023-08-30 22:57:32,765 [WARN] PackLoader:240 - Cannot read IP mode file for STMicroelectronics.X-CUBE-AZRTOS-L4.2.0.0
2023-08-30 22:57:32,767 [WARN] ConditionMgr:1039 - genDependencies : Invalid condition id : LAN8742 Phy interface Condition cause : null
2023-08-30 22:57:32,768 [WARN] ConditionMgr:1039 - genDependencies : Invalid condition id : LAN8742 Phy interface Condition cause : null
2023-08-30 22:57:32,769 [WARN] ConditionMgr:1039 - genDependencies : Invalid condition id : LAN8742 Phy interface Condition cause : null
2023-08-30 22:57:32,784 [WARN] PackLoader:240 - Cannot read IP mode file for STMicroelectronics.X-CUBE-SFXS2LP1.4.0.0
2023-08-30 22:57:32,793 [WARN] PackLoader:240 - Cannot read IP mode file for STMicroelectronics.X-CUBE-ISPU.1.1.0
2023-08-30 22:57:32,805 [WARN] ConditionMgr:438 - getConditionDescription Invalid condition id : UX DEVICE CLASS RTOS Condition cause : null
2023-08-30 22:57:32,805 [WARN] ConditionMgr:438 - getConditionDescription Invalid condition id : UX DEVICE CLASS RTOS Condition cause : null
2023-08-30 22:57:32,810 [WARN] PackLoader:240 - Cannot read IP mode file for STMicroelectronics.X-CUBE-AZRTOS-WB.2.0.0
2023-08-30 22:57:32,811 [WARN] ConditionMgr:1039 - genDependencies : Invalid condition id : UX DEVICE CLASS RTOS Condition cause : null
2023-08-30 22:57:32,811 [WARN] ConditionMgr:1039 - genDependencies : Invalid condition id : UX DEVICE CLASS RTOS Condition cause : null
2023-08-30 22:57:32,812 [WARN] ConditionMgr:1039 - genDependencies : Invalid condition id : UX DEVICE CLASS RTOS Condition cause : null
2023-08-30 22:57:32,812 [WARN] ConditionMgr:1039 - genDependencies : Invalid condition id : UX DEVICE CLASS RTOS Condition cause : null
2023-08-30 22:57:32,813 [WARN] ConditionMgr:1039 - genDependencies : Invalid condition id : UX DEVICE CLASS RTOS Condition cause : null
2023-08-30 22:57:32,824 [WARN] PackLoader:240 - Cannot read IP mode file for STMicroelectronics.X-CUBE-SUBG2.5.0.0
2023-08-30 22:57:32,844 [WARN] PackLoader:240 - Cannot read IP mode file for STMicroelectronics.X-CUBE-TOF1.3.3.1
2023-08-30 22:57:32,875 [WARN] PackLoader:240 - Cannot read IP mode file for STMicroelectronics.X-CUBE-AZRTOS-G4.2.0.0
2023-08-30 22:57:32,883 [WARN] PackLoader:240 - Cannot read IP mode file for STMicroelectronics.X-CUBE-FREERTOS.1.1.0
2023-08-30 22:57:32,894 [WARN] PackLoader:240 - Cannot read IP mode file for portGmbH.I-Cube-SoM-uGOAL.1.1.0
2023-08-30 22:57:32,898 [WARN] PackLoader:240 - Cannot read IP mode file for STMicroelectronics.X-CUBE-ALS.1.0.1
2023-08-30 22:57:32,902 [WARN] PackLoader:240 - Cannot read IP mode file for STMicroelectronics.FP-ATR-ASTRA1.2.0.0
2023-08-30 22:57:32,904 [INFO] ThirdParty:978 - Integrity check success = true
2023-08-30 22:57:32,904 [INFO] IntegrityCheckThread:100 - exiting critical section [integrity check]
2023-08-30 22:57:32,904 [INFO] IntegrityCheckThread:103 - End integrity checks thread
