2023-10-25 22:30:31,883 [INFO] Activator:176 - 


2023-10-25 22:30:31,889 [INFO] Activator:177 - !SESSION log4j initialized
2023-10-25 22:30:45,118 [INFO] LogOutputStream:77 - [STDOUT_REDIRECT] 
2023-10-25 22:30:46,295 [ERROR] LogOutputStream:75 - [STDERR_REDIRECT] 
2023-10-25 22:30:46,773 [INFO] LogOutputStream:77 - [STDOUT_REDIRECT] 
2023-10-25 22:30:47,034 [INFO] ApplicationProperties:184 - Using Application install path: /Applications/STM32CubeIDE.app/Contents/Eclipse/plugins/com.st.stm32cube.common.mx_6.9.2.202309101412
2023-10-25 22:30:47,050 [INFO] DbMcusXml:78 - Set database path to: /Applications/STM32CubeIDE.app/Contents/Eclipse/plugins/com.st.stm32cube.common.mx_6.9.2.202309101412//db//mcu/
2023-10-25 22:30:47,050 [INFO] ApiDb:274 - Set plugin database path to: /Applications/STM32CubeIDE.app/Contents/Eclipse/plugins/com.st.stm32cube.common.mx_6.9.2.202309101412//db//plugins/boardmanager/
2023-10-25 22:30:47,051 [WARN] ApiDb:259 - Overriding images path with different value:  => /Applications/STM32CubeIDE.app/Contents/Eclipse/plugins/com.st.stm32cube.common.mx_6.9.2.202309101412//db//plugins/mcufinder/images/
2023-10-25 22:30:47,073 [INFO] ApiDb:250 - Set database path to: /Users/mariestahaab/.stmcufinder/plugins/mcufinder//mcu/
2023-10-25 22:30:47,074 [INFO] DbMcusAds:125 - Set database path to: /Users/mariestahaab/.stmcufinder/plugins/mcufinder//mcu/
2023-10-25 22:30:47,077 [INFO] CrossReferenceDbSqlite:203 - Set database path to: /Users/mariestahaab/.stmcufinder/plugins/mcufinder//mcu/cs/
2023-10-25 22:30:47,212 [INFO] RulesReader:64 - Compatibility file has been processed (293 Rules)
2023-10-25 22:30:47,273 [INFO] DbMcusXml:78 - Set database path to: /Applications/STM32CubeIDE.app/Contents/Eclipse/plugins/com.st.stm32cube.common.mx_6.9.2.202309101412//db//mcu/
2023-10-25 22:30:47,273 [INFO] ApiDb:274 - Set plugin database path to: /Applications/STM32CubeIDE.app/Contents/Eclipse/plugins/com.st.stm32cube.common.mx_6.9.2.202309101412//db//plugins/boardmanager/
2023-10-25 22:30:47,273 [INFO] ApiDb:261 - Set plugin images path to: /Applications/STM32CubeIDE.app/Contents/Eclipse/plugins/com.st.stm32cube.common.mx_6.9.2.202309101412//db//plugins/mcufinder/images/
2023-10-25 22:30:47,274 [WARN] DbFile:41 - Overriding database path with different value: /Users/mariestahaab/.stmcufinder/plugins/mcufinder/ => /Users/mariestahaab/.stmcufinder/plugins/mcufinder
2023-10-25 22:30:47,274 [INFO] ApiDb:250 - Set database path to: /Users/mariestahaab/.stmcufinder/plugins/mcufinder//mcu/
2023-10-25 22:30:47,274 [WARN] DbFile:41 - Overriding database path with different value: /Users/mariestahaab/.stmcufinder/plugins/mcufinder/ => /Users/mariestahaab/.stmcufinder/plugins/mcufinder
2023-10-25 22:30:47,274 [INFO] DbMcusAds:125 - Set database path to: /Users/mariestahaab/.stmcufinder/plugins/mcufinder//mcu/
2023-10-25 22:30:47,275 [WARN] DbFile:41 - Overriding database path with different value: /Users/mariestahaab/.stmcufinder/plugins/mcufinder/ => /Users/mariestahaab/.stmcufinder/plugins/mcufinder
2023-10-25 22:30:47,275 [WARN] DbFile:41 - Overriding database path with different value: /Users/mariestahaab/.stmcufinder/plugins/mcufinder/ => /Users/mariestahaab/.stmcufinder/plugins/mcufinder
2023-10-25 22:30:47,275 [INFO] CrossReferenceDbSqlite:203 - Set database path to: /Users/mariestahaab/.stmcufinder/plugins/mcufinder//mcu/cs/
2023-10-25 22:30:47,354 [INFO] MainPanel:262 - HeapMemory: 300941312
2023-10-25 22:30:47,447 [INFO] DbMcusXml:78 - Set database path to: /Applications/STM32CubeIDE.app/Contents/Eclipse/plugins/com.st.stm32cube.common.mx_6.9.2.202309101412//db//mcu/
2023-10-25 22:30:47,447 [INFO] ApiDb:274 - Set plugin database path to: /Applications/STM32CubeIDE.app/Contents/Eclipse/plugins/com.st.stm32cube.common.mx_6.9.2.202309101412//db//plugins/boardmanager/
2023-10-25 22:30:47,447 [INFO] ApiDb:261 - Set plugin images path to: /Applications/STM32CubeIDE.app/Contents/Eclipse/plugins/com.st.stm32cube.common.mx_6.9.2.202309101412//db//plugins/mcufinder/images/
2023-10-25 22:30:47,448 [WARN] DbFile:41 - Overriding database path with different value: /Users/mariestahaab/.stmcufinder/plugins/mcufinder/ => /Users/mariestahaab/.stmcufinder/plugins/mcufinder
2023-10-25 22:30:47,448 [INFO] ApiDb:250 - Set database path to: /Users/mariestahaab/.stmcufinder/plugins/mcufinder//mcu/
2023-10-25 22:30:47,448 [WARN] DbFile:41 - Overriding database path with different value: /Users/mariestahaab/.stmcufinder/plugins/mcufinder/ => /Users/mariestahaab/.stmcufinder/plugins/mcufinder
2023-10-25 22:30:47,448 [INFO] DbMcusAds:125 - Set database path to: /Users/mariestahaab/.stmcufinder/plugins/mcufinder//mcu/
2023-10-25 22:30:47,448 [WARN] DbFile:41 - Overriding database path with different value: /Users/mariestahaab/.stmcufinder/plugins/mcufinder/ => /Users/mariestahaab/.stmcufinder/plugins/mcufinder
2023-10-25 22:30:47,448 [WARN] DbFile:41 - Overriding database path with different value: /Users/mariestahaab/.stmcufinder/plugins/mcufinder/ => /Users/mariestahaab/.stmcufinder/plugins/mcufinder
2023-10-25 22:30:47,448 [INFO] CrossReferenceDbSqlite:203 - Set database path to: /Users/mariestahaab/.stmcufinder/plugins/mcufinder//mcu/cs/
2023-10-25 22:30:47,464 [INFO] ApplicationProperties:184 - Using Application install path: /Applications/STM32CubeIDE.app/Contents/Eclipse/plugins/com.st.stm32cube.common.mx_6.9.2.202309101412
2023-10-25 22:30:47,465 [INFO] PluginManage:196 - Search for loadable plugins [exclusion list=, ]
2023-10-25 22:30:47,467 [INFO] PluginManage:310 - Check plugin analytics
2023-10-25 22:30:47,810 [INFO] AnalyticsPlugin:253 - Accepted Software Licenses: 
2023-10-25 22:30:47,811 [INFO] AnalyticsPlugin:255 - Accepted CMSIS Pack Licenses: 
2023-10-25 22:30:47,812 [INFO] AnalyticsPlugin:257 - Accepted Firmware Licenses: FW.F4.1.27.0
2023-10-25 22:30:47,836 [INFO] PluginManage:359 - Loaded plugin analytics (category:tool,tabindex:-1)
2023-10-25 22:30:47,838 [INFO] PluginManage:310 - Check plugin cadmodel
2023-10-25 22:30:48,381 [INFO] CADModel:105 - Init CAD model plugin
2023-10-25 22:30:48,382 [INFO] PluginManage:359 - Loaded plugin cadmodel (category:power,tabindex:5)
2023-10-25 22:30:48,382 [INFO] PluginManage:310 - Check plugin clock
2023-10-25 22:30:48,392 [INFO] PluginManage:359 - Loaded plugin clock (category:base,tabindex:2)
2023-10-25 22:30:48,393 [INFO] PluginManage:310 - Check plugin ddr
2023-10-25 22:30:48,394 [INFO] PluginManage:359 - Loaded plugin ddr (category:tool,tabindex:6)
2023-10-25 22:30:48,394 [INFO] PluginManage:310 - Check plugin filemanager
2023-10-25 22:30:48,540 [INFO] PluginManage:359 - Loaded plugin filemanager (category:base,tabindex:10)
2023-10-25 22:30:48,541 [INFO] PluginManage:310 - Check plugin ipmanager
2023-10-25 22:30:48,549 [INFO] PluginManage:359 - Loaded plugin ipmanager (category:base,tabindex:5)
2023-10-25 22:30:48,549 [INFO] PluginManage:310 - Check plugin lpbam
2023-10-25 22:30:48,556 [INFO] PluginManage:359 - Loaded plugin lpbam (category:base,tabindex:0)
2023-10-25 22:30:48,556 [INFO] PluginManage:310 - Check plugin memorymap
2023-10-25 22:30:48,564 [INFO] PluginManage:359 - Loaded plugin memorymap (category:base,tabindex:4)
2023-10-25 22:30:48,564 [INFO] PluginManage:310 - Check plugin pinoutandconfiguration
2023-10-25 22:30:48,570 [INFO] PluginManage:359 - Loaded plugin pinoutandconfiguration (category:base,tabindex:1)
2023-10-25 22:30:48,570 [INFO] PluginManage:310 - Check plugin pinoutconfig
2023-10-25 22:30:48,661 [WARN] SupportedApi:132 - Cannot load RTOS API schema: s4s-elt-must-match.1: The content of 'definitions' must match (annotation?, (simpleType | complexType)?, (unique | key | keyref)*)). A problem was found starting at: attribute.
2023-10-25 22:30:48,853 [INFO] PluginManage:359 - Loaded plugin pinoutconfig (category:base,tabindex:0)
2023-10-25 22:30:48,853 [INFO] PluginManage:310 - Check plugin power
2023-10-25 22:30:48,861 [INFO] PluginManage:359 - Loaded plugin power (category:power,tabindex:4)
2023-10-25 22:30:48,861 [INFO] PluginManage:310 - Check plugin projectmanager
2023-10-25 22:30:48,887 [INFO] PluginManage:359 - Loaded plugin projectmanager (category:projectmanager,tabindex:3)
2023-10-25 22:30:48,887 [INFO] PluginManage:310 - Check plugin thirdparty
2023-10-25 22:30:49,074 [INFO] PluginManage:359 - Loaded plugin thirdparty (category:base,tabindex:-1)
2023-10-25 22:30:49,074 [INFO] PluginManage:310 - Check plugin tools
2023-10-25 22:30:49,074 [WARN] IntegrityCheckThread:84 - waiting for thirdparty lock release [integrity check]
2023-10-25 22:30:49,074 [INFO] IntegrityCheckThread:86 - entering critical section [integrity check]
2023-10-25 22:30:49,075 [INFO] ThirdPartyUpdaterWithRetryManager:70 - Updater plugin not ready yet. [1/15]
2023-10-25 22:30:49,076 [INFO] PluginManage:359 - Loaded plugin tools (category:base,tabindex:7)
2023-10-25 22:30:49,076 [INFO] PluginManage:310 - Check plugin tutovideos
2023-10-25 22:30:49,293 [INFO] PluginManage:359 - Loaded plugin tutovideos (category:base,tabindex:-1)
2023-10-25 22:30:49,296 [INFO] PluginManage:310 - Check plugin updater
2023-10-25 22:30:49,334 [INFO] PluginManage:359 - Loaded plugin updater (category:base,tabindex:12)
2023-10-25 22:30:49,335 [INFO] PluginManage:310 - Check plugin userauth
2023-10-25 22:30:49,342 [INFO] UserAuth:113 - Init User Auth plugin
2023-10-25 22:30:49,343 [INFO] PluginManage:359 - Loaded plugin userauth (category:base,tabindex:14)
2023-10-25 22:30:49,344 [INFO] PluginManage:283 - PluginManage : Loaded plugins [17]
2023-10-25 22:30:49,584 [INFO] PinOutPanel:1499 - setPackage(No Configuration,No Configuration)
2023-10-25 22:30:49,678 [INFO] CADModel:165 - CPN selected for project level
2023-10-25 22:30:49,679 [INFO] CADModel:114 - Register for checkConnection events
2023-10-25 22:30:49,691 [INFO] IPUIPlugin:80 - create IPUIPlugin
2023-10-25 22:30:49,691 [INFO] PluginManager:220 - loadIPPluginJar : add mdma
2023-10-25 22:30:49,697 [INFO] IPUIPlugin:80 - create IPUIPlugin
2023-10-25 22:30:49,697 [INFO] PluginManager:220 - loadIPPluginJar : add freertos
2023-10-25 22:30:49,701 [INFO] IPUIPlugin:80 - create IPUIPlugin
2023-10-25 22:30:49,701 [INFO] PluginManager:220 - loadIPPluginJar : add gic
2023-10-25 22:30:49,707 [INFO] IPUIPlugin:80 - create IPUIPlugin
2023-10-25 22:30:49,707 [INFO] PluginManager:220 - loadIPPluginJar : add adc
2023-10-25 22:30:49,709 [INFO] IPUIPlugin:80 - create IPUIPlugin
2023-10-25 22:30:49,709 [INFO] PluginManager:220 - loadIPPluginJar : add gtzc
2023-10-25 22:30:49,710 [INFO] IPUIPlugin:80 - create IPUIPlugin
2023-10-25 22:30:49,710 [INFO] PluginManager:220 - loadIPPluginJar : add quadspi
2023-10-25 22:30:49,712 [INFO] IPUIPlugin:80 - create IPUIPlugin
2023-10-25 22:30:49,712 [INFO] PluginManager:220 - loadIPPluginJar : add aes
2023-10-25 22:30:49,713 [INFO] IPUIPlugin:80 - create IPUIPlugin
2023-10-25 22:30:49,713 [INFO] PluginManager:220 - loadIPPluginJar : add pdm2pcm
2023-10-25 22:30:49,716 [INFO] IPUIPlugin:80 - create IPUIPlugin
2023-10-25 22:30:49,716 [INFO] PluginManager:220 - loadIPPluginJar : add hash
2023-10-25 22:30:49,717 [INFO] IPUIPlugin:80 - create IPUIPlugin
2023-10-25 22:30:49,717 [INFO] PluginManager:220 - loadIPPluginJar : add tim
2023-10-25 22:30:49,718 [INFO] IPUIPlugin:80 - create IPUIPlugin
2023-10-25 22:30:49,718 [INFO] PluginManager:220 - loadIPPluginJar : add tsc
2023-10-25 22:30:49,719 [INFO] IPUIPlugin:80 - create IPUIPlugin
2023-10-25 22:30:49,719 [INFO] PluginManager:220 - loadIPPluginJar : add ts
2023-10-25 22:30:49,720 [INFO] IPUIPlugin:80 - create IPUIPlugin
2023-10-25 22:30:49,720 [INFO] PluginManager:220 - loadIPPluginJar : add can
2023-10-25 22:30:49,722 [INFO] IPUIPlugin:80 - create IPUIPlugin
2023-10-25 22:30:49,722 [INFO] PluginManager:220 - loadIPPluginJar : add dma3
2023-10-25 22:30:49,726 [INFO] IPUIPlugin:80 - create IPUIPlugin
2023-10-25 22:30:49,726 [INFO] PluginManager:220 - loadIPPluginJar : add dfsdm
2023-10-25 22:30:49,727 [INFO] IPUIPlugin:80 - create IPUIPlugin
2023-10-25 22:30:49,727 [INFO] PluginManager:220 - loadIPPluginJar : add spi
2023-10-25 22:30:49,728 [INFO] IPUIPlugin:80 - create IPUIPlugin
2023-10-25 22:30:49,728 [INFO] PluginManager:220 - loadIPPluginJar : add gfxmmu
2023-10-25 22:30:49,729 [INFO] IPUIPlugin:80 - create IPUIPlugin
2023-10-25 22:30:49,729 [INFO] PluginManager:220 - loadIPPluginJar : add genericplugin
2023-10-25 22:30:49,730 [INFO] IPUIPlugin:80 - create IPUIPlugin
2023-10-25 22:30:49,730 [INFO] PluginManager:220 - loadIPPluginJar : add cryp
2023-10-25 22:30:49,732 [INFO] IPUIPlugin:80 - create IPUIPlugin
2023-10-25 22:30:49,732 [INFO] PluginManager:220 - loadIPPluginJar : add gpio
2023-10-25 22:30:49,733 [INFO] IPUIPlugin:80 - create IPUIPlugin
2023-10-25 22:30:49,733 [INFO] PluginManager:220 - loadIPPluginJar : add comp
2023-10-25 22:30:49,735 [INFO] IPUIPlugin:80 - create IPUIPlugin
2023-10-25 22:30:49,735 [INFO] PluginManager:220 - loadIPPluginJar : add tracer_emb
2023-10-25 22:30:49,736 [INFO] IPUIPlugin:80 - create IPUIPlugin
2023-10-25 22:30:49,737 [INFO] PluginManager:220 - loadIPPluginJar : add openamp
2023-10-25 22:30:49,740 [INFO] IPUIPlugin:80 - create IPUIPlugin
2023-10-25 22:30:49,741 [INFO] PluginManager:220 - loadIPPluginJar : add stm32_wpan
2023-10-25 22:30:49,744 [INFO] IPUIPlugin:80 - create IPUIPlugin
2023-10-25 22:30:49,746 [INFO] PluginManager:220 - loadIPPluginJar : add plateformsettings
2023-10-25 22:30:49,749 [INFO] IPUIPlugin:80 - create IPUIPlugin
2023-10-25 22:30:49,749 [INFO] PluginManager:220 - loadIPPluginJar : add ipddr
2023-10-25 22:30:49,750 [INFO] IPUIPlugin:80 - create IPUIPlugin
2023-10-25 22:30:49,751 [INFO] PluginManager:220 - loadIPPluginJar : add usart
2023-10-25 22:30:49,751 [INFO] IPUIPlugin:80 - create IPUIPlugin
2023-10-25 22:30:49,751 [INFO] PluginManager:220 - loadIPPluginJar : add ltdc
2023-10-25 22:30:49,754 [INFO] IPUIPlugin:80 - create IPUIPlugin
2023-10-25 22:30:49,754 [INFO] PluginManager:220 - loadIPPluginJar : add nvic
2023-10-25 22:30:49,755 [INFO] IPUIPlugin:80 - create IPUIPlugin
2023-10-25 22:30:49,755 [INFO] PluginManager:220 - loadIPPluginJar : add fatfs
2023-10-25 22:30:49,759 [INFO] IPUIPlugin:80 - create IPUIPlugin
2023-10-25 22:30:49,759 [INFO] PluginManager:220 - loadIPPluginJar : add linkedlist
2023-10-25 22:30:49,763 [INFO] IPUIPlugin:80 - create IPUIPlugin
2023-10-25 22:30:49,763 [INFO] PluginManager:220 - loadIPPluginJar : add dma
2023-10-25 22:30:49,768 [INFO] IPUIPlugin:80 - create IPUIPlugin
2023-10-25 22:30:49,769 [INFO] PluginManager:220 - loadIPPluginJar : add fmc
2023-10-25 22:30:49,770 [INFO] IPUIPlugin:80 - create IPUIPlugin
2023-10-25 22:30:49,770 [INFO] PluginManager:220 - loadIPPluginJar : add i2s
2023-10-25 22:30:49,771 [INFO] IPUIPlugin:80 - create IPUIPlugin
2023-10-25 22:30:49,771 [INFO] PluginManager:220 - loadIPPluginJar : add ucpd
2023-10-25 22:30:49,773 [INFO] IPUIPlugin:80 - create IPUIPlugin
2023-10-25 22:30:49,773 [INFO] PluginManager:220 - loadIPPluginJar : add lorawan
2023-10-25 22:30:49,774 [INFO] IPUIPlugin:80 - create IPUIPlugin
2023-10-25 22:30:49,774 [INFO] PluginManager:220 - loadIPPluginJar : add opamp
2023-10-25 22:30:49,776 [INFO] IPUIPlugin:80 - create IPUIPlugin
2023-10-25 22:30:49,776 [INFO] PluginManager:220 - loadIPPluginJar : add i3c
2023-10-25 22:30:49,778 [INFO] IPUIPlugin:80 - create IPUIPlugin
2023-10-25 22:30:49,778 [INFO] PluginManager:220 - loadIPPluginJar : add touchsensing
2023-10-25 22:30:49,779 [INFO] IPUIPlugin:80 - create IPUIPlugin
2023-10-25 22:30:49,779 [INFO] PluginManager:220 - loadIPPluginJar : add i2c
2023-10-25 22:30:49,782 [INFO] IPUIPlugin:80 - create IPUIPlugin
2023-10-25 22:30:49,782 [INFO] PluginManager:220 - loadIPPluginJar : add resmgrutility
2023-10-25 22:30:49,786 [INFO] IPUIPlugin:80 - create IPUIPlugin
2023-10-25 22:30:49,786 [INFO] PluginManager:220 - loadIPPluginJar : add sai
2023-10-25 22:30:49,787 [INFO] IPUIPlugin:80 - create IPUIPlugin
2023-10-25 22:30:49,787 [INFO] PluginManager:220 - loadIPPluginJar : add usbx
2023-10-25 22:30:49,908 [INFO] CADModel:165 - CPN selected for project level
2023-10-25 22:30:49,908 [INFO] CADModel:114 - Register for checkConnection events
2023-10-25 22:30:49,908 [FATAL] Updater:308 - Updater called before beeing initialized
2023-10-25 22:30:49,908 [ERROR] CADModel:125 - Updater not yet initialized, retry later 
2023-10-25 22:30:50,155 [INFO] CADModel:165 - CPN selected for project level
2023-10-25 22:30:50,155 [INFO] CADModel:114 - Register for checkConnection events
2023-10-25 22:30:50,155 [FATAL] Updater:308 - Updater called before beeing initialized
2023-10-25 22:30:50,155 [ERROR] CADModel:125 - Updater not yet initialized, retry later 
2023-10-25 22:30:50,158 [FATAL] Updater:308 - Updater called before beeing initialized
2023-10-25 22:30:50,316 [FATAL] Updater:308 - Updater called before beeing initialized
2023-10-25 22:30:50,324 [INFO] DbMcusAds:53 - JSON generation date=Tue Mar 07 08:50:55 GMT 2023 (1678179055114)
2023-10-25 22:30:50,324 [FATAL] Updater:308 - Updater called before beeing initialized
2023-10-25 22:30:50,441 [WARN] DetailPanel:346 - Failed to get advertising image, set to default
2023-10-25 22:30:50,512 [FATAL] Updater:308 - Updater called before beeing initialized
2023-10-25 22:30:50,514 [FATAL] Updater:308 - Updater called before beeing initialized
2023-10-25 22:30:50,514 [FATAL] Updater:308 - Updater called before beeing initialized
2023-10-25 22:30:50,514 [WARN] DetailPanel:346 - Failed to get advertising image, set to default
2023-10-25 22:30:50,515 [FATAL] Updater:308 - Updater called before beeing initialized
2023-10-25 22:30:50,589 [ERROR] Updater:1120 - MainUpdater not yet initialized. External WinMGr cannot be set.
2023-10-25 22:30:50,640 [INFO] Updater:1056 - Updater Version found : 6.9.2
2023-10-25 22:30:50,653 [INFO] ApplicationProperties:184 - Using Application install path: /Applications/STM32CubeIDE.app/Contents/Eclipse/plugins/com.st.stm32cube.common.mx_6.9.2.202309101412
2023-10-25 22:30:52,085 [INFO] ThirdPartyUpdaterWithRetryManager:70 - Updater plugin not ready yet. [2/15]
2023-10-25 22:30:55,093 [FATAL] Updater:308 - Updater called before beeing initialized
2023-10-25 22:30:55,102 [ERROR] IntegrityCheckThread:130 - Cannot retrieve database content from updater: error 21
2023-10-25 22:30:55,104 [INFO] ThirdParty:978 - Integrity check success = false
2023-10-25 22:30:55,106 [INFO] IntegrityCheckThread:100 - exiting critical section [integrity check]
2023-10-25 22:30:55,106 [INFO] IntegrityCheckThread:103 - End integrity checks thread
2023-10-25 22:31:06,823 [ERROR] LogOutputStream:75 - [STDERR_REDIRECT] SLF4J: Failed to load class "org.slf4j.impl.StaticLoggerBinder".
2023-10-25 22:31:06,826 [ERROR] LogOutputStream:75 - [STDERR_REDIRECT] SLF4J: Defaulting to no-operation (NOP) logger implementation
2023-10-25 22:31:06,827 [ERROR] LogOutputStream:75 - [STDERR_REDIRECT] SLF4J: See http://www.slf4j.org/codes.html#StaticLoggerBinder for further details.
2023-10-25 22:31:12,757 [INFO] MainUpdater:2868 - connection check result : 10
2023-10-25 22:31:12,759 [INFO] MainUpdater:285 - Updater Check For Update Now.
2023-10-25 22:31:12,760 [INFO] MicroXplorer:498 - Change Database Version : DB.6.0.92
2023-10-25 22:31:12,773 [INFO] McuFinderGlobals:63 - Set McuFinder mode to 2 (CubeIDE integrated)
2023-10-25 22:31:13,073 [INFO] CheckServerUpdateThread:120 - End of CheckServer Thread
