2023-10-24 22:40:19,010 [INFO] Activator:176 - 


2023-10-24 22:40:19,015 [INFO] Activator:177 - !SESSION log4j initialized
2023-10-24 22:40:25,829 [INFO] LogOutputStream:77 - [STDOUT_REDIRECT] 
2023-10-24 22:40:27,073 [ERROR] LogOutputStream:75 - [STDERR_REDIRECT] 
2023-10-24 22:40:27,769 [INFO] LogOutputStream:77 - [STDOUT_REDIRECT] 
2023-10-24 22:40:28,004 [INFO] ApplicationProperties:184 - Using Application install path: /Applications/STM32CubeIDE.app/Contents/Eclipse/plugins/com.st.stm32cube.common.mx_6.9.2.202309101412
2023-10-24 22:40:28,097 [INFO] DbMcusXml:78 - Set database path to: /Applications/STM32CubeIDE.app/Contents/Eclipse/plugins/com.st.stm32cube.common.mx_6.9.2.202309101412//db//mcu/
2023-10-24 22:40:28,099 [INFO] ApiDb:274 - Set plugin database path to: /Applications/STM32CubeIDE.app/Contents/Eclipse/plugins/com.st.stm32cube.common.mx_6.9.2.202309101412//db//plugins/boardmanager/
2023-10-24 22:40:28,101 [WARN] ApiDb:259 - Overriding images path with different value:  => /Applications/STM32CubeIDE.app/Contents/Eclipse/plugins/com.st.stm32cube.common.mx_6.9.2.202309101412//db//plugins/mcufinder/images/
2023-10-24 22:40:28,142 [INFO] ApiDb:250 - Set database path to: /Users/mariestahaab/.stmcufinder/plugins/mcufinder//mcu/
2023-10-24 22:40:28,143 [INFO] DbMcusAds:125 - Set database path to: /Users/mariestahaab/.stmcufinder/plugins/mcufinder//mcu/
2023-10-24 22:40:28,145 [INFO] CrossReferenceDbSqlite:203 - Set database path to: /Users/mariestahaab/.stmcufinder/plugins/mcufinder//mcu/cs/
2023-10-24 22:40:28,305 [INFO] RulesReader:64 - Compatibility file has been processed (293 Rules)
2023-10-24 22:40:28,390 [INFO] DbMcusXml:78 - Set database path to: /Applications/STM32CubeIDE.app/Contents/Eclipse/plugins/com.st.stm32cube.common.mx_6.9.2.202309101412//db//mcu/
2023-10-24 22:40:28,391 [INFO] ApiDb:274 - Set plugin database path to: /Applications/STM32CubeIDE.app/Contents/Eclipse/plugins/com.st.stm32cube.common.mx_6.9.2.202309101412//db//plugins/boardmanager/
2023-10-24 22:40:28,391 [INFO] ApiDb:261 - Set plugin images path to: /Applications/STM32CubeIDE.app/Contents/Eclipse/plugins/com.st.stm32cube.common.mx_6.9.2.202309101412//db//plugins/mcufinder/images/
2023-10-24 22:40:28,392 [WARN] DbFile:41 - Overriding database path with different value: /Users/mariestahaab/.stmcufinder/plugins/mcufinder/ => /Users/mariestahaab/.stmcufinder/plugins/mcufinder
2023-10-24 22:40:28,392 [INFO] ApiDb:250 - Set database path to: /Users/mariestahaab/.stmcufinder/plugins/mcufinder//mcu/
2023-10-24 22:40:28,392 [WARN] DbFile:41 - Overriding database path with different value: /Users/mariestahaab/.stmcufinder/plugins/mcufinder/ => /Users/mariestahaab/.stmcufinder/plugins/mcufinder
2023-10-24 22:40:28,392 [INFO] DbMcusAds:125 - Set database path to: /Users/mariestahaab/.stmcufinder/plugins/mcufinder//mcu/
2023-10-24 22:40:28,392 [WARN] DbFile:41 - Overriding database path with different value: /Users/mariestahaab/.stmcufinder/plugins/mcufinder/ => /Users/mariestahaab/.stmcufinder/plugins/mcufinder
2023-10-24 22:40:28,392 [WARN] DbFile:41 - Overriding database path with different value: /Users/mariestahaab/.stmcufinder/plugins/mcufinder/ => /Users/mariestahaab/.stmcufinder/plugins/mcufinder
2023-10-24 22:40:28,392 [INFO] CrossReferenceDbSqlite:203 - Set database path to: /Users/mariestahaab/.stmcufinder/plugins/mcufinder//mcu/cs/
2023-10-24 22:40:28,487 [INFO] MainPanel:262 - HeapMemory: 268435456
2023-10-24 22:40:28,634 [INFO] DbMcusXml:78 - Set database path to: /Applications/STM32CubeIDE.app/Contents/Eclipse/plugins/com.st.stm32cube.common.mx_6.9.2.202309101412//db//mcu/
2023-10-24 22:40:28,635 [INFO] ApiDb:274 - Set plugin database path to: /Applications/STM32CubeIDE.app/Contents/Eclipse/plugins/com.st.stm32cube.common.mx_6.9.2.202309101412//db//plugins/boardmanager/
2023-10-24 22:40:28,635 [INFO] ApiDb:261 - Set plugin images path to: /Applications/STM32CubeIDE.app/Contents/Eclipse/plugins/com.st.stm32cube.common.mx_6.9.2.202309101412//db//plugins/mcufinder/images/
2023-10-24 22:40:28,636 [WARN] DbFile:41 - Overriding database path with different value: /Users/mariestahaab/.stmcufinder/plugins/mcufinder/ => /Users/mariestahaab/.stmcufinder/plugins/mcufinder
2023-10-24 22:40:28,636 [INFO] ApiDb:250 - Set database path to: /Users/mariestahaab/.stmcufinder/plugins/mcufinder//mcu/
2023-10-24 22:40:28,636 [WARN] DbFile:41 - Overriding database path with different value: /Users/mariestahaab/.stmcufinder/plugins/mcufinder/ => /Users/mariestahaab/.stmcufinder/plugins/mcufinder
2023-10-24 22:40:28,636 [INFO] DbMcusAds:125 - Set database path to: /Users/mariestahaab/.stmcufinder/plugins/mcufinder//mcu/
2023-10-24 22:40:28,636 [WARN] DbFile:41 - Overriding database path with different value: /Users/mariestahaab/.stmcufinder/plugins/mcufinder/ => /Users/mariestahaab/.stmcufinder/plugins/mcufinder
2023-10-24 22:40:28,637 [WARN] DbFile:41 - Overriding database path with different value: /Users/mariestahaab/.stmcufinder/plugins/mcufinder/ => /Users/mariestahaab/.stmcufinder/plugins/mcufinder
2023-10-24 22:40:28,637 [INFO] CrossReferenceDbSqlite:203 - Set database path to: /Users/mariestahaab/.stmcufinder/plugins/mcufinder//mcu/cs/
2023-10-24 22:40:28,675 [INFO] ApplicationProperties:184 - Using Application install path: /Applications/STM32CubeIDE.app/Contents/Eclipse/plugins/com.st.stm32cube.common.mx_6.9.2.202309101412
2023-10-24 22:40:28,676 [INFO] PluginManage:196 - Search for loadable plugins [exclusion list=, ]
2023-10-24 22:40:28,683 [INFO] PluginManage:310 - Check plugin analytics
2023-10-24 22:40:28,894 [INFO] AnalyticsPlugin:253 - Accepted Software Licenses: 
2023-10-24 22:40:28,894 [INFO] AnalyticsPlugin:255 - Accepted CMSIS Pack Licenses: 
2023-10-24 22:40:28,895 [INFO] AnalyticsPlugin:257 - Accepted Firmware Licenses: FW.F4.1.27.0
2023-10-24 22:40:28,900 [INFO] PluginManage:359 - Loaded plugin analytics (category:tool,tabindex:-1)
2023-10-24 22:40:28,901 [INFO] PluginManage:310 - Check plugin cadmodel
2023-10-24 22:40:29,517 [INFO] CADModel:105 - Init CAD model plugin
2023-10-24 22:40:29,519 [INFO] PluginManage:359 - Loaded plugin cadmodel (category:power,tabindex:5)
2023-10-24 22:40:29,519 [INFO] PluginManage:310 - Check plugin clock
2023-10-24 22:40:29,538 [INFO] PluginManage:359 - Loaded plugin clock (category:base,tabindex:2)
2023-10-24 22:40:29,538 [INFO] PluginManage:310 - Check plugin ddr
2023-10-24 22:40:29,541 [INFO] PluginManage:359 - Loaded plugin ddr (category:tool,tabindex:6)
2023-10-24 22:40:29,542 [INFO] PluginManage:310 - Check plugin filemanager
2023-10-24 22:40:29,758 [INFO] PluginManage:359 - Loaded plugin filemanager (category:base,tabindex:10)
2023-10-24 22:40:29,758 [INFO] PluginManage:310 - Check plugin ipmanager
2023-10-24 22:40:29,764 [INFO] PluginManage:359 - Loaded plugin ipmanager (category:base,tabindex:5)
2023-10-24 22:40:29,764 [INFO] PluginManage:310 - Check plugin lpbam
2023-10-24 22:40:29,775 [INFO] PluginManage:359 - Loaded plugin lpbam (category:base,tabindex:0)
2023-10-24 22:40:29,775 [INFO] PluginManage:310 - Check plugin memorymap
2023-10-24 22:40:29,785 [INFO] PluginManage:359 - Loaded plugin memorymap (category:base,tabindex:4)
2023-10-24 22:40:29,785 [INFO] PluginManage:310 - Check plugin pinoutandconfiguration
2023-10-24 22:40:29,790 [INFO] PluginManage:359 - Loaded plugin pinoutandconfiguration (category:base,tabindex:1)
2023-10-24 22:40:29,790 [INFO] PluginManage:310 - Check plugin pinoutconfig
2023-10-24 22:40:29,917 [WARN] SupportedApi:132 - Cannot load RTOS API schema: s4s-elt-must-match.1: The content of 'definitions' must match (annotation?, (simpleType | complexType)?, (unique | key | keyref)*)). A problem was found starting at: attribute.
2023-10-24 22:40:30,317 [INFO] PluginManage:359 - Loaded plugin pinoutconfig (category:base,tabindex:0)
2023-10-24 22:40:30,319 [INFO] PluginManage:310 - Check plugin power
2023-10-24 22:40:30,345 [INFO] PluginManage:359 - Loaded plugin power (category:power,tabindex:4)
2023-10-24 22:40:30,346 [INFO] PluginManage:310 - Check plugin projectmanager
2023-10-24 22:40:30,516 [INFO] PluginManage:359 - Loaded plugin projectmanager (category:projectmanager,tabindex:3)
2023-10-24 22:40:30,517 [INFO] PluginManage:310 - Check plugin thirdparty
2023-10-24 22:40:31,048 [INFO] PluginManage:359 - Loaded plugin thirdparty (category:base,tabindex:-1)
2023-10-24 22:40:31,051 [INFO] PluginManage:310 - Check plugin tools
2023-10-24 22:40:31,048 [WARN] IntegrityCheckThread:84 - waiting for thirdparty lock release [integrity check]
2023-10-24 22:40:31,053 [INFO] IntegrityCheckThread:86 - entering critical section [integrity check]
2023-10-24 22:40:31,056 [INFO] ThirdPartyUpdaterWithRetryManager:70 - Updater plugin not ready yet. [1/15]
2023-10-24 22:40:31,058 [INFO] PluginManage:359 - Loaded plugin tools (category:base,tabindex:7)
2023-10-24 22:40:31,058 [INFO] PluginManage:310 - Check plugin tutovideos
2023-10-24 22:40:31,291 [INFO] PluginManage:359 - Loaded plugin tutovideos (category:base,tabindex:-1)
2023-10-24 22:40:31,291 [INFO] PluginManage:310 - Check plugin updater
2023-10-24 22:40:31,306 [INFO] PluginManage:359 - Loaded plugin updater (category:base,tabindex:12)
2023-10-24 22:40:31,306 [INFO] PluginManage:310 - Check plugin userauth
2023-10-24 22:40:31,314 [INFO] UserAuth:113 - Init User Auth plugin
2023-10-24 22:40:31,314 [INFO] PluginManage:359 - Loaded plugin userauth (category:base,tabindex:14)
2023-10-24 22:40:31,314 [INFO] PluginManage:283 - PluginManage : Loaded plugins [17]
2023-10-24 22:40:31,586 [INFO] PinOutPanel:1499 - setPackage(No Configuration,No Configuration)
2023-10-24 22:40:31,741 [INFO] CADModel:165 - CPN selected for project level
2023-10-24 22:40:31,742 [INFO] CADModel:114 - Register for checkConnection events
2023-10-24 22:40:31,781 [INFO] IPUIPlugin:80 - create IPUIPlugin
2023-10-24 22:40:31,783 [INFO] PluginManager:220 - loadIPPluginJar : add mdma
2023-10-24 22:40:31,791 [INFO] IPUIPlugin:80 - create IPUIPlugin
2023-10-24 22:40:31,791 [INFO] PluginManager:220 - loadIPPluginJar : add freertos
2023-10-24 22:40:31,806 [INFO] IPUIPlugin:80 - create IPUIPlugin
2023-10-24 22:40:31,806 [INFO] PluginManager:220 - loadIPPluginJar : add gic
2023-10-24 22:40:31,815 [INFO] IPUIPlugin:80 - create IPUIPlugin
2023-10-24 22:40:31,816 [INFO] PluginManager:220 - loadIPPluginJar : add adc
2023-10-24 22:40:31,822 [INFO] IPUIPlugin:80 - create IPUIPlugin
2023-10-24 22:40:31,822 [INFO] PluginManager:220 - loadIPPluginJar : add gtzc
2023-10-24 22:40:31,824 [INFO] IPUIPlugin:80 - create IPUIPlugin
2023-10-24 22:40:31,824 [INFO] PluginManager:220 - loadIPPluginJar : add quadspi
2023-10-24 22:40:31,828 [INFO] IPUIPlugin:80 - create IPUIPlugin
2023-10-24 22:40:31,828 [INFO] PluginManager:220 - loadIPPluginJar : add aes
2023-10-24 22:40:31,832 [INFO] IPUIPlugin:80 - create IPUIPlugin
2023-10-24 22:40:31,832 [INFO] PluginManager:220 - loadIPPluginJar : add pdm2pcm
2023-10-24 22:40:31,837 [INFO] IPUIPlugin:80 - create IPUIPlugin
2023-10-24 22:40:31,838 [INFO] PluginManager:220 - loadIPPluginJar : add hash
2023-10-24 22:40:31,840 [INFO] IPUIPlugin:80 - create IPUIPlugin
2023-10-24 22:40:31,841 [INFO] PluginManager:220 - loadIPPluginJar : add tim
2023-10-24 22:40:31,843 [INFO] IPUIPlugin:80 - create IPUIPlugin
2023-10-24 22:40:31,843 [INFO] PluginManager:220 - loadIPPluginJar : add tsc
2023-10-24 22:40:31,844 [INFO] IPUIPlugin:80 - create IPUIPlugin
2023-10-24 22:40:31,844 [INFO] PluginManager:220 - loadIPPluginJar : add ts
2023-10-24 22:40:31,849 [INFO] IPUIPlugin:80 - create IPUIPlugin
2023-10-24 22:40:31,849 [INFO] PluginManager:220 - loadIPPluginJar : add can
2023-10-24 22:40:31,854 [INFO] IPUIPlugin:80 - create IPUIPlugin
2023-10-24 22:40:31,854 [INFO] PluginManager:220 - loadIPPluginJar : add dma3
2023-10-24 22:40:31,857 [INFO] IPUIPlugin:80 - create IPUIPlugin
2023-10-24 22:40:31,857 [INFO] PluginManager:220 - loadIPPluginJar : add dfsdm
2023-10-24 22:40:31,859 [INFO] IPUIPlugin:80 - create IPUIPlugin
2023-10-24 22:40:31,859 [INFO] PluginManager:220 - loadIPPluginJar : add spi
2023-10-24 22:40:31,860 [INFO] IPUIPlugin:80 - create IPUIPlugin
2023-10-24 22:40:31,860 [INFO] PluginManager:220 - loadIPPluginJar : add gfxmmu
2023-10-24 22:40:31,863 [INFO] IPUIPlugin:80 - create IPUIPlugin
2023-10-24 22:40:31,863 [INFO] PluginManager:220 - loadIPPluginJar : add genericplugin
2023-10-24 22:40:31,866 [INFO] IPUIPlugin:80 - create IPUIPlugin
2023-10-24 22:40:31,867 [INFO] PluginManager:220 - loadIPPluginJar : add cryp
2023-10-24 22:40:31,869 [INFO] IPUIPlugin:80 - create IPUIPlugin
2023-10-24 22:40:31,869 [INFO] PluginManager:220 - loadIPPluginJar : add gpio
2023-10-24 22:40:31,871 [INFO] IPUIPlugin:80 - create IPUIPlugin
2023-10-24 22:40:31,871 [INFO] PluginManager:220 - loadIPPluginJar : add comp
2023-10-24 22:40:31,873 [INFO] IPUIPlugin:80 - create IPUIPlugin
2023-10-24 22:40:31,873 [INFO] PluginManager:220 - loadIPPluginJar : add tracer_emb
2023-10-24 22:40:31,875 [INFO] IPUIPlugin:80 - create IPUIPlugin
2023-10-24 22:40:31,875 [INFO] PluginManager:220 - loadIPPluginJar : add openamp
2023-10-24 22:40:31,879 [INFO] IPUIPlugin:80 - create IPUIPlugin
2023-10-24 22:40:31,880 [INFO] PluginManager:220 - loadIPPluginJar : add stm32_wpan
2023-10-24 22:40:31,884 [INFO] IPUIPlugin:80 - create IPUIPlugin
2023-10-24 22:40:31,887 [INFO] PluginManager:220 - loadIPPluginJar : add plateformsettings
2023-10-24 22:40:31,890 [INFO] IPUIPlugin:80 - create IPUIPlugin
2023-10-24 22:40:31,890 [INFO] PluginManager:220 - loadIPPluginJar : add ipddr
2023-10-24 22:40:31,892 [INFO] IPUIPlugin:80 - create IPUIPlugin
2023-10-24 22:40:31,893 [INFO] PluginManager:220 - loadIPPluginJar : add usart
2023-10-24 22:40:31,894 [INFO] IPUIPlugin:80 - create IPUIPlugin
2023-10-24 22:40:31,894 [INFO] PluginManager:220 - loadIPPluginJar : add ltdc
2023-10-24 22:40:31,896 [INFO] IPUIPlugin:80 - create IPUIPlugin
2023-10-24 22:40:31,896 [INFO] PluginManager:220 - loadIPPluginJar : add nvic
2023-10-24 22:40:31,897 [INFO] IPUIPlugin:80 - create IPUIPlugin
2023-10-24 22:40:31,897 [INFO] PluginManager:220 - loadIPPluginJar : add fatfs
2023-10-24 22:40:31,902 [INFO] IPUIPlugin:80 - create IPUIPlugin
2023-10-24 22:40:31,902 [INFO] PluginManager:220 - loadIPPluginJar : add linkedlist
2023-10-24 22:40:31,907 [INFO] IPUIPlugin:80 - create IPUIPlugin
2023-10-24 22:40:31,908 [INFO] PluginManager:220 - loadIPPluginJar : add dma
2023-10-24 22:40:31,912 [INFO] IPUIPlugin:80 - create IPUIPlugin
2023-10-24 22:40:31,912 [INFO] PluginManager:220 - loadIPPluginJar : add fmc
2023-10-24 22:40:31,914 [INFO] IPUIPlugin:80 - create IPUIPlugin
2023-10-24 22:40:31,914 [INFO] PluginManager:220 - loadIPPluginJar : add i2s
2023-10-24 22:40:31,914 [INFO] IPUIPlugin:80 - create IPUIPlugin
2023-10-24 22:40:31,915 [INFO] PluginManager:220 - loadIPPluginJar : add ucpd
2023-10-24 22:40:31,916 [INFO] IPUIPlugin:80 - create IPUIPlugin
2023-10-24 22:40:31,916 [INFO] PluginManager:220 - loadIPPluginJar : add lorawan
2023-10-24 22:40:31,917 [INFO] IPUIPlugin:80 - create IPUIPlugin
2023-10-24 22:40:31,917 [INFO] PluginManager:220 - loadIPPluginJar : add opamp
2023-10-24 22:40:31,919 [INFO] IPUIPlugin:80 - create IPUIPlugin
2023-10-24 22:40:31,919 [INFO] PluginManager:220 - loadIPPluginJar : add i3c
2023-10-24 22:40:31,921 [INFO] IPUIPlugin:80 - create IPUIPlugin
2023-10-24 22:40:31,921 [INFO] PluginManager:220 - loadIPPluginJar : add touchsensing
2023-10-24 22:40:31,923 [INFO] IPUIPlugin:80 - create IPUIPlugin
2023-10-24 22:40:31,924 [INFO] PluginManager:220 - loadIPPluginJar : add i2c
2023-10-24 22:40:31,926 [INFO] IPUIPlugin:80 - create IPUIPlugin
2023-10-24 22:40:31,926 [INFO] PluginManager:220 - loadIPPluginJar : add resmgrutility
2023-10-24 22:40:31,928 [INFO] IPUIPlugin:80 - create IPUIPlugin
2023-10-24 22:40:31,928 [INFO] PluginManager:220 - loadIPPluginJar : add sai
2023-10-24 22:40:31,930 [INFO] IPUIPlugin:80 - create IPUIPlugin
2023-10-24 22:40:31,930 [INFO] PluginManager:220 - loadIPPluginJar : add usbx
2023-10-24 22:40:32,064 [INFO] CADModel:165 - CPN selected for project level
2023-10-24 22:40:32,065 [INFO] CADModel:114 - Register for checkConnection events
2023-10-24 22:40:32,065 [FATAL] Updater:308 - Updater called before beeing initialized
2023-10-24 22:40:32,065 [ERROR] CADModel:125 - Updater not yet initialized, retry later 
2023-10-24 22:40:32,288 [INFO] CADModel:165 - CPN selected for project level
2023-10-24 22:40:32,288 [INFO] CADModel:114 - Register for checkConnection events
2023-10-24 22:40:32,288 [FATAL] Updater:308 - Updater called before beeing initialized
2023-10-24 22:40:32,289 [ERROR] CADModel:125 - Updater not yet initialized, retry later 
2023-10-24 22:40:32,293 [FATAL] Updater:308 - Updater called before beeing initialized
2023-10-24 22:40:32,447 [FATAL] Updater:308 - Updater called before beeing initialized
2023-10-24 22:40:32,454 [INFO] DbMcusAds:53 - JSON generation date=Tue Mar 07 08:50:55 GMT 2023 (1678179055114)
2023-10-24 22:40:32,454 [FATAL] Updater:308 - Updater called before beeing initialized
2023-10-24 22:40:32,512 [WARN] DetailPanel:346 - Failed to get advertising image, set to default
2023-10-24 22:40:32,585 [FATAL] Updater:308 - Updater called before beeing initialized
2023-10-24 22:40:32,586 [FATAL] Updater:308 - Updater called before beeing initialized
2023-10-24 22:40:32,587 [FATAL] Updater:308 - Updater called before beeing initialized
2023-10-24 22:40:32,587 [WARN] DetailPanel:346 - Failed to get advertising image, set to default
2023-10-24 22:40:32,588 [FATAL] Updater:308 - Updater called before beeing initialized
2023-10-24 22:40:32,659 [ERROR] Updater:1120 - MainUpdater not yet initialized. External WinMGr cannot be set.
2023-10-24 22:40:32,689 [INFO] Updater:1056 - Updater Version found : 6.9.2
2023-10-24 22:40:32,704 [INFO] ApplicationProperties:184 - Using Application install path: /Applications/STM32CubeIDE.app/Contents/Eclipse/plugins/com.st.stm32cube.common.mx_6.9.2.202309101412
2023-10-24 22:40:34,066 [INFO] ThirdPartyUpdaterWithRetryManager:70 - Updater plugin not ready yet. [2/15]
2023-10-24 22:40:35,146 [WARN] ServerAccessManage:1168 - Warning during Server Connection :  timeout Read timed out
2023-10-24 22:40:35,234 [INFO] MainUpdater:2868 - connection check result : 10
2023-10-24 22:40:35,236 [INFO] MainUpdater:285 - Updater Check For Update Now.
2023-10-24 22:40:35,237 [INFO] MicroXplorer:498 - Change Database Version : DB.6.0.92
2023-10-24 22:40:35,245 [INFO] McuFinderGlobals:63 - Set McuFinder mode to 2 (CubeIDE integrated)
2023-10-24 22:40:35,595 [INFO] CheckServerUpdateThread:120 - End of CheckServer Thread
2023-10-24 22:40:37,266 [WARN] PackLoader:240 - Cannot read IP mode file for STMicroelectronics.X-CUBE-SMBUS.2.1.0
2023-10-24 22:40:37,353 [WARN] PackLoader:240 - Cannot read IP mode file for STMicroelectronics.X-CUBE-AZRTOS-F7.1.1.0
2023-10-24 22:40:37,411 [WARN] PackLoader:240 - Cannot read IP mode file for STMicroelectronics.FP-SNS-MOTENV1.4.3.2
2023-10-24 22:40:37,467 [WARN] PackLoader:240 - Cannot read IP mode file for STMicroelectronics.FP-SNS-FLIGHT1.5.0.2
2023-10-24 22:40:37,496 [WARN] PackLoader:240 - Cannot read IP mode file for STMicroelectronics.X-CUBE-DISPLAY.3.0.0
2023-10-24 22:40:37,540 [WARN] PackLoader:240 - Cannot read IP mode file for STMicroelectronics.X-CUBE-BLE1.7.0.0
2023-10-24 22:40:37,567 [WARN] PackLoader:240 - Cannot read IP mode file for emotas.I-CUBE-CANOPEN.1.3.0
2023-10-24 22:40:37,581 [WARN] PackLoader:240 - Cannot read IP mode file for STMicroelectronics.X-CUBE-TOUCHGFX.4.22.0
2023-10-24 22:40:37,586 [WARN] PackLoader:240 - Cannot read IP mode file for STMicroelectronics.X-CUBE-TOUCHGFX.4.22.1
2023-10-24 22:40:37,605 [WARN] PackLoader:240 - Cannot read IP mode file for STMicroelectronics.FP-SNS-SMARTAG2.1.2.0
2023-10-24 22:40:37,631 [INFO] LogOutputStream:77 - [STDOUT_REDIRECT] 1 : Invalid condition id : UX_CORESTACK_Condition cause : null
2023-10-24 22:40:37,634 [INFO] LogOutputStream:77 - [STDOUT_REDIRECT] 1 : Invalid condition id : UX_CORESTACK_Condition cause : null
2023-10-24 22:40:37,634 [INFO] LogOutputStream:77 - [STDOUT_REDIRECT] 1 : Invalid condition id : UX_CORESTACK_Condition cause : null
2023-10-24 22:40:37,634 [INFO] LogOutputStream:77 - [STDOUT_REDIRECT] 1 : Invalid condition id : UX_CORESTACK_Condition cause : null
2023-10-24 22:40:37,634 [INFO] LogOutputStream:77 - [STDOUT_REDIRECT] 1 : Invalid condition id : UX_CORESTACK_Condition cause : null
2023-10-24 22:40:37,655 [WARN] PackLoader:240 - Cannot read IP mode file for STMicroelectronics.X-CUBE-AZRTOS-WL.2.0.0
2023-10-24 22:40:37,674 [WARN] PackLoader:240 - Cannot read IP mode file for WES.I-CUBE-Cesium.1.3.0
2023-10-24 22:40:37,691 [WARN] PackLoader:240 - Cannot read IP mode file for STMicroelectronics.X-CUBE-BLE2.3.3.0
2023-10-24 22:40:37,715 [WARN] PackLoader:240 - Cannot read IP mode file for STMicroelectronics.X-CUBE-ALGOBUILD.1.3.0
2023-10-24 22:40:37,746 [WARN] PackLoader:240 - Cannot read IP mode file for STMicroelectronics.X-CUBE-AZRTOS-G0.1.1.0
2023-10-24 22:40:37,780 [WARN] PackLoader:240 - Cannot read IP mode file for STMicroelectronics.X-CUBE-NFC4.3.0.0
2023-10-24 22:40:37,803 [WARN] PackLoader:240 - Cannot read IP mode file for STMicroelectronics.FP-ATR-SIGFOX1.3.2.0
2023-10-24 22:40:38,137 [WARN] PackLoader:240 - Cannot read IP mode file for SEGGER.I-CUBE-embOS.1.3.1
2023-10-24 22:40:38,361 [WARN] PackLoader:240 - Cannot read IP mode file for STMicroelectronics.X-CUBE-GNSS1.6.0.0
2023-10-24 22:40:38,400 [WARN] PackLoader:240 - Cannot read IP mode file for STMicroelectronics.X-CUBE-AZRTOS-F4.1.1.0
2023-10-24 22:40:38,410 [WARN] PackLoader:240 - Cannot read IP mode file for wolfSSL.I-CUBE-wolfSSL.5.6.3
2023-10-24 22:40:38,455 [WARN] PackLoader:240 - Cannot read IP mode file for STMicroelectronics.X-CUBE-AZRTOS-L5.2.0.0
2023-10-24 22:40:38,538 [WARN] PackLoader:240 - Cannot read IP mode file for STMicroelectronics.X-CUBE-MEMS1.9.6.0
2023-10-24 22:40:38,714 [WARN] PackLoader:240 - Cannot read IP mode file for ITTIA_DB.I-CUBE-ITTIADB.8.8.0
2023-10-24 22:40:38,738 [WARN] PackLoader:240 - Cannot read IP mode file for STMicroelectronics.X-CUBE-BLEMGR.2.0.0
2023-10-24 22:40:38,785 [WARN] ConditionMgr:438 - getConditionDescription Invalid condition id : UX DEVICE CLASS RTOS Condition cause : null
2023-10-24 22:40:38,786 [WARN] ConditionMgr:438 - getConditionDescription Invalid condition id : UX DEVICE CLASS RTOS Condition cause : null
2023-10-24 22:40:38,792 [WARN] PackLoader:240 - Cannot read IP mode file for STMicroelectronics.X-CUBE-AZRTOS-H7.3.1.0
2023-10-24 22:40:38,795 [WARN] ConditionMgr:1039 - genDependencies : Invalid condition id : UX DEVICE CLASS RTOS Condition cause : null
2023-10-24 22:40:38,795 [WARN] ConditionMgr:1039 - genDependencies : Invalid condition id : UX DEVICE CLASS RTOS Condition cause : null
2023-10-24 22:40:38,796 [WARN] ConditionMgr:1039 - genDependencies : Invalid condition id : UX DEVICE CLASS RTOS Condition cause : null
2023-10-24 22:40:38,797 [WARN] ConditionMgr:1039 - genDependencies : Invalid condition id : UX DEVICE CLASS RTOS Condition cause : null
2023-10-24 22:40:38,797 [WARN] ConditionMgr:1039 - genDependencies : Invalid condition id : UX DEVICE CLASS RTOS Condition cause : null
2023-10-24 22:40:38,809 [WARN] PackLoader:240 - Cannot read IP mode file for STMicroelectronics.X-CUBE-NFC7.1.0.1
2023-10-24 22:40:38,829 [WARN] PackLoader:240 - Cannot read IP mode file for STMicroelectronics.X-CUBE-NFC6.3.0.0
2023-10-24 22:40:38,842 [WARN] PackLoader:240 - Cannot read IP mode file for STMicroelectronics.X-CUBE-EEPRMA1.4.1.0
2023-10-24 22:40:38,848 [WARN] PackLoader:240 - Cannot read IP mode file for STMicroelectronics.X-CUBE-AI.8.1.0
2023-10-24 22:40:38,877 [WARN] ConditionMgr:438 - getConditionDescription Invalid condition id : LAN8742 Phy interface Condition cause : null
2023-10-24 22:40:38,878 [WARN] PackLoader:240 - Cannot read IP mode file for STMicroelectronics.X-CUBE-AZRTOS-L4.2.0.0
2023-10-24 22:40:38,881 [WARN] ConditionMgr:1039 - genDependencies : Invalid condition id : LAN8742 Phy interface Condition cause : null
2023-10-24 22:40:38,881 [WARN] ConditionMgr:1039 - genDependencies : Invalid condition id : LAN8742 Phy interface Condition cause : null
2023-10-24 22:40:38,882 [WARN] ConditionMgr:1039 - genDependencies : Invalid condition id : LAN8742 Phy interface Condition cause : null
2023-10-24 22:40:38,897 [WARN] PackLoader:240 - Cannot read IP mode file for STMicroelectronics.X-CUBE-SFXS2LP1.4.0.0
2023-10-24 22:40:38,906 [WARN] PackLoader:240 - Cannot read IP mode file for STMicroelectronics.X-CUBE-ISPU.1.1.0
2023-10-24 22:40:38,921 [WARN] ConditionMgr:438 - getConditionDescription Invalid condition id : UX DEVICE CLASS RTOS Condition cause : null
2023-10-24 22:40:38,922 [WARN] ConditionMgr:438 - getConditionDescription Invalid condition id : UX DEVICE CLASS RTOS Condition cause : null
2023-10-24 22:40:38,925 [WARN] PackLoader:240 - Cannot read IP mode file for STMicroelectronics.X-CUBE-AZRTOS-WB.2.0.0
2023-10-24 22:40:38,927 [WARN] ConditionMgr:1039 - genDependencies : Invalid condition id : UX DEVICE CLASS RTOS Condition cause : null
2023-10-24 22:40:38,927 [WARN] ConditionMgr:1039 - genDependencies : Invalid condition id : UX DEVICE CLASS RTOS Condition cause : null
2023-10-24 22:40:38,928 [WARN] ConditionMgr:1039 - genDependencies : Invalid condition id : UX DEVICE CLASS RTOS Condition cause : null
2023-10-24 22:40:38,928 [WARN] ConditionMgr:1039 - genDependencies : Invalid condition id : UX DEVICE CLASS RTOS Condition cause : null
2023-10-24 22:40:38,928 [WARN] ConditionMgr:1039 - genDependencies : Invalid condition id : UX DEVICE CLASS RTOS Condition cause : null
2023-10-24 22:40:38,941 [WARN] PackLoader:240 - Cannot read IP mode file for STMicroelectronics.X-CUBE-SUBG2.5.0.0
2023-10-24 22:40:38,962 [WARN] PackLoader:240 - Cannot read IP mode file for STMicroelectronics.X-CUBE-TOF1.3.3.1
2023-10-24 22:40:38,985 [WARN] PackLoader:240 - Cannot read IP mode file for STMicroelectronics.X-CUBE-AZRTOS-G4.2.0.0
2023-10-24 22:40:39,012 [WARN] PackLoader:240 - Cannot read IP mode file for Infineon.AIROC-Wi-Fi-Bluetooth-STM32.1.5.1
2023-10-24 22:40:39,180 [WARN] PackLoader:240 - Cannot read IP mode file for STMicroelectronics.X-CUBE-MEMS1.10.0.0
2023-10-24 22:40:39,342 [WARN] PackLoader:240 - Cannot read IP mode file for STMicroelectronics.X-CUBE-FREERTOS.1.1.0
2023-10-24 22:40:39,355 [WARN] PackLoader:240 - Cannot read IP mode file for portGmbH.I-Cube-SoM-uGOAL.1.1.0
2023-10-24 22:40:39,363 [WARN] PackLoader:240 - Cannot read IP mode file for STMicroelectronics.X-CUBE-ALS.1.0.1
2023-10-24 22:40:39,376 [WARN] PackLoader:240 - Cannot read IP mode file for STMicroelectronics.FP-ATR-ASTRA1.2.0.0
2023-10-24 22:40:39,381 [INFO] ThirdParty:978 - Integrity check success = true
2023-10-24 22:40:39,382 [INFO] IntegrityCheckThread:100 - exiting critical section [integrity check]
2023-10-24 22:40:39,382 [INFO] IntegrityCheckThread:103 - End integrity checks thread
2023-10-24 22:40:47,625 [ERROR] LogOutputStream:75 - [STDERR_REDIRECT] SLF4J: Failed to load class "org.slf4j.impl.StaticLoggerBinder".
2023-10-24 22:40:47,626 [ERROR] LogOutputStream:75 - [STDERR_REDIRECT] SLF4J: Defaulting to no-operation (NOP) logger implementation
2023-10-24 22:40:47,628 [ERROR] LogOutputStream:75 - [STDERR_REDIRECT] SLF4J: See http://www.slf4j.org/codes.html#StaticLoggerBinder for further details.
