2023-08-30 22:47:11,103 [INFO] Activator:176 - 


2023-08-30 22:47:11,105 [INFO] Activator:177 - !SESSION log4j initialized
2023-08-30 22:47:12,610 [ERROR] LogOutputStream:75 - [STDERR_REDIRECT] 
2023-08-30 22:47:13,155 [INFO] LogOutputStream:77 - [STDOUT_REDIRECT] 
2023-08-30 22:47:15,117 [INFO] LogOutputStream:77 - [STDOUT_REDIRECT] 
2023-08-30 22:47:17,020 [INFO] ApplicationProperties:184 - Using Application install path: /Applications/STM32CubeIDE.app/Contents/Eclipse/plugins/com.st.stm32cube.common.mx_6.9.1.202307191849
2023-08-30 22:47:17,033 [INFO] DbMcusXml:78 - Set database path to: /Applications/STM32CubeIDE.app/Contents/Eclipse/plugins/com.st.stm32cube.common.mx_6.9.1.202307191849//db//mcu/
2023-08-30 22:47:17,033 [INFO] ApiDb:274 - Set plugin database path to: /Applications/STM32CubeIDE.app/Contents/Eclipse/plugins/com.st.stm32cube.common.mx_6.9.1.202307191849//db//plugins/boardmanager/
2023-08-30 22:47:17,035 [WARN] ApiDb:259 - Overriding images path with different value:  => /Applications/STM32CubeIDE.app/Contents/Eclipse/plugins/com.st.stm32cube.common.mx_6.9.1.202307191849//db//plugins/mcufinder/images/
2023-08-30 22:47:17,048 [INFO] ApiDb:250 - Set database path to: /Users/mariestahaab/.stmcufinder/plugins/mcufinder//mcu/
2023-08-30 22:47:17,050 [INFO] DbMcusAds:125 - Set database path to: /Users/mariestahaab/.stmcufinder/plugins/mcufinder//mcu/
2023-08-30 22:47:17,051 [INFO] CrossReferenceDbSqlite:203 - Set database path to: /Users/mariestahaab/.stmcufinder/plugins/mcufinder//mcu/cs/
2023-08-30 22:47:17,174 [INFO] RulesReader:64 - Compatibility file has been processed (293 Rules)
2023-08-30 22:47:17,236 [INFO] DbMcusXml:78 - Set database path to: /Applications/STM32CubeIDE.app/Contents/Eclipse/plugins/com.st.stm32cube.common.mx_6.9.1.202307191849//db//mcu/
2023-08-30 22:47:17,236 [INFO] ApiDb:274 - Set plugin database path to: /Applications/STM32CubeIDE.app/Contents/Eclipse/plugins/com.st.stm32cube.common.mx_6.9.1.202307191849//db//plugins/boardmanager/
2023-08-30 22:47:17,236 [INFO] ApiDb:261 - Set plugin images path to: /Applications/STM32CubeIDE.app/Contents/Eclipse/plugins/com.st.stm32cube.common.mx_6.9.1.202307191849//db//plugins/mcufinder/images/
2023-08-30 22:47:17,237 [WARN] DbFile:41 - Overriding database path with different value: /Users/mariestahaab/.stmcufinder/plugins/mcufinder/ => /Users/mariestahaab/.stmcufinder/plugins/mcufinder
2023-08-30 22:47:17,237 [INFO] ApiDb:250 - Set database path to: /Users/mariestahaab/.stmcufinder/plugins/mcufinder//mcu/
2023-08-30 22:47:17,237 [WARN] DbFile:41 - Overriding database path with different value: /Users/mariestahaab/.stmcufinder/plugins/mcufinder/ => /Users/mariestahaab/.stmcufinder/plugins/mcufinder
2023-08-30 22:47:17,237 [INFO] DbMcusAds:125 - Set database path to: /Users/mariestahaab/.stmcufinder/plugins/mcufinder//mcu/
2023-08-30 22:47:17,237 [WARN] DbFile:41 - Overriding database path with different value: /Users/mariestahaab/.stmcufinder/plugins/mcufinder/ => /Users/mariestahaab/.stmcufinder/plugins/mcufinder
2023-08-30 22:47:17,237 [WARN] DbFile:41 - Overriding database path with different value: /Users/mariestahaab/.stmcufinder/plugins/mcufinder/ => /Users/mariestahaab/.stmcufinder/plugins/mcufinder
2023-08-30 22:47:17,238 [INFO] CrossReferenceDbSqlite:203 - Set database path to: /Users/mariestahaab/.stmcufinder/plugins/mcufinder//mcu/cs/
2023-08-30 22:47:17,313 [INFO] MainPanel:262 - HeapMemory: 306184192
2023-08-30 22:47:17,386 [INFO] DbMcusXml:78 - Set database path to: /Applications/STM32CubeIDE.app/Contents/Eclipse/plugins/com.st.stm32cube.common.mx_6.9.1.202307191849//db//mcu/
2023-08-30 22:47:17,387 [INFO] ApiDb:274 - Set plugin database path to: /Applications/STM32CubeIDE.app/Contents/Eclipse/plugins/com.st.stm32cube.common.mx_6.9.1.202307191849//db//plugins/boardmanager/
2023-08-30 22:47:17,387 [INFO] ApiDb:261 - Set plugin images path to: /Applications/STM32CubeIDE.app/Contents/Eclipse/plugins/com.st.stm32cube.common.mx_6.9.1.202307191849//db//plugins/mcufinder/images/
2023-08-30 22:47:17,387 [WARN] DbFile:41 - Overriding database path with different value: /Users/mariestahaab/.stmcufinder/plugins/mcufinder/ => /Users/mariestahaab/.stmcufinder/plugins/mcufinder
2023-08-30 22:47:17,387 [INFO] ApiDb:250 - Set database path to: /Users/mariestahaab/.stmcufinder/plugins/mcufinder//mcu/
2023-08-30 22:47:17,387 [WARN] DbFile:41 - Overriding database path with different value: /Users/mariestahaab/.stmcufinder/plugins/mcufinder/ => /Users/mariestahaab/.stmcufinder/plugins/mcufinder
2023-08-30 22:47:17,387 [INFO] DbMcusAds:125 - Set database path to: /Users/mariestahaab/.stmcufinder/plugins/mcufinder//mcu/
2023-08-30 22:47:17,387 [WARN] DbFile:41 - Overriding database path with different value: /Users/mariestahaab/.stmcufinder/plugins/mcufinder/ => /Users/mariestahaab/.stmcufinder/plugins/mcufinder
2023-08-30 22:47:17,387 [WARN] DbFile:41 - Overriding database path with different value: /Users/mariestahaab/.stmcufinder/plugins/mcufinder/ => /Users/mariestahaab/.stmcufinder/plugins/mcufinder
2023-08-30 22:47:17,387 [INFO] CrossReferenceDbSqlite:203 - Set database path to: /Users/mariestahaab/.stmcufinder/plugins/mcufinder//mcu/cs/
2023-08-30 22:47:17,402 [INFO] ApplicationProperties:184 - Using Application install path: /Applications/STM32CubeIDE.app/Contents/Eclipse/plugins/com.st.stm32cube.common.mx_6.9.1.202307191849
2023-08-30 22:47:17,404 [INFO] PluginManage:196 - Search for loadable plugins [exclusion list=, ]
2023-08-30 22:47:17,406 [INFO] PluginManage:310 - Check plugin analytics
2023-08-30 22:47:17,656 [INFO] AnalyticsPlugin:253 - Accepted Software Licenses: 
2023-08-30 22:47:17,656 [INFO] AnalyticsPlugin:255 - Accepted CMSIS Pack Licenses: 
2023-08-30 22:47:17,656 [INFO] AnalyticsPlugin:257 - Accepted Firmware Licenses: FW.F4.1.27.0
2023-08-30 22:47:17,664 [INFO] PluginManage:359 - Loaded plugin analytics (category:tool,tabindex:-1)
2023-08-30 22:47:17,665 [INFO] PluginManage:310 - Check plugin cadmodel
2023-08-30 22:47:18,001 [INFO] CADModel:105 - Init CAD model plugin
2023-08-30 22:47:18,003 [INFO] PluginManage:359 - Loaded plugin cadmodel (category:power,tabindex:5)
2023-08-30 22:47:18,005 [INFO] PluginManage:310 - Check plugin clock
2023-08-30 22:47:18,040 [INFO] PluginManage:359 - Loaded plugin clock (category:base,tabindex:2)
2023-08-30 22:47:18,041 [INFO] PluginManage:310 - Check plugin ddr
2023-08-30 22:47:18,048 [INFO] PluginManage:359 - Loaded plugin ddr (category:tool,tabindex:6)
2023-08-30 22:47:18,048 [INFO] PluginManage:310 - Check plugin filemanager
2023-08-30 22:47:18,253 [INFO] PluginManage:359 - Loaded plugin filemanager (category:base,tabindex:10)
2023-08-30 22:47:18,253 [INFO] PluginManage:310 - Check plugin ipmanager
2023-08-30 22:47:18,260 [INFO] PluginManage:359 - Loaded plugin ipmanager (category:base,tabindex:5)
2023-08-30 22:47:18,261 [INFO] PluginManage:310 - Check plugin lpbam
2023-08-30 22:47:18,271 [INFO] PluginManage:359 - Loaded plugin lpbam (category:base,tabindex:0)
2023-08-30 22:47:18,271 [INFO] PluginManage:310 - Check plugin memorymap
2023-08-30 22:47:18,283 [INFO] PluginManage:359 - Loaded plugin memorymap (category:base,tabindex:4)
2023-08-30 22:47:18,283 [INFO] PluginManage:310 - Check plugin pinoutandconfiguration
2023-08-30 22:47:18,289 [INFO] PluginManage:359 - Loaded plugin pinoutandconfiguration (category:base,tabindex:1)
2023-08-30 22:47:18,290 [INFO] PluginManage:310 - Check plugin pinoutconfig
2023-08-30 22:47:18,383 [WARN] SupportedApi:132 - Cannot load RTOS API schema: s4s-elt-must-match.1: The content of 'definitions' must match (annotation?, (simpleType | complexType)?, (unique | key | keyref)*)). A problem was found starting at: attribute.
2023-08-30 22:47:18,673 [INFO] PluginManage:359 - Loaded plugin pinoutconfig (category:base,tabindex:0)
2023-08-30 22:47:18,674 [INFO] PluginManage:310 - Check plugin power
2023-08-30 22:47:18,697 [INFO] PluginManage:359 - Loaded plugin power (category:power,tabindex:4)
2023-08-30 22:47:18,697 [INFO] PluginManage:310 - Check plugin projectmanager
2023-08-30 22:47:18,736 [INFO] PluginManage:359 - Loaded plugin projectmanager (category:projectmanager,tabindex:3)
2023-08-30 22:47:18,736 [INFO] PluginManage:310 - Check plugin thirdparty
2023-08-30 22:47:18,903 [INFO] PluginManage:359 - Loaded plugin thirdparty (category:base,tabindex:-1)
2023-08-30 22:47:18,903 [INFO] PluginManage:310 - Check plugin tools
2023-08-30 22:47:18,902 [WARN] IntegrityCheckThread:84 - waiting for thirdparty lock release [integrity check]
2023-08-30 22:47:18,904 [INFO] IntegrityCheckThread:86 - entering critical section [integrity check]
2023-08-30 22:47:18,905 [INFO] ThirdPartyUpdaterWithRetryManager:70 - Updater plugin not ready yet. [1/15]
2023-08-30 22:47:18,906 [INFO] PluginManage:359 - Loaded plugin tools (category:base,tabindex:7)
2023-08-30 22:47:18,906 [INFO] PluginManage:310 - Check plugin tutovideos
2023-08-30 22:47:19,075 [INFO] PluginManage:359 - Loaded plugin tutovideos (category:base,tabindex:-1)
2023-08-30 22:47:19,075 [INFO] PluginManage:310 - Check plugin updater
2023-08-30 22:47:19,096 [INFO] PluginManage:359 - Loaded plugin updater (category:base,tabindex:12)
2023-08-30 22:47:19,096 [INFO] PluginManage:310 - Check plugin userauth
2023-08-30 22:47:19,102 [INFO] UserAuth:113 - Init User Auth plugin
2023-08-30 22:47:19,102 [INFO] PluginManage:359 - Loaded plugin userauth (category:base,tabindex:14)
2023-08-30 22:47:19,103 [INFO] PluginManage:283 - PluginManage : Loaded plugins [17]
2023-08-30 22:47:19,365 [INFO] PinOutPanel:1499 - setPackage(No Configuration,No Configuration)
2023-08-30 22:47:19,464 [INFO] CADModel:165 - CPN selected for project level
2023-08-30 22:47:19,464 [INFO] CADModel:114 - Register for checkConnection events
2023-08-30 22:47:19,476 [INFO] IPUIPlugin:80 - create IPUIPlugin
2023-08-30 22:47:19,477 [INFO] PluginManager:220 - loadIPPluginJar : add mdma
2023-08-30 22:47:19,483 [INFO] IPUIPlugin:80 - create IPUIPlugin
2023-08-30 22:47:19,483 [INFO] PluginManager:220 - loadIPPluginJar : add freertos
2023-08-30 22:47:19,488 [INFO] IPUIPlugin:80 - create IPUIPlugin
2023-08-30 22:47:19,488 [INFO] PluginManager:220 - loadIPPluginJar : add gic
2023-08-30 22:47:19,494 [INFO] IPUIPlugin:80 - create IPUIPlugin
2023-08-30 22:47:19,494 [INFO] PluginManager:220 - loadIPPluginJar : add adc
2023-08-30 22:47:19,496 [INFO] IPUIPlugin:80 - create IPUIPlugin
2023-08-30 22:47:19,496 [INFO] PluginManager:220 - loadIPPluginJar : add gtzc
2023-08-30 22:47:19,497 [INFO] IPUIPlugin:80 - create IPUIPlugin
2023-08-30 22:47:19,497 [INFO] PluginManager:220 - loadIPPluginJar : add quadspi
2023-08-30 22:47:19,498 [INFO] IPUIPlugin:80 - create IPUIPlugin
2023-08-30 22:47:19,499 [INFO] PluginManager:220 - loadIPPluginJar : add aes
2023-08-30 22:47:19,501 [INFO] IPUIPlugin:80 - create IPUIPlugin
2023-08-30 22:47:19,501 [INFO] PluginManager:220 - loadIPPluginJar : add pdm2pcm
2023-08-30 22:47:19,502 [INFO] IPUIPlugin:80 - create IPUIPlugin
2023-08-30 22:47:19,502 [INFO] PluginManager:220 - loadIPPluginJar : add hash
2023-08-30 22:47:19,503 [INFO] IPUIPlugin:80 - create IPUIPlugin
2023-08-30 22:47:19,503 [INFO] PluginManager:220 - loadIPPluginJar : add tim
2023-08-30 22:47:19,504 [INFO] IPUIPlugin:80 - create IPUIPlugin
2023-08-30 22:47:19,504 [INFO] PluginManager:220 - loadIPPluginJar : add tsc
2023-08-30 22:47:19,505 [INFO] IPUIPlugin:80 - create IPUIPlugin
2023-08-30 22:47:19,505 [INFO] PluginManager:220 - loadIPPluginJar : add ts
2023-08-30 22:47:19,507 [INFO] IPUIPlugin:80 - create IPUIPlugin
2023-08-30 22:47:19,507 [INFO] PluginManager:220 - loadIPPluginJar : add can
2023-08-30 22:47:19,509 [INFO] IPUIPlugin:80 - create IPUIPlugin
2023-08-30 22:47:19,510 [INFO] PluginManager:220 - loadIPPluginJar : add dma3
2023-08-30 22:47:19,512 [INFO] IPUIPlugin:80 - create IPUIPlugin
2023-08-30 22:47:19,512 [INFO] PluginManager:220 - loadIPPluginJar : add dfsdm
2023-08-30 22:47:19,513 [INFO] IPUIPlugin:80 - create IPUIPlugin
2023-08-30 22:47:19,513 [INFO] PluginManager:220 - loadIPPluginJar : add spi
2023-08-30 22:47:19,514 [INFO] IPUIPlugin:80 - create IPUIPlugin
2023-08-30 22:47:19,514 [INFO] PluginManager:220 - loadIPPluginJar : add gfxmmu
2023-08-30 22:47:19,515 [INFO] IPUIPlugin:80 - create IPUIPlugin
2023-08-30 22:47:19,515 [INFO] PluginManager:220 - loadIPPluginJar : add genericplugin
2023-08-30 22:47:19,516 [INFO] IPUIPlugin:80 - create IPUIPlugin
2023-08-30 22:47:19,516 [INFO] PluginManager:220 - loadIPPluginJar : add cryp
2023-08-30 22:47:19,518 [INFO] IPUIPlugin:80 - create IPUIPlugin
2023-08-30 22:47:19,518 [INFO] PluginManager:220 - loadIPPluginJar : add gpio
2023-08-30 22:47:19,519 [INFO] IPUIPlugin:80 - create IPUIPlugin
2023-08-30 22:47:19,519 [INFO] PluginManager:220 - loadIPPluginJar : add comp
2023-08-30 22:47:19,521 [INFO] IPUIPlugin:80 - create IPUIPlugin
2023-08-30 22:47:19,521 [INFO] PluginManager:220 - loadIPPluginJar : add tracer_emb
2023-08-30 22:47:19,523 [INFO] IPUIPlugin:80 - create IPUIPlugin
2023-08-30 22:47:19,523 [INFO] PluginManager:220 - loadIPPluginJar : add openamp
2023-08-30 22:47:19,526 [INFO] IPUIPlugin:80 - create IPUIPlugin
2023-08-30 22:47:19,526 [INFO] PluginManager:220 - loadIPPluginJar : add stm32_wpan
2023-08-30 22:47:19,529 [INFO] IPUIPlugin:80 - create IPUIPlugin
2023-08-30 22:47:19,534 [INFO] PluginManager:220 - loadIPPluginJar : add plateformsettings
2023-08-30 22:47:19,536 [INFO] IPUIPlugin:80 - create IPUIPlugin
2023-08-30 22:47:19,537 [INFO] PluginManager:220 - loadIPPluginJar : add ipddr
2023-08-30 22:47:19,539 [INFO] IPUIPlugin:80 - create IPUIPlugin
2023-08-30 22:47:19,539 [INFO] PluginManager:220 - loadIPPluginJar : add usart
2023-08-30 22:47:19,540 [INFO] IPUIPlugin:80 - create IPUIPlugin
2023-08-30 22:47:19,540 [INFO] PluginManager:220 - loadIPPluginJar : add ltdc
2023-08-30 22:47:19,543 [INFO] IPUIPlugin:80 - create IPUIPlugin
2023-08-30 22:47:19,543 [INFO] PluginManager:220 - loadIPPluginJar : add nvic
2023-08-30 22:47:19,544 [INFO] IPUIPlugin:80 - create IPUIPlugin
2023-08-30 22:47:19,544 [INFO] PluginManager:220 - loadIPPluginJar : add fatfs
2023-08-30 22:47:19,548 [INFO] IPUIPlugin:80 - create IPUIPlugin
2023-08-30 22:47:19,548 [INFO] PluginManager:220 - loadIPPluginJar : add linkedlist
2023-08-30 22:47:19,551 [INFO] IPUIPlugin:80 - create IPUIPlugin
2023-08-30 22:47:19,551 [INFO] PluginManager:220 - loadIPPluginJar : add dma
2023-08-30 22:47:19,554 [INFO] IPUIPlugin:80 - create IPUIPlugin
2023-08-30 22:47:19,554 [INFO] PluginManager:220 - loadIPPluginJar : add fmc
2023-08-30 22:47:19,555 [INFO] IPUIPlugin:80 - create IPUIPlugin
2023-08-30 22:47:19,555 [INFO] PluginManager:220 - loadIPPluginJar : add i2s
2023-08-30 22:47:19,556 [INFO] IPUIPlugin:80 - create IPUIPlugin
2023-08-30 22:47:19,556 [INFO] PluginManager:220 - loadIPPluginJar : add ucpd
2023-08-30 22:47:19,559 [INFO] IPUIPlugin:80 - create IPUIPlugin
2023-08-30 22:47:19,559 [INFO] PluginManager:220 - loadIPPluginJar : add lorawan
2023-08-30 22:47:19,561 [INFO] IPUIPlugin:80 - create IPUIPlugin
2023-08-30 22:47:19,561 [INFO] PluginManager:220 - loadIPPluginJar : add opamp
2023-08-30 22:47:19,563 [INFO] IPUIPlugin:80 - create IPUIPlugin
2023-08-30 22:47:19,563 [INFO] PluginManager:220 - loadIPPluginJar : add i3c
2023-08-30 22:47:19,565 [INFO] IPUIPlugin:80 - create IPUIPlugin
2023-08-30 22:47:19,565 [INFO] PluginManager:220 - loadIPPluginJar : add touchsensing
2023-08-30 22:47:19,567 [INFO] IPUIPlugin:80 - create IPUIPlugin
2023-08-30 22:47:19,567 [INFO] PluginManager:220 - loadIPPluginJar : add i2c
2023-08-30 22:47:19,569 [INFO] IPUIPlugin:80 - create IPUIPlugin
2023-08-30 22:47:19,569 [INFO] PluginManager:220 - loadIPPluginJar : add resmgrutility
2023-08-30 22:47:19,571 [INFO] IPUIPlugin:80 - create IPUIPlugin
2023-08-30 22:47:19,571 [INFO] PluginManager:220 - loadIPPluginJar : add sai
2023-08-30 22:47:19,573 [INFO] IPUIPlugin:80 - create IPUIPlugin
2023-08-30 22:47:19,574 [INFO] PluginManager:220 - loadIPPluginJar : add usbx
2023-08-30 22:47:19,697 [INFO] CADModel:165 - CPN selected for project level
2023-08-30 22:47:19,697 [INFO] CADModel:114 - Register for checkConnection events
2023-08-30 22:47:19,697 [FATAL] Updater:308 - Updater called before beeing initialized
2023-08-30 22:47:19,697 [ERROR] CADModel:125 - Updater not yet initialized, retry later 
2023-08-30 22:47:19,943 [INFO] CADModel:165 - CPN selected for project level
2023-08-30 22:47:19,944 [INFO] CADModel:114 - Register for checkConnection events
2023-08-30 22:47:19,945 [FATAL] Updater:308 - Updater called before beeing initialized
2023-08-30 22:47:19,945 [ERROR] CADModel:125 - Updater not yet initialized, retry later 
2023-08-30 22:47:19,949 [FATAL] Updater:308 - Updater called before beeing initialized
2023-08-30 22:47:20,096 [FATAL] Updater:308 - Updater called before beeing initialized
2023-08-30 22:47:20,108 [INFO] DbMcusAds:53 - JSON generation date=Tue Mar 07 08:50:55 GMT 2023 (1678179055114)
2023-08-30 22:47:20,108 [FATAL] Updater:308 - Updater called before beeing initialized
2023-08-30 22:47:20,152 [WARN] DetailPanel:346 - Failed to get advertising image, set to default
2023-08-30 22:47:20,223 [FATAL] Updater:308 - Updater called before beeing initialized
2023-08-30 22:47:20,225 [FATAL] Updater:308 - Updater called before beeing initialized
2023-08-30 22:47:20,225 [FATAL] Updater:308 - Updater called before beeing initialized
2023-08-30 22:47:20,225 [WARN] DetailPanel:346 - Failed to get advertising image, set to default
2023-08-30 22:47:20,226 [FATAL] Updater:308 - Updater called before beeing initialized
2023-08-30 22:47:20,287 [ERROR] Updater:1120 - MainUpdater not yet initialized. External WinMGr cannot be set.
2023-08-30 22:47:20,324 [INFO] Updater:1056 - Updater Version found : 6.9.1
2023-08-30 22:47:20,336 [INFO] ApplicationProperties:184 - Using Application install path: /Applications/STM32CubeIDE.app/Contents/Eclipse/plugins/com.st.stm32cube.common.mx_6.9.1.202307191849
2023-08-30 22:47:20,669 [INFO] MainUpdater:2868 - connection check result : 10
2023-08-30 22:47:20,670 [INFO] MainUpdater:285 - Updater Check For Update Now.
2023-08-30 22:47:20,670 [INFO] MicroXplorer:498 - Change Database Version : DB.6.0.91
2023-08-30 22:47:20,680 [INFO] McuFinderGlobals:63 - Set McuFinder mode to 2 (CubeIDE integrated)
2023-08-30 22:47:20,908 [INFO] CheckServerUpdateThread:120 - End of CheckServer Thread
2023-08-30 22:47:22,093 [WARN] PackLoader:240 - Cannot read IP mode file for STMicroelectronics.X-CUBE-SMBUS.2.1.0
2023-08-30 22:47:22,147 [WARN] PackLoader:240 - Cannot read IP mode file for STMicroelectronics.X-CUBE-AZRTOS-F7.1.1.0
2023-08-30 22:47:22,174 [WARN] PackLoader:240 - Cannot read IP mode file for STMicroelectronics.FP-SNS-MOTENV1.4.3.2
2023-08-30 22:47:22,195 [WARN] PackLoader:240 - Cannot read IP mode file for STMicroelectronics.FP-SNS-FLIGHT1.5.0.2
2023-08-30 22:47:22,218 [WARN] PackLoader:240 - Cannot read IP mode file for STMicroelectronics.X-CUBE-DISPLAY.3.0.0
2023-08-30 22:47:22,255 [WARN] PackLoader:240 - Cannot read IP mode file for STMicroelectronics.X-CUBE-BLE1.7.0.0
2023-08-30 22:47:22,288 [WARN] PackLoader:240 - Cannot read IP mode file for emotas.I-CUBE-CANOPEN.1.3.0
2023-08-30 22:47:22,314 [WARN] PackLoader:240 - Cannot read IP mode file for STMicroelectronics.X-CUBE-TOUCHGFX.4.22.0
2023-08-30 22:47:22,334 [INFO] LogOutputStream:77 - [STDOUT_REDIRECT] 1 : Invalid condition id : UX_CORESTACK_Condition cause : null
2023-08-30 22:47:22,334 [INFO] LogOutputStream:77 - [STDOUT_REDIRECT] 1 : Invalid condition id : UX_CORESTACK_Condition cause : null
2023-08-30 22:47:22,335 [INFO] LogOutputStream:77 - [STDOUT_REDIRECT] 1 : Invalid condition id : UX_CORESTACK_Condition cause : null
2023-08-30 22:47:22,335 [INFO] LogOutputStream:77 - [STDOUT_REDIRECT] 1 : Invalid condition id : UX_CORESTACK_Condition cause : null
2023-08-30 22:47:22,335 [INFO] LogOutputStream:77 - [STDOUT_REDIRECT] 1 : Invalid condition id : UX_CORESTACK_Condition cause : null
2023-08-30 22:47:22,343 [WARN] PackLoader:240 - Cannot read IP mode file for STMicroelectronics.X-CUBE-AZRTOS-WL.2.0.0
2023-08-30 22:47:22,365 [WARN] PackLoader:240 - Cannot read IP mode file for WES.I-CUBE-Cesium.1.3.0
2023-08-30 22:47:22,378 [WARN] PackLoader:240 - Cannot read IP mode file for STMicroelectronics.X-CUBE-BLE2.3.3.0
2023-08-30 22:47:22,390 [WARN] PackLoader:240 - Cannot read IP mode file for STMicroelectronics.X-CUBE-ALGOBUILD.1.3.0
2023-08-30 22:47:22,421 [WARN] PackLoader:240 - Cannot read IP mode file for STMicroelectronics.X-CUBE-AZRTOS-G0.1.1.0
2023-08-30 22:47:22,434 [WARN] PackLoader:240 - Cannot read IP mode file for STMicroelectronics.X-CUBE-NFC4.3.0.0
2023-08-30 22:47:22,461 [WARN] PackLoader:240 - Cannot read IP mode file for STMicroelectronics.FP-ATR-SIGFOX1.3.2.0
2023-08-30 22:47:22,559 [WARN] PackLoader:240 - Cannot read IP mode file for SEGGER.I-CUBE-embOS.1.3.1
2023-08-30 22:47:22,766 [WARN] PackLoader:240 - Cannot read IP mode file for STMicroelectronics.X-CUBE-GNSS1.6.0.0
2023-08-30 22:47:22,810 [WARN] PackLoader:240 - Cannot read IP mode file for STMicroelectronics.X-CUBE-AZRTOS-F4.1.1.0
2023-08-30 22:47:22,836 [WARN] PackLoader:240 - Cannot read IP mode file for wolfSSL.I-CUBE-wolfSSL.5.6.3
2023-08-30 22:47:22,894 [WARN] PackLoader:240 - Cannot read IP mode file for STMicroelectronics.X-CUBE-AZRTOS-L5.2.0.0
2023-08-30 22:47:23,018 [WARN] PackLoader:240 - Cannot read IP mode file for STMicroelectronics.X-CUBE-MEMS1.9.6.0
2023-08-30 22:47:23,186 [WARN] PackLoader:240 - Cannot read IP mode file for STMicroelectronics.X-CUBE-BLEMGR.2.0.0
2023-08-30 22:47:23,245 [WARN] ConditionMgr:438 - getConditionDescription Invalid condition id : UX DEVICE CLASS RTOS Condition cause : null
2023-08-30 22:47:23,245 [WARN] ConditionMgr:438 - getConditionDescription Invalid condition id : UX DEVICE CLASS RTOS Condition cause : null
2023-08-30 22:47:23,277 [WARN] PackLoader:240 - Cannot read IP mode file for STMicroelectronics.X-CUBE-AZRTOS-H7.3.1.0
2023-08-30 22:47:23,281 [WARN] ConditionMgr:1039 - genDependencies : Invalid condition id : UX DEVICE CLASS RTOS Condition cause : null
2023-08-30 22:47:23,281 [WARN] ConditionMgr:1039 - genDependencies : Invalid condition id : UX DEVICE CLASS RTOS Condition cause : null
2023-08-30 22:47:23,282 [WARN] ConditionMgr:1039 - genDependencies : Invalid condition id : UX DEVICE CLASS RTOS Condition cause : null
2023-08-30 22:47:23,283 [WARN] ConditionMgr:1039 - genDependencies : Invalid condition id : UX DEVICE CLASS RTOS Condition cause : null
2023-08-30 22:47:23,283 [WARN] ConditionMgr:1039 - genDependencies : Invalid condition id : UX DEVICE CLASS RTOS Condition cause : null
2023-08-30 22:47:23,299 [WARN] PackLoader:240 - Cannot read IP mode file for STMicroelectronics.X-CUBE-NFC7.1.0.1
2023-08-30 22:47:23,311 [WARN] PackLoader:240 - Cannot read IP mode file for STMicroelectronics.X-CUBE-EEPRMA1.4.1.0
2023-08-30 22:47:23,318 [WARN] PackLoader:240 - Cannot read IP mode file for STMicroelectronics.X-CUBE-AI.8.1.0
2023-08-30 22:47:23,348 [WARN] ConditionMgr:438 - getConditionDescription Invalid condition id : LAN8742 Phy interface Condition cause : null
2023-08-30 22:47:23,349 [WARN] PackLoader:240 - Cannot read IP mode file for STMicroelectronics.X-CUBE-AZRTOS-L4.2.0.0
2023-08-30 22:47:23,360 [WARN] ConditionMgr:1039 - genDependencies : Invalid condition id : LAN8742 Phy interface Condition cause : null
2023-08-30 22:47:23,360 [WARN] ConditionMgr:1039 - genDependencies : Invalid condition id : LAN8742 Phy interface Condition cause : null
2023-08-30 22:47:23,361 [WARN] ConditionMgr:1039 - genDependencies : Invalid condition id : LAN8742 Phy interface Condition cause : null
2023-08-30 22:47:23,394 [WARN] PackLoader:240 - Cannot read IP mode file for STMicroelectronics.X-CUBE-SFXS2LP1.4.0.0
2023-08-30 22:47:23,405 [WARN] PackLoader:240 - Cannot read IP mode file for STMicroelectronics.X-CUBE-ISPU.1.1.0
2023-08-30 22:47:23,424 [WARN] ConditionMgr:438 - getConditionDescription Invalid condition id : UX DEVICE CLASS RTOS Condition cause : null
2023-08-30 22:47:23,424 [WARN] ConditionMgr:438 - getConditionDescription Invalid condition id : UX DEVICE CLASS RTOS Condition cause : null
2023-08-30 22:47:23,429 [WARN] PackLoader:240 - Cannot read IP mode file for STMicroelectronics.X-CUBE-AZRTOS-WB.2.0.0
2023-08-30 22:47:23,430 [WARN] ConditionMgr:1039 - genDependencies : Invalid condition id : UX DEVICE CLASS RTOS Condition cause : null
2023-08-30 22:47:23,430 [WARN] ConditionMgr:1039 - genDependencies : Invalid condition id : UX DEVICE CLASS RTOS Condition cause : null
2023-08-30 22:47:23,431 [WARN] ConditionMgr:1039 - genDependencies : Invalid condition id : UX DEVICE CLASS RTOS Condition cause : null
2023-08-30 22:47:23,432 [WARN] ConditionMgr:1039 - genDependencies : Invalid condition id : UX DEVICE CLASS RTOS Condition cause : null
2023-08-30 22:47:23,432 [WARN] ConditionMgr:1039 - genDependencies : Invalid condition id : UX DEVICE CLASS RTOS Condition cause : null
2023-08-30 22:47:23,448 [WARN] PackLoader:240 - Cannot read IP mode file for STMicroelectronics.X-CUBE-SUBG2.5.0.0
2023-08-30 22:47:23,480 [WARN] PackLoader:240 - Cannot read IP mode file for STMicroelectronics.X-CUBE-TOF1.3.3.1
2023-08-30 22:47:23,509 [WARN] PackLoader:240 - Cannot read IP mode file for STMicroelectronics.X-CUBE-AZRTOS-G4.2.0.0
2023-08-30 22:47:23,529 [WARN] PackLoader:240 - Cannot read IP mode file for STMicroelectronics.X-CUBE-FREERTOS.1.1.0
2023-08-30 22:47:23,544 [WARN] PackLoader:240 - Cannot read IP mode file for portGmbH.I-Cube-SoM-uGOAL.1.1.0
2023-08-30 22:47:23,553 [WARN] PackLoader:240 - Cannot read IP mode file for STMicroelectronics.X-CUBE-ALS.1.0.1
2023-08-30 22:47:23,558 [WARN] PackLoader:240 - Cannot read IP mode file for STMicroelectronics.FP-ATR-ASTRA1.2.0.0
2023-08-30 22:47:23,561 [INFO] ThirdParty:978 - Integrity check success = true
2023-08-30 22:47:23,561 [INFO] IntegrityCheckThread:100 - exiting critical section [integrity check]
2023-08-30 22:47:23,561 [INFO] IntegrityCheckThread:103 - End integrity checks thread
2023-08-30 22:47:41,713 [ERROR] LogOutputStream:75 - [STDERR_REDIRECT] SLF4J: Failed to load class "org.slf4j.impl.StaticLoggerBinder".
2023-08-30 22:47:41,720 [ERROR] LogOutputStream:75 - [STDERR_REDIRECT] SLF4J: Defaulting to no-operation (NOP) logger implementation
2023-08-30 22:47:41,721 [ERROR] LogOutputStream:75 - [STDERR_REDIRECT] SLF4J: See http://www.slf4j.org/codes.html#StaticLoggerBinder for further details.
