2023-08-31 01:00:27,891 [ERROR] LogOutputStream:75 - [STDERR_REDIRECT] java.io.EOFException
2023-08-31 01:00:27,911 [ERROR] LogOutputStream:75 - [STDERR_REDIRECT] 	at org.eclipse.cdt.utils.macho.ERandomAccessFile.readIntE(ERandomAccessFile.java:56)
2023-08-31 01:00:27,912 [ERROR] LogOutputStream:75 - [STDERR_REDIRECT] 	at org.eclipse.cdt.utils.macho.MachO64.getSections(MachO64.java:1344)
2023-08-31 01:00:27,912 [ERROR] LogOutputStream:75 - [STDERR_REDIRECT] 	at org.eclipse.cdt.utils.macho.MachO64.loadLoadCommands(MachO64.java:1439)
2023-08-31 01:00:27,912 [ERROR] LogOutputStream:75 - [STDERR_REDIRECT] 	at org.eclipse.cdt.utils.macho.MachO64.createStabsReader(MachO64.java:1794)
2023-08-31 01:00:27,912 [ERROR] LogOutputStream:75 - [STDERR_REDIRECT] 	at org.eclipse.cdt.utils.macho.MachO64.getSymbolReader(MachO64.java:1822)
2023-08-31 01:00:27,912 [ERROR] LogOutputStream:75 - [STDERR_REDIRECT] 	at org.eclipse.cdt.utils.macho.parser.MachOBinaryObject64.getAdapter(MachOBinaryObject64.java:415)
2023-08-31 01:00:27,912 [ERROR] LogOutputStream:75 - [STDERR_REDIRECT] 	at org.eclipse.cdt.internal.core.model.Binary.addSourceFiles(Binary.java:310)
2023-08-31 01:00:27,912 [ERROR] LogOutputStream:75 - [STDERR_REDIRECT] 	at org.eclipse.cdt.internal.core.model.Binary.computeChildren(Binary.java:284)
2023-08-31 01:00:27,912 [ERROR] LogOutputStream:75 - [STDERR_REDIRECT] 	at org.eclipse.cdt.internal.core.model.Binary.buildStructure(Binary.java:270)
2023-08-31 01:00:27,912 [ERROR] LogOutputStream:75 - [STDERR_REDIRECT] 	at org.eclipse.cdt.internal.core.model.Openable.generateInfos(Openable.java:264)
2023-08-31 01:00:27,913 [ERROR] LogOutputStream:75 - [STDERR_REDIRECT] 	at org.eclipse.cdt.internal.core.model.CElement.openWhenClosed(CElement.java:428)
2023-08-31 01:00:27,913 [ERROR] LogOutputStream:75 - [STDERR_REDIRECT] 	at org.eclipse.cdt.internal.core.model.CElement.getElementInfo(CElement.java:306)
2023-08-31 01:00:27,914 [ERROR] LogOutputStream:75 - [STDERR_REDIRECT] 	at org.eclipse.cdt.internal.core.model.CElement.getElementInfo(CElement.java:296)
2023-08-31 01:00:27,914 [ERROR] LogOutputStream:75 - [STDERR_REDIRECT] 	at org.eclipse.cdt.internal.core.model.Parent.getChildren(Parent.java:57)
2023-08-31 01:00:27,914 [ERROR] LogOutputStream:75 - [STDERR_REDIRECT] 	at org.eclipse.cdt.internal.ui.BaseCElementContentProvider.getChildren(BaseCElementContentProvider.java:282)
2023-08-31 01:00:27,914 [ERROR] LogOutputStream:75 - [STDERR_REDIRECT] 	at org.eclipse.cdt.internal.ui.cview.CViewContentProvider.getChildren(CViewContentProvider.java:92)
2023-08-31 01:00:27,914 [ERROR] LogOutputStream:75 - [STDERR_REDIRECT] 	at org.eclipse.cdt.internal.ui.navigator.CNavigatorContentProvider.getChildren(CNavigatorContentProvider.java:233)
2023-08-31 01:00:27,914 [ERROR] LogOutputStream:75 - [STDERR_REDIRECT] 	at org.eclipse.ui.internal.navigator.extensions.SafeDelegateTreeContentProvider.getChildren(SafeDelegateTreeContentProvider.java:98)
2023-08-31 01:00:27,914 [ERROR] LogOutputStream:75 - [STDERR_REDIRECT] 	at org.eclipse.ui.internal.navigator.extensions.SafeDelegateTreeContentProvider.getChildren(SafeDelegateTreeContentProvider.java:241)
2023-08-31 01:00:27,914 [ERROR] LogOutputStream:75 - [STDERR_REDIRECT] 	at org.eclipse.ui.internal.navigator.extensions.SafeDelegateTreeContentProvider.getChildren(SafeDelegateTreeContentProvider.java:96)
2023-08-31 01:00:27,915 [ERROR] LogOutputStream:75 - [STDERR_REDIRECT] 	at org.eclipse.ui.internal.navigator.NavigatorContentServiceContentProvider$1.run(NavigatorContentServiceContentProvider.java:160)
2023-08-31 01:00:27,915 [ERROR] LogOutputStream:75 - [STDERR_REDIRECT] 	at org.eclipse.core.runtime.SafeRunner.run(SafeRunner.java:45)
2023-08-31 01:00:27,915 [ERROR] LogOutputStream:75 - [STDERR_REDIRECT] 	at org.eclipse.ui.internal.navigator.NavigatorContentServiceContentProvider.internalGetChildren(NavigatorContentServiceContentProvider.java:146)
2023-08-31 01:00:27,915 [ERROR] LogOutputStream:75 - [STDERR_REDIRECT] 	at org.eclipse.ui.internal.navigator.NavigatorContentServiceContentProvider.getChildren(NavigatorContentServiceContentProvider.java:132)
2023-08-31 01:00:27,915 [ERROR] LogOutputStream:75 - [STDERR_REDIRECT] 	at org.eclipse.jface.viewers.AbstractTreeViewer.getRawChildren(AbstractTreeViewer.java:1438)
2023-08-31 01:00:27,915 [ERROR] LogOutputStream:75 - [STDERR_REDIRECT] 	at org.eclipse.jface.viewers.TreeViewer.getRawChildren(TreeViewer.java:350)
2023-08-31 01:00:27,915 [ERROR] LogOutputStream:75 - [STDERR_REDIRECT] 	at org.eclipse.jface.viewers.StructuredViewer.getFilteredChildren(StructuredViewer.java:850)
2023-08-31 01:00:27,916 [ERROR] LogOutputStream:75 - [STDERR_REDIRECT] 	at org.eclipse.jface.viewers.AbstractTreeViewer.getSortedChildren(AbstractTreeViewer.java:638)
2023-08-31 01:00:27,916 [ERROR] LogOutputStream:75 - [STDERR_REDIRECT] 	at org.eclipse.jface.viewers.AbstractTreeViewer.createChildren(AbstractTreeViewer.java:837)
2023-08-31 01:00:27,916 [ERROR] LogOutputStream:75 - [STDERR_REDIRECT] 	at org.eclipse.jface.viewers.TreeViewer.createChildren(TreeViewer.java:611)
2023-08-31 01:00:27,916 [ERROR] LogOutputStream:75 - [STDERR_REDIRECT] 	at org.eclipse.jface.viewers.AbstractTreeViewer.createChildren(AbstractTreeViewer.java:790)
2023-08-31 01:00:27,916 [ERROR] LogOutputStream:75 - [STDERR_REDIRECT] 	at org.eclipse.jface.viewers.AbstractTreeViewer.handleTreeExpand(AbstractTreeViewer.java:1565)
2023-08-31 01:00:27,916 [ERROR] LogOutputStream:75 - [STDERR_REDIRECT] 	at org.eclipse.jface.viewers.TreeViewer.handleTreeExpand(TreeViewer.java:897)
2023-08-31 01:00:27,916 [ERROR] LogOutputStream:75 - [STDERR_REDIRECT] 	at org.eclipse.jface.viewers.AbstractTreeViewer$3.treeExpanded(AbstractTreeViewer.java:1577)
2023-08-31 01:00:27,916 [ERROR] LogOutputStream:75 - [STDERR_REDIRECT] 	at org.eclipse.swt.widgets.TypedListener.handleEvent(TypedListener.java:136)
2023-08-31 01:00:27,916 [ERROR] LogOutputStream:75 - [STDERR_REDIRECT] 	at org.eclipse.swt.widgets.EventTable.sendEvent(EventTable.java:89)
2023-08-31 01:00:27,916 [ERROR] LogOutputStream:75 - [STDERR_REDIRECT] 	at org.eclipse.swt.widgets.Display.sendEvent(Display.java:4646)
2023-08-31 01:00:27,917 [ERROR] LogOutputStream:75 - [STDERR_REDIRECT] 	at org.eclipse.swt.widgets.Widget.sendEvent(Widget.java:1524)
2023-08-31 01:00:27,917 [ERROR] LogOutputStream:75 - [STDERR_REDIRECT] 	at org.eclipse.swt.widgets.Widget.sendEvent(Widget.java:1547)
2023-08-31 01:00:27,917 [ERROR] LogOutputStream:75 - [STDERR_REDIRECT] 	at org.eclipse.swt.widgets.Widget.sendEvent(Widget.java:1532)
2023-08-31 01:00:27,918 [ERROR] LogOutputStream:75 - [STDERR_REDIRECT] 	at org.eclipse.swt.widgets.TreeItem.sendExpand(TreeItem.java:1031)
2023-08-31 01:00:27,918 [ERROR] LogOutputStream:75 - [STDERR_REDIRECT] 	at org.eclipse.swt.widgets.Tree.expandItem_expandChildren(Tree.java:1326)
2023-08-31 01:00:27,918 [ERROR] LogOutputStream:75 - [STDERR_REDIRECT] 	at org.eclipse.swt.widgets.Display.windowProc(Display.java:6777)
2023-08-31 01:00:27,919 [ERROR] LogOutputStream:75 - [STDERR_REDIRECT] 	at org.eclipse.swt.internal.cocoa.OS.objc_msgSendSuper(Native Method)
2023-08-31 01:00:27,919 [ERROR] LogOutputStream:75 - [STDERR_REDIRECT] 	at org.eclipse.swt.widgets.Widget.callSuper(Widget.java:236)
2023-08-31 01:00:27,919 [ERROR] LogOutputStream:75 - [STDERR_REDIRECT] 	at org.eclipse.swt.widgets.Widget.mouseDownSuper(Widget.java:1147)
2023-08-31 01:00:27,919 [ERROR] LogOutputStream:75 - [STDERR_REDIRECT] 	at org.eclipse.swt.widgets.Tree.mouseDownSuper(Tree.java:2191)
2023-08-31 01:00:27,919 [ERROR] LogOutputStream:75 - [STDERR_REDIRECT] 	at org.eclipse.swt.widgets.Widget.mouseDown(Widget.java:1139)
2023-08-31 01:00:27,919 [ERROR] LogOutputStream:75 - [STDERR_REDIRECT] 	at org.eclipse.swt.widgets.Control.mouseDown(Control.java:2625)
2023-08-31 01:00:27,919 [ERROR] LogOutputStream:75 - [STDERR_REDIRECT] 	at org.eclipse.swt.widgets.Tree.mouseDown(Tree.java:2158)
2023-08-31 01:00:27,920 [ERROR] LogOutputStream:75 - [STDERR_REDIRECT] 	at org.eclipse.swt.widgets.Display.windowProc(Display.java:6320)
2023-08-31 01:00:27,920 [ERROR] LogOutputStream:75 - [STDERR_REDIRECT] 	at org.eclipse.swt.internal.cocoa.OS.objc_msgSendSuper(Native Method)
2023-08-31 01:00:27,920 [ERROR] LogOutputStream:75 - [STDERR_REDIRECT] 	at org.eclipse.swt.widgets.Widget.callSuper(Widget.java:236)
2023-08-31 01:00:27,920 [ERROR] LogOutputStream:75 - [STDERR_REDIRECT] 	at org.eclipse.swt.widgets.Widget.windowSendEvent(Widget.java:2264)
2023-08-31 01:00:27,920 [ERROR] LogOutputStream:75 - [STDERR_REDIRECT] 	at org.eclipse.swt.widgets.Shell.windowSendEvent(Shell.java:2511)
2023-08-31 01:00:27,920 [ERROR] LogOutputStream:75 - [STDERR_REDIRECT] 	at org.eclipse.swt.widgets.Display.windowProc(Display.java:6444)
2023-08-31 01:00:27,921 [ERROR] LogOutputStream:75 - [STDERR_REDIRECT] 	at org.eclipse.swt.internal.cocoa.OS.objc_msgSendSuper(Native Method)
2023-08-31 01:00:27,921 [ERROR] LogOutputStream:75 - [STDERR_REDIRECT] 	at org.eclipse.swt.widgets.Display.applicationSendEvent(Display.java:5692)
2023-08-31 01:00:27,921 [ERROR] LogOutputStream:75 - [STDERR_REDIRECT] 	at org.eclipse.swt.widgets.Display.applicationProc(Display.java:5831)
2023-08-31 01:00:27,921 [ERROR] LogOutputStream:75 - [STDERR_REDIRECT] 	at org.eclipse.swt.internal.cocoa.OS.objc_msgSend(Native Method)
2023-08-31 01:00:27,921 [ERROR] LogOutputStream:75 - [STDERR_REDIRECT] 	at org.eclipse.swt.internal.cocoa.NSApplication.sendEvent(NSApplication.java:117)
2023-08-31 01:00:27,921 [ERROR] LogOutputStream:75 - [STDERR_REDIRECT] 	at org.eclipse.swt.widgets.Display.readAndDispatch(Display.java:3986)
2023-08-31 01:00:27,922 [ERROR] LogOutputStream:75 - [STDERR_REDIRECT] 	at org.eclipse.e4.ui.internal.workbench.swt.PartRenderingEngine$5.run(PartRenderingEngine.java:1155)
2023-08-31 01:00:27,922 [ERROR] LogOutputStream:75 - [STDERR_REDIRECT] 	at org.eclipse.core.databinding.observable.Realm.runWithDefault(Realm.java:338)
2023-08-31 01:00:27,922 [ERROR] LogOutputStream:75 - [STDERR_REDIRECT] 	at org.eclipse.e4.ui.internal.workbench.swt.PartRenderingEngine.run(PartRenderingEngine.java:1046)
2023-08-31 01:00:27,922 [ERROR] LogOutputStream:75 - [STDERR_REDIRECT] 	at org.eclipse.e4.ui.internal.workbench.E4Workbench.createAndRunUI(E4Workbench.java:155)
2023-08-31 01:00:27,922 [ERROR] LogOutputStream:75 - [STDERR_REDIRECT] 	at org.eclipse.ui.internal.Workbench.lambda$3(Workbench.java:643)
2023-08-31 01:00:27,922 [ERROR] LogOutputStream:75 - [STDERR_REDIRECT] 	at org.eclipse.core.databinding.observable.Realm.runWithDefault(Realm.java:338)
2023-08-31 01:00:27,923 [ERROR] LogOutputStream:75 - [STDERR_REDIRECT] 	at org.eclipse.ui.internal.Workbench.createAndRunWorkbench(Workbench.java:550)
2023-08-31 01:00:27,924 [ERROR] LogOutputStream:75 - [STDERR_REDIRECT] 	at org.eclipse.ui.PlatformUI.createAndRunWorkbench(PlatformUI.java:171)
2023-08-31 01:00:27,924 [ERROR] LogOutputStream:75 - [STDERR_REDIRECT] 	at org.eclipse.ui.internal.ide.application.IDEApplication.start(IDEApplication.java:152)
2023-08-31 01:00:27,924 [ERROR] LogOutputStream:75 - [STDERR_REDIRECT] 	at org.eclipse.equinox.internal.app.EclipseAppHandle.run(EclipseAppHandle.java:203)
2023-08-31 01:00:27,924 [ERROR] LogOutputStream:75 - [STDERR_REDIRECT] 	at org.eclipse.core.runtime.internal.adaptor.EclipseAppLauncher.runApplication(EclipseAppLauncher.java:136)
2023-08-31 01:00:27,924 [ERROR] LogOutputStream:75 - [STDERR_REDIRECT] 	at org.eclipse.core.runtime.internal.adaptor.EclipseAppLauncher.start(EclipseAppLauncher.java:104)
2023-08-31 01:00:27,924 [ERROR] LogOutputStream:75 - [STDERR_REDIRECT] 	at org.eclipse.core.runtime.adaptor.EclipseStarter.run(EclipseStarter.java:402)
2023-08-31 01:00:27,925 [ERROR] LogOutputStream:75 - [STDERR_REDIRECT] 	at org.eclipse.core.runtime.adaptor.EclipseStarter.run(EclipseStarter.java:255)
2023-08-31 01:00:27,925 [ERROR] LogOutputStream:75 - [STDERR_REDIRECT] 	at java.base/jdk.internal.reflect.NativeMethodAccessorImpl.invoke0(Native Method)
2023-08-31 01:00:27,925 [ERROR] LogOutputStream:75 - [STDERR_REDIRECT] 	at java.base/jdk.internal.reflect.NativeMethodAccessorImpl.invoke(NativeMethodAccessorImpl.java:77)
2023-08-31 01:00:27,925 [ERROR] LogOutputStream:75 - [STDERR_REDIRECT] 	at java.base/jdk.internal.reflect.DelegatingMethodAccessorImpl.invoke(DelegatingMethodAccessorImpl.java:43)
2023-08-31 01:00:27,925 [ERROR] LogOutputStream:75 - [STDERR_REDIRECT] 	at java.base/java.lang.reflect.Method.invoke(Method.java:568)
2023-08-31 01:00:27,925 [ERROR] LogOutputStream:75 - [STDERR_REDIRECT] 	at org.eclipse.equinox.launcher.Main.invokeFramework(Main.java:659)
2023-08-31 01:00:27,925 [ERROR] LogOutputStream:75 - [STDERR_REDIRECT] 	at org.eclipse.equinox.launcher.Main.basicRun(Main.java:596)
2023-08-31 01:00:27,926 [ERROR] LogOutputStream:75 - [STDERR_REDIRECT] 	at org.eclipse.equinox.launcher.Main.run(Main.java:1467)
2023-08-31 01:01:08,877 [ERROR] LogOutputStream:75 - [STDERR_REDIRECT] java.io.EOFException
2023-08-31 01:01:08,884 [ERROR] LogOutputStream:75 - [STDERR_REDIRECT] 	at java.base/java.io.RandomAccessFile.readFully(RandomAccessFile.java:471)
2023-08-31 01:01:08,884 [ERROR] LogOutputStream:75 - [STDERR_REDIRECT] 	at java.base/java.io.RandomAccessFile.readFully(RandomAccessFile.java:445)
2023-08-31 01:01:08,884 [ERROR] LogOutputStream:75 - [STDERR_REDIRECT] 	at org.eclipse.cdt.utils.macho.MachO64.getSections(MachO64.java:1332)
2023-08-31 01:01:08,884 [ERROR] LogOutputStream:75 - [STDERR_REDIRECT] 	at org.eclipse.cdt.utils.macho.MachO64.loadLoadCommands(MachO64.java:1439)
2023-08-31 01:01:08,885 [ERROR] LogOutputStream:75 - [STDERR_REDIRECT] 	at org.eclipse.cdt.utils.macho.MachO64.createStabsReader(MachO64.java:1794)
2023-08-31 01:01:08,885 [ERROR] LogOutputStream:75 - [STDERR_REDIRECT] 	at org.eclipse.cdt.utils.macho.MachO64.getSymbolReader(MachO64.java:1822)
2023-08-31 01:01:08,885 [ERROR] LogOutputStream:75 - [STDERR_REDIRECT] 	at org.eclipse.cdt.utils.macho.parser.MachOBinaryObject64.getAdapter(MachOBinaryObject64.java:415)
2023-08-31 01:01:08,885 [ERROR] LogOutputStream:75 - [STDERR_REDIRECT] 	at org.eclipse.cdt.internal.core.model.Binary.addSourceFiles(Binary.java:310)
2023-08-31 01:01:08,885 [ERROR] LogOutputStream:75 - [STDERR_REDIRECT] 	at org.eclipse.cdt.internal.core.model.Binary.computeChildren(Binary.java:284)
2023-08-31 01:01:08,885 [ERROR] LogOutputStream:75 - [STDERR_REDIRECT] 	at org.eclipse.cdt.internal.core.model.Binary.buildStructure(Binary.java:270)
2023-08-31 01:01:08,885 [ERROR] LogOutputStream:75 - [STDERR_REDIRECT] 	at org.eclipse.cdt.internal.core.model.Openable.generateInfos(Openable.java:264)
2023-08-31 01:01:08,885 [ERROR] LogOutputStream:75 - [STDERR_REDIRECT] 	at org.eclipse.cdt.internal.core.model.CElement.openWhenClosed(CElement.java:428)
2023-08-31 01:01:08,885 [ERROR] LogOutputStream:75 - [STDERR_REDIRECT] 	at org.eclipse.cdt.internal.core.model.CElement.getElementInfo(CElement.java:306)
2023-08-31 01:01:08,886 [ERROR] LogOutputStream:75 - [STDERR_REDIRECT] 	at org.eclipse.cdt.internal.core.model.CElement.getElementInfo(CElement.java:296)
2023-08-31 01:01:08,886 [ERROR] LogOutputStream:75 - [STDERR_REDIRECT] 	at org.eclipse.cdt.internal.core.model.Parent.getChildren(Parent.java:57)
2023-08-31 01:01:08,886 [ERROR] LogOutputStream:75 - [STDERR_REDIRECT] 	at org.eclipse.cdt.internal.ui.BaseCElementContentProvider.getChildren(BaseCElementContentProvider.java:282)
2023-08-31 01:01:08,886 [ERROR] LogOutputStream:75 - [STDERR_REDIRECT] 	at org.eclipse.cdt.internal.ui.cview.CViewContentProvider.getChildren(CViewContentProvider.java:92)
2023-08-31 01:01:08,886 [ERROR] LogOutputStream:75 - [STDERR_REDIRECT] 	at org.eclipse.cdt.internal.ui.navigator.CNavigatorContentProvider.getChildren(CNavigatorContentProvider.java:233)
2023-08-31 01:01:08,886 [ERROR] LogOutputStream:75 - [STDERR_REDIRECT] 	at org.eclipse.ui.internal.navigator.extensions.SafeDelegateTreeContentProvider.getChildren(SafeDelegateTreeContentProvider.java:98)
2023-08-31 01:01:08,887 [ERROR] LogOutputStream:75 - [STDERR_REDIRECT] 	at org.eclipse.ui.internal.navigator.extensions.SafeDelegateTreeContentProvider.getChildren(SafeDelegateTreeContentProvider.java:241)
2023-08-31 01:01:08,887 [ERROR] LogOutputStream:75 - [STDERR_REDIRECT] 	at org.eclipse.ui.internal.navigator.extensions.SafeDelegateTreeContentProvider.getChildren(SafeDelegateTreeContentProvider.java:96)
2023-08-31 01:01:08,887 [ERROR] LogOutputStream:75 - [STDERR_REDIRECT] 	at org.eclipse.ui.internal.navigator.NavigatorContentServiceContentProvider$1.run(NavigatorContentServiceContentProvider.java:160)
2023-08-31 01:01:08,887 [ERROR] LogOutputStream:75 - [STDERR_REDIRECT] 	at org.eclipse.core.runtime.SafeRunner.run(SafeRunner.java:45)
2023-08-31 01:01:08,887 [ERROR] LogOutputStream:75 - [STDERR_REDIRECT] 	at org.eclipse.ui.internal.navigator.NavigatorContentServiceContentProvider.internalGetChildren(NavigatorContentServiceContentProvider.java:146)
2023-08-31 01:01:08,887 [ERROR] LogOutputStream:75 - [STDERR_REDIRECT] 	at org.eclipse.ui.internal.navigator.NavigatorContentServiceContentProvider.getChildren(NavigatorContentServiceContentProvider.java:132)
2023-08-31 01:01:08,887 [ERROR] LogOutputStream:75 - [STDERR_REDIRECT] 	at org.eclipse.jface.viewers.AbstractTreeViewer.getRawChildren(AbstractTreeViewer.java:1438)
2023-08-31 01:01:08,887 [ERROR] LogOutputStream:75 - [STDERR_REDIRECT] 	at org.eclipse.jface.viewers.TreeViewer.getRawChildren(TreeViewer.java:350)
2023-08-31 01:01:08,887 [ERROR] LogOutputStream:75 - [STDERR_REDIRECT] 	at org.eclipse.jface.viewers.StructuredViewer.getFilteredChildren(StructuredViewer.java:850)
2023-08-31 01:01:08,887 [ERROR] LogOutputStream:75 - [STDERR_REDIRECT] 	at org.eclipse.jface.viewers.AbstractTreeViewer.getSortedChildren(AbstractTreeViewer.java:638)
2023-08-31 01:01:08,888 [ERROR] LogOutputStream:75 - [STDERR_REDIRECT] 	at org.eclipse.jface.viewers.AbstractTreeViewer.updateChildren(AbstractTreeViewer.java:2682)
2023-08-31 01:01:08,888 [ERROR] LogOutputStream:75 - [STDERR_REDIRECT] 	at org.eclipse.jface.viewers.AbstractTreeViewer.internalRefreshStruct(AbstractTreeViewer.java:1971)
2023-08-31 01:01:08,888 [ERROR] LogOutputStream:75 - [STDERR_REDIRECT] 	at org.eclipse.jface.viewers.TreeViewer.internalRefreshStruct(TreeViewer.java:684)
2023-08-31 01:01:08,888 [ERROR] LogOutputStream:75 - [STDERR_REDIRECT] 	at org.eclipse.jface.viewers.AbstractTreeViewer.internalRefreshStruct(AbstractTreeViewer.java:1977)
2023-08-31 01:01:08,890 [ERROR] LogOutputStream:75 - [STDERR_REDIRECT] 	at org.eclipse.jface.viewers.TreeViewer.internalRefreshStruct(TreeViewer.java:684)
2023-08-31 01:01:08,890 [ERROR] LogOutputStream:75 - [STDERR_REDIRECT] 	at org.eclipse.jface.viewers.AbstractTreeViewer.internalRefreshStruct(AbstractTreeViewer.java:1977)
2023-08-31 01:01:08,891 [ERROR] LogOutputStream:75 - [STDERR_REDIRECT] 	at org.eclipse.jface.viewers.TreeViewer.internalRefreshStruct(TreeViewer.java:684)
2023-08-31 01:01:08,891 [ERROR] LogOutputStream:75 - [STDERR_REDIRECT] 	at org.eclipse.jface.viewers.AbstractTreeViewer.internalRefresh(AbstractTreeViewer.java:1947)
2023-08-31 01:01:08,891 [ERROR] LogOutputStream:75 - [STDERR_REDIRECT] 	at org.eclipse.jface.viewers.AbstractTreeViewer.internalRefresh(AbstractTreeViewer.java:1904)
2023-08-31 01:01:08,891 [ERROR] LogOutputStream:75 - [STDERR_REDIRECT] 	at org.eclipse.ui.navigator.CommonViewer.internalRefresh(CommonViewer.java:532)
2023-08-31 01:01:08,891 [ERROR] LogOutputStream:75 - [STDERR_REDIRECT] 	at org.eclipse.jface.viewers.StructuredViewer.lambda$3(StructuredViewer.java:1482)
2023-08-31 01:01:08,891 [ERROR] LogOutputStream:75 - [STDERR_REDIRECT] 	at org.eclipse.jface.viewers.StructuredViewer.preservingSelection(StructuredViewer.java:1398)
2023-08-31 01:01:08,892 [ERROR] LogOutputStream:75 - [STDERR_REDIRECT] 	at org.eclipse.jface.viewers.TreeViewer.preservingSelection(TreeViewer.java:365)
2023-08-31 01:01:08,892 [ERROR] LogOutputStream:75 - [STDERR_REDIRECT] 	at org.eclipse.jface.viewers.StructuredViewer.preservingSelection(StructuredViewer.java:1359)
2023-08-31 01:01:08,892 [ERROR] LogOutputStream:75 - [STDERR_REDIRECT] 	at org.eclipse.jface.viewers.StructuredViewer.refresh(StructuredViewer.java:1482)
2023-08-31 01:01:08,892 [ERROR] LogOutputStream:75 - [STDERR_REDIRECT] 	at org.eclipse.jface.viewers.ColumnViewer.refresh(ColumnViewer.java:538)
2023-08-31 01:01:08,892 [ERROR] LogOutputStream:75 - [STDERR_REDIRECT] 	at org.eclipse.ui.navigator.CommonViewer.refresh(CommonViewer.java:349)
2023-08-31 01:01:08,892 [ERROR] LogOutputStream:75 - [STDERR_REDIRECT] 	at org.eclipse.ui.navigator.CommonViewer.refresh(CommonViewer.java:495)
2023-08-31 01:01:08,893 [ERROR] LogOutputStream:75 - [STDERR_REDIRECT] 	at org.eclipse.cdt.ui.CElementContentProvider$RefreshElement.refresh(CElementContentProvider.java:367)
2023-08-31 01:01:08,893 [ERROR] LogOutputStream:75 - [STDERR_REDIRECT] 	at org.eclipse.cdt.ui.CElementContentProvider.lambda$1(CElementContentProvider.java:450)
2023-08-31 01:01:08,893 [ERROR] LogOutputStream:75 - [STDERR_REDIRECT] 	at org.eclipse.swt.widgets.RunnableLock.run(RunnableLock.java:40)
2023-08-31 01:01:08,893 [ERROR] LogOutputStream:75 - [STDERR_REDIRECT] 	at org.eclipse.swt.widgets.Synchronizer.runAsyncMessages(Synchronizer.java:132)
2023-08-31 01:01:08,893 [ERROR] LogOutputStream:75 - [STDERR_REDIRECT] 	at org.eclipse.swt.widgets.Display.runAsyncMessages(Display.java:4368)
2023-08-31 01:01:08,893 [ERROR] LogOutputStream:75 - [STDERR_REDIRECT] 	at org.eclipse.swt.widgets.Display.readAndDispatch(Display.java:3991)
2023-08-31 01:01:08,893 [ERROR] LogOutputStream:75 - [STDERR_REDIRECT] 	at org.eclipse.e4.ui.internal.workbench.swt.PartRenderingEngine$5.run(PartRenderingEngine.java:1155)
2023-08-31 01:01:08,893 [ERROR] LogOutputStream:75 - [STDERR_REDIRECT] 	at org.eclipse.core.databinding.observable.Realm.runWithDefault(Realm.java:338)
2023-08-31 01:01:08,893 [ERROR] LogOutputStream:75 - [STDERR_REDIRECT] 	at org.eclipse.e4.ui.internal.workbench.swt.PartRenderingEngine.run(PartRenderingEngine.java:1046)
2023-08-31 01:01:08,893 [ERROR] LogOutputStream:75 - [STDERR_REDIRECT] 	at org.eclipse.e4.ui.internal.workbench.E4Workbench.createAndRunUI(E4Workbench.java:155)
2023-08-31 01:01:08,894 [ERROR] LogOutputStream:75 - [STDERR_REDIRECT] 	at org.eclipse.ui.internal.Workbench.lambda$3(Workbench.java:643)
2023-08-31 01:01:08,894 [ERROR] LogOutputStream:75 - [STDERR_REDIRECT] 	at org.eclipse.core.databinding.observable.Realm.runWithDefault(Realm.java:338)
2023-08-31 01:01:08,894 [ERROR] LogOutputStream:75 - [STDERR_REDIRECT] 	at org.eclipse.ui.internal.Workbench.createAndRunWorkbench(Workbench.java:550)
2023-08-31 01:01:08,894 [ERROR] LogOutputStream:75 - [STDERR_REDIRECT] 	at org.eclipse.ui.PlatformUI.createAndRunWorkbench(PlatformUI.java:171)
2023-08-31 01:01:08,894 [ERROR] LogOutputStream:75 - [STDERR_REDIRECT] 	at org.eclipse.ui.internal.ide.application.IDEApplication.start(IDEApplication.java:152)
2023-08-31 01:01:08,894 [ERROR] LogOutputStream:75 - [STDERR_REDIRECT] 	at org.eclipse.equinox.internal.app.EclipseAppHandle.run(EclipseAppHandle.java:203)
2023-08-31 01:01:08,894 [ERROR] LogOutputStream:75 - [STDERR_REDIRECT] 	at org.eclipse.core.runtime.internal.adaptor.EclipseAppLauncher.runApplication(EclipseAppLauncher.java:136)
2023-08-31 01:01:08,894 [ERROR] LogOutputStream:75 - [STDERR_REDIRECT] 	at org.eclipse.core.runtime.internal.adaptor.EclipseAppLauncher.start(EclipseAppLauncher.java:104)
2023-08-31 01:01:08,894 [ERROR] LogOutputStream:75 - [STDERR_REDIRECT] 	at org.eclipse.core.runtime.adaptor.EclipseStarter.run(EclipseStarter.java:402)
2023-08-31 01:01:08,894 [ERROR] LogOutputStream:75 - [STDERR_REDIRECT] 	at org.eclipse.core.runtime.adaptor.EclipseStarter.run(EclipseStarter.java:255)
2023-08-31 01:01:08,894 [ERROR] LogOutputStream:75 - [STDERR_REDIRECT] 	at java.base/jdk.internal.reflect.NativeMethodAccessorImpl.invoke0(Native Method)
2023-08-31 01:01:08,894 [ERROR] LogOutputStream:75 - [STDERR_REDIRECT] 	at java.base/jdk.internal.reflect.NativeMethodAccessorImpl.invoke(NativeMethodAccessorImpl.java:77)
2023-08-31 01:01:08,895 [ERROR] LogOutputStream:75 - [STDERR_REDIRECT] 	at java.base/jdk.internal.reflect.DelegatingMethodAccessorImpl.invoke(DelegatingMethodAccessorImpl.java:43)
2023-08-31 01:01:08,895 [ERROR] LogOutputStream:75 - [STDERR_REDIRECT] 	at java.base/java.lang.reflect.Method.invoke(Method.java:568)
2023-08-31 01:01:08,895 [ERROR] LogOutputStream:75 - [STDERR_REDIRECT] 	at org.eclipse.equinox.launcher.Main.invokeFramework(Main.java:659)
2023-08-31 01:01:08,896 [ERROR] LogOutputStream:75 - [STDERR_REDIRECT] 	at org.eclipse.equinox.launcher.Main.basicRun(Main.java:596)
2023-08-31 01:01:08,896 [ERROR] LogOutputStream:75 - [STDERR_REDIRECT] 	at org.eclipse.equinox.launcher.Main.run(Main.java:1467)
2023-08-31 01:01:08,930 [ERROR] LogOutputStream:75 - [STDERR_REDIRECT] java.io.EOFException
2023-08-31 01:01:08,930 [ERROR] LogOutputStream:75 - [STDERR_REDIRECT] 	at java.base/java.io.RandomAccessFile.readFully(RandomAccessFile.java:471)
2023-08-31 01:01:08,930 [ERROR] LogOutputStream:75 - [STDERR_REDIRECT] 	at java.base/java.io.RandomAccessFile.readFully(RandomAccessFile.java:445)
2023-08-31 01:01:08,930 [ERROR] LogOutputStream:75 - [STDERR_REDIRECT] 	at org.eclipse.cdt.utils.macho.MachO64.getSections(MachO64.java:1332)
2023-08-31 01:01:08,930 [ERROR] LogOutputStream:75 - [STDERR_REDIRECT] 	at org.eclipse.cdt.utils.macho.MachO64.loadLoadCommands(MachO64.java:1439)
2023-08-31 01:01:08,930 [ERROR] LogOutputStream:75 - [STDERR_REDIRECT] 	at org.eclipse.cdt.utils.macho.MachO64.createStabsReader(MachO64.java:1794)
2023-08-31 01:01:08,930 [ERROR] LogOutputStream:75 - [STDERR_REDIRECT] 	at org.eclipse.cdt.utils.macho.MachO64.getSymbolReader(MachO64.java:1822)
2023-08-31 01:01:08,930 [ERROR] LogOutputStream:75 - [STDERR_REDIRECT] 	at org.eclipse.cdt.utils.macho.parser.MachOBinaryObject64.getAdapter(MachOBinaryObject64.java:415)
2023-08-31 01:01:08,930 [ERROR] LogOutputStream:75 - [STDERR_REDIRECT] 	at org.eclipse.cdt.internal.core.model.Binary.addSourceFiles(Binary.java:310)
2023-08-31 01:01:08,931 [ERROR] LogOutputStream:75 - [STDERR_REDIRECT] 	at org.eclipse.cdt.internal.core.model.Binary.computeChildren(Binary.java:284)
2023-08-31 01:01:08,931 [ERROR] LogOutputStream:75 - [STDERR_REDIRECT] 	at org.eclipse.cdt.internal.core.model.Binary.buildStructure(Binary.java:270)
2023-08-31 01:01:08,931 [ERROR] LogOutputStream:75 - [STDERR_REDIRECT] 	at org.eclipse.cdt.internal.core.model.Openable.generateInfos(Openable.java:264)
2023-08-31 01:01:08,931 [ERROR] LogOutputStream:75 - [STDERR_REDIRECT] 	at org.eclipse.cdt.internal.core.model.CElement.openWhenClosed(CElement.java:428)
2023-08-31 01:01:08,931 [ERROR] LogOutputStream:75 - [STDERR_REDIRECT] 	at org.eclipse.cdt.internal.core.model.CElement.getElementInfo(CElement.java:306)
2023-08-31 01:01:08,931 [ERROR] LogOutputStream:75 - [STDERR_REDIRECT] 	at org.eclipse.cdt.internal.core.model.CElement.getElementInfo(CElement.java:296)
2023-08-31 01:01:08,931 [ERROR] LogOutputStream:75 - [STDERR_REDIRECT] 	at org.eclipse.cdt.internal.core.model.Parent.getChildren(Parent.java:57)
2023-08-31 01:01:08,931 [ERROR] LogOutputStream:75 - [STDERR_REDIRECT] 	at org.eclipse.cdt.internal.ui.BaseCElementContentProvider.getChildren(BaseCElementContentProvider.java:282)
2023-08-31 01:01:08,931 [ERROR] LogOutputStream:75 - [STDERR_REDIRECT] 	at org.eclipse.cdt.internal.ui.cview.CViewContentProvider.getChildren(CViewContentProvider.java:92)
2023-08-31 01:01:08,932 [ERROR] LogOutputStream:75 - [STDERR_REDIRECT] 	at org.eclipse.cdt.internal.ui.navigator.CNavigatorContentProvider.getChildren(CNavigatorContentProvider.java:233)
2023-08-31 01:01:08,932 [ERROR] LogOutputStream:75 - [STDERR_REDIRECT] 	at org.eclipse.ui.internal.navigator.extensions.SafeDelegateTreeContentProvider.getChildren(SafeDelegateTreeContentProvider.java:98)
2023-08-31 01:01:08,932 [ERROR] LogOutputStream:75 - [STDERR_REDIRECT] 	at org.eclipse.ui.internal.navigator.extensions.SafeDelegateTreeContentProvider.getChildren(SafeDelegateTreeContentProvider.java:241)
2023-08-31 01:01:08,932 [ERROR] LogOutputStream:75 - [STDERR_REDIRECT] 	at org.eclipse.ui.internal.navigator.extensions.SafeDelegateTreeContentProvider.getChildren(SafeDelegateTreeContentProvider.java:96)
2023-08-31 01:01:08,932 [ERROR] LogOutputStream:75 - [STDERR_REDIRECT] 	at org.eclipse.ui.internal.navigator.NavigatorContentServiceContentProvider$1.run(NavigatorContentServiceContentProvider.java:160)
2023-08-31 01:01:08,932 [ERROR] LogOutputStream:75 - [STDERR_REDIRECT] 	at org.eclipse.core.runtime.SafeRunner.run(SafeRunner.java:45)
2023-08-31 01:01:08,933 [ERROR] LogOutputStream:75 - [STDERR_REDIRECT] 	at org.eclipse.ui.internal.navigator.NavigatorContentServiceContentProvider.internalGetChildren(NavigatorContentServiceContentProvider.java:146)
2023-08-31 01:01:08,933 [ERROR] LogOutputStream:75 - [STDERR_REDIRECT] 	at org.eclipse.ui.internal.navigator.NavigatorContentServiceContentProvider.getChildren(NavigatorContentServiceContentProvider.java:132)
2023-08-31 01:01:08,933 [ERROR] LogOutputStream:75 - [STDERR_REDIRECT] 	at org.eclipse.jface.viewers.AbstractTreeViewer.getRawChildren(AbstractTreeViewer.java:1438)
2023-08-31 01:01:08,933 [ERROR] LogOutputStream:75 - [STDERR_REDIRECT] 	at org.eclipse.jface.viewers.TreeViewer.getRawChildren(TreeViewer.java:350)
2023-08-31 01:01:08,934 [ERROR] LogOutputStream:75 - [STDERR_REDIRECT] 	at org.eclipse.jface.viewers.StructuredViewer.getFilteredChildren(StructuredViewer.java:850)
2023-08-31 01:01:08,934 [ERROR] LogOutputStream:75 - [STDERR_REDIRECT] 	at org.eclipse.jface.viewers.AbstractTreeViewer.getSortedChildren(AbstractTreeViewer.java:638)
2023-08-31 01:01:08,934 [ERROR] LogOutputStream:75 - [STDERR_REDIRECT] 	at org.eclipse.jface.viewers.AbstractTreeViewer.updateChildren(AbstractTreeViewer.java:2682)
2023-08-31 01:01:08,934 [ERROR] LogOutputStream:75 - [STDERR_REDIRECT] 	at org.eclipse.jface.viewers.AbstractTreeViewer.internalRefreshStruct(AbstractTreeViewer.java:1971)
2023-08-31 01:01:08,934 [ERROR] LogOutputStream:75 - [STDERR_REDIRECT] 	at org.eclipse.jface.viewers.TreeViewer.internalRefreshStruct(TreeViewer.java:684)
2023-08-31 01:01:08,935 [ERROR] LogOutputStream:75 - [STDERR_REDIRECT] 	at org.eclipse.jface.viewers.AbstractTreeViewer.internalRefreshStruct(AbstractTreeViewer.java:1977)
2023-08-31 01:01:08,935 [ERROR] LogOutputStream:75 - [STDERR_REDIRECT] 	at org.eclipse.jface.viewers.TreeViewer.internalRefreshStruct(TreeViewer.java:684)
2023-08-31 01:01:08,936 [ERROR] LogOutputStream:75 - [STDERR_REDIRECT] 	at org.eclipse.jface.viewers.AbstractTreeViewer.internalRefreshStruct(AbstractTreeViewer.java:1977)
2023-08-31 01:01:08,937 [ERROR] LogOutputStream:75 - [STDERR_REDIRECT] 	at org.eclipse.jface.viewers.TreeViewer.internalRefreshStruct(TreeViewer.java:684)
2023-08-31 01:01:08,937 [ERROR] LogOutputStream:75 - [STDERR_REDIRECT] 	at org.eclipse.jface.viewers.AbstractTreeViewer.internalRefresh(AbstractTreeViewer.java:1947)
2023-08-31 01:01:08,937 [ERROR] LogOutputStream:75 - [STDERR_REDIRECT] 	at org.eclipse.jface.viewers.AbstractTreeViewer.internalRefresh(AbstractTreeViewer.java:1904)
2023-08-31 01:01:08,937 [ERROR] LogOutputStream:75 - [STDERR_REDIRECT] 	at org.eclipse.ui.navigator.CommonViewer.internalRefresh(CommonViewer.java:532)
2023-08-31 01:01:08,937 [ERROR] LogOutputStream:75 - [STDERR_REDIRECT] 	at org.eclipse.jface.viewers.StructuredViewer.lambda$3(StructuredViewer.java:1482)
2023-08-31 01:01:08,938 [ERROR] LogOutputStream:75 - [STDERR_REDIRECT] 	at org.eclipse.jface.viewers.StructuredViewer.preservingSelection(StructuredViewer.java:1398)
2023-08-31 01:01:08,938 [ERROR] LogOutputStream:75 - [STDERR_REDIRECT] 	at org.eclipse.jface.viewers.TreeViewer.preservingSelection(TreeViewer.java:365)
2023-08-31 01:01:08,938 [ERROR] LogOutputStream:75 - [STDERR_REDIRECT] 	at org.eclipse.jface.viewers.StructuredViewer.preservingSelection(StructuredViewer.java:1359)
2023-08-31 01:01:08,938 [ERROR] LogOutputStream:75 - [STDERR_REDIRECT] 	at org.eclipse.jface.viewers.StructuredViewer.refresh(StructuredViewer.java:1482)
2023-08-31 01:01:08,938 [ERROR] LogOutputStream:75 - [STDERR_REDIRECT] 	at org.eclipse.jface.viewers.ColumnViewer.refresh(ColumnViewer.java:538)
2023-08-31 01:01:08,938 [ERROR] LogOutputStream:75 - [STDERR_REDIRECT] 	at org.eclipse.ui.navigator.CommonViewer.refresh(CommonViewer.java:349)
2023-08-31 01:01:08,938 [ERROR] LogOutputStream:75 - [STDERR_REDIRECT] 	at org.eclipse.ui.navigator.CommonViewer.refresh(CommonViewer.java:495)
2023-08-31 01:01:08,938 [ERROR] LogOutputStream:75 - [STDERR_REDIRECT] 	at org.eclipse.cdt.ui.CElementContentProvider$RefreshContainer.refresh(CElementContentProvider.java:322)
2023-08-31 01:01:08,938 [ERROR] LogOutputStream:75 - [STDERR_REDIRECT] 	at org.eclipse.cdt.ui.CElementContentProvider.lambda$1(CElementContentProvider.java:450)
2023-08-31 01:01:08,938 [ERROR] LogOutputStream:75 - [STDERR_REDIRECT] 	at org.eclipse.swt.widgets.RunnableLock.run(RunnableLock.java:40)
2023-08-31 01:01:08,938 [ERROR] LogOutputStream:75 - [STDERR_REDIRECT] 	at org.eclipse.swt.widgets.Synchronizer.runAsyncMessages(Synchronizer.java:132)
2023-08-31 01:01:08,938 [ERROR] LogOutputStream:75 - [STDERR_REDIRECT] 	at org.eclipse.swt.widgets.Display.runAsyncMessages(Display.java:4368)
2023-08-31 01:01:08,938 [ERROR] LogOutputStream:75 - [STDERR_REDIRECT] 	at org.eclipse.swt.widgets.Display.readAndDispatch(Display.java:3991)
2023-08-31 01:01:08,938 [ERROR] LogOutputStream:75 - [STDERR_REDIRECT] 	at org.eclipse.e4.ui.internal.workbench.swt.PartRenderingEngine$5.run(PartRenderingEngine.java:1155)
2023-08-31 01:01:08,939 [ERROR] LogOutputStream:75 - [STDERR_REDIRECT] 	at org.eclipse.core.databinding.observable.Realm.runWithDefault(Realm.java:338)
2023-08-31 01:01:08,939 [ERROR] LogOutputStream:75 - [STDERR_REDIRECT] 	at org.eclipse.e4.ui.internal.workbench.swt.PartRenderingEngine.run(PartRenderingEngine.java:1046)
2023-08-31 01:01:08,939 [ERROR] LogOutputStream:75 - [STDERR_REDIRECT] 	at org.eclipse.e4.ui.internal.workbench.E4Workbench.createAndRunUI(E4Workbench.java:155)
2023-08-31 01:01:08,939 [ERROR] LogOutputStream:75 - [STDERR_REDIRECT] 	at org.eclipse.ui.internal.Workbench.lambda$3(Workbench.java:643)
2023-08-31 01:01:08,939 [ERROR] LogOutputStream:75 - [STDERR_REDIRECT] 	at org.eclipse.core.databinding.observable.Realm.runWithDefault(Realm.java:338)
2023-08-31 01:01:08,939 [ERROR] LogOutputStream:75 - [STDERR_REDIRECT] 	at org.eclipse.ui.internal.Workbench.createAndRunWorkbench(Workbench.java:550)
2023-08-31 01:01:08,939 [ERROR] LogOutputStream:75 - [STDERR_REDIRECT] 	at org.eclipse.ui.PlatformUI.createAndRunWorkbench(PlatformUI.java:171)
2023-08-31 01:01:08,939 [ERROR] LogOutputStream:75 - [STDERR_REDIRECT] 	at org.eclipse.ui.internal.ide.application.IDEApplication.start(IDEApplication.java:152)
2023-08-31 01:01:08,939 [ERROR] LogOutputStream:75 - [STDERR_REDIRECT] 	at org.eclipse.equinox.internal.app.EclipseAppHandle.run(EclipseAppHandle.java:203)
2023-08-31 01:01:08,939 [ERROR] LogOutputStream:75 - [STDERR_REDIRECT] 	at org.eclipse.core.runtime.internal.adaptor.EclipseAppLauncher.runApplication(EclipseAppLauncher.java:136)
2023-08-31 01:01:08,939 [ERROR] LogOutputStream:75 - [STDERR_REDIRECT] 	at org.eclipse.core.runtime.internal.adaptor.EclipseAppLauncher.start(EclipseAppLauncher.java:104)
2023-08-31 01:01:08,939 [ERROR] LogOutputStream:75 - [STDERR_REDIRECT] 	at org.eclipse.core.runtime.adaptor.EclipseStarter.run(EclipseStarter.java:402)
2023-08-31 01:01:08,939 [ERROR] LogOutputStream:75 - [STDERR_REDIRECT] 	at org.eclipse.core.runtime.adaptor.EclipseStarter.run(EclipseStarter.java:255)
2023-08-31 01:01:08,939 [ERROR] LogOutputStream:75 - [STDERR_REDIRECT] 	at java.base/jdk.internal.reflect.NativeMethodAccessorImpl.invoke0(Native Method)
2023-08-31 01:01:08,940 [ERROR] LogOutputStream:75 - [STDERR_REDIRECT] 	at java.base/jdk.internal.reflect.NativeMethodAccessorImpl.invoke(NativeMethodAccessorImpl.java:77)
2023-08-31 01:01:08,940 [ERROR] LogOutputStream:75 - [STDERR_REDIRECT] 	at java.base/jdk.internal.reflect.DelegatingMethodAccessorImpl.invoke(DelegatingMethodAccessorImpl.java:43)
2023-08-31 01:01:08,940 [ERROR] LogOutputStream:75 - [STDERR_REDIRECT] 	at java.base/java.lang.reflect.Method.invoke(Method.java:568)
2023-08-31 01:01:08,940 [ERROR] LogOutputStream:75 - [STDERR_REDIRECT] 	at org.eclipse.equinox.launcher.Main.invokeFramework(Main.java:659)
2023-08-31 01:01:08,940 [ERROR] LogOutputStream:75 - [STDERR_REDIRECT] 	at org.eclipse.equinox.launcher.Main.basicRun(Main.java:596)
2023-08-31 01:01:08,940 [ERROR] LogOutputStream:75 - [STDERR_REDIRECT] 	at org.eclipse.equinox.launcher.Main.run(Main.java:1467)
2023-08-31 01:01:08,971 [ERROR] LogOutputStream:75 - [STDERR_REDIRECT] java.io.EOFException
2023-08-31 01:01:08,971 [ERROR] LogOutputStream:75 - [STDERR_REDIRECT] 	at java.base/java.io.RandomAccessFile.readFully(RandomAccessFile.java:471)
2023-08-31 01:01:08,972 [ERROR] LogOutputStream:75 - [STDERR_REDIRECT] 	at java.base/java.io.RandomAccessFile.readFully(RandomAccessFile.java:445)
2023-08-31 01:01:08,972 [ERROR] LogOutputStream:75 - [STDERR_REDIRECT] 	at org.eclipse.cdt.utils.macho.MachO64.getSections(MachO64.java:1332)
2023-08-31 01:01:08,972 [ERROR] LogOutputStream:75 - [STDERR_REDIRECT] 	at org.eclipse.cdt.utils.macho.MachO64.loadLoadCommands(MachO64.java:1439)
2023-08-31 01:01:08,972 [ERROR] LogOutputStream:75 - [STDERR_REDIRECT] 	at org.eclipse.cdt.utils.macho.MachO64.createStabsReader(MachO64.java:1794)
2023-08-31 01:01:08,973 [ERROR] LogOutputStream:75 - [STDERR_REDIRECT] 	at org.eclipse.cdt.utils.macho.MachO64.getSymbolReader(MachO64.java:1822)
2023-08-31 01:01:08,975 [ERROR] LogOutputStream:75 - [STDERR_REDIRECT] 	at org.eclipse.cdt.utils.macho.parser.MachOBinaryObject64.getAdapter(MachOBinaryObject64.java:415)
2023-08-31 01:01:08,978 [ERROR] LogOutputStream:75 - [STDERR_REDIRECT] 	at org.eclipse.cdt.internal.core.model.Binary.addSourceFiles(Binary.java:310)
2023-08-31 01:01:08,980 [ERROR] LogOutputStream:75 - [STDERR_REDIRECT] 	at org.eclipse.cdt.internal.core.model.Binary.computeChildren(Binary.java:284)
2023-08-31 01:01:08,983 [ERROR] LogOutputStream:75 - [STDERR_REDIRECT] 	at org.eclipse.cdt.internal.core.model.Binary.buildStructure(Binary.java:270)
2023-08-31 01:01:08,983 [ERROR] LogOutputStream:75 - [STDERR_REDIRECT] 	at org.eclipse.cdt.internal.core.model.Openable.generateInfos(Openable.java:264)
2023-08-31 01:01:08,983 [ERROR] LogOutputStream:75 - [STDERR_REDIRECT] 	at org.eclipse.cdt.internal.core.model.CElement.openWhenClosed(CElement.java:428)
2023-08-31 01:01:08,984 [ERROR] LogOutputStream:75 - [STDERR_REDIRECT] 	at org.eclipse.cdt.internal.core.model.CElement.getElementInfo(CElement.java:306)
2023-08-31 01:01:08,984 [ERROR] LogOutputStream:75 - [STDERR_REDIRECT] 	at org.eclipse.cdt.internal.core.model.CElement.getElementInfo(CElement.java:296)
2023-08-31 01:01:08,984 [ERROR] LogOutputStream:75 - [STDERR_REDIRECT] 	at org.eclipse.cdt.internal.core.model.Parent.getChildren(Parent.java:57)
2023-08-31 01:01:08,984 [ERROR] LogOutputStream:75 - [STDERR_REDIRECT] 	at org.eclipse.cdt.internal.ui.BaseCElementContentProvider.getChildren(BaseCElementContentProvider.java:282)
2023-08-31 01:01:08,984 [ERROR] LogOutputStream:75 - [STDERR_REDIRECT] 	at org.eclipse.cdt.internal.ui.cview.CViewContentProvider.getChildren(CViewContentProvider.java:92)
2023-08-31 01:01:08,984 [ERROR] LogOutputStream:75 - [STDERR_REDIRECT] 	at org.eclipse.cdt.internal.ui.navigator.CNavigatorContentProvider.getChildren(CNavigatorContentProvider.java:233)
2023-08-31 01:01:08,985 [ERROR] LogOutputStream:75 - [STDERR_REDIRECT] 	at org.eclipse.ui.internal.navigator.extensions.SafeDelegateTreeContentProvider.getChildren(SafeDelegateTreeContentProvider.java:98)
2023-08-31 01:01:08,986 [ERROR] LogOutputStream:75 - [STDERR_REDIRECT] 	at org.eclipse.ui.internal.navigator.extensions.SafeDelegateTreeContentProvider.getChildren(SafeDelegateTreeContentProvider.java:241)
2023-08-31 01:01:08,986 [ERROR] LogOutputStream:75 - [STDERR_REDIRECT] 	at org.eclipse.ui.internal.navigator.extensions.SafeDelegateTreeContentProvider.getChildren(SafeDelegateTreeContentProvider.java:96)
2023-08-31 01:01:08,986 [ERROR] LogOutputStream:75 - [STDERR_REDIRECT] 	at org.eclipse.ui.internal.navigator.NavigatorContentServiceContentProvider$1.run(NavigatorContentServiceContentProvider.java:160)
2023-08-31 01:01:08,987 [ERROR] LogOutputStream:75 - [STDERR_REDIRECT] 	at org.eclipse.core.runtime.SafeRunner.run(SafeRunner.java:45)
2023-08-31 01:01:08,987 [ERROR] LogOutputStream:75 - [STDERR_REDIRECT] 	at org.eclipse.ui.internal.navigator.NavigatorContentServiceContentProvider.internalGetChildren(NavigatorContentServiceContentProvider.java:146)
2023-08-31 01:01:08,987 [ERROR] LogOutputStream:75 - [STDERR_REDIRECT] 	at org.eclipse.ui.internal.navigator.NavigatorContentServiceContentProvider.getChildren(NavigatorContentServiceContentProvider.java:132)
2023-08-31 01:01:08,987 [ERROR] LogOutputStream:75 - [STDERR_REDIRECT] 	at org.eclipse.jface.viewers.AbstractTreeViewer.getRawChildren(AbstractTreeViewer.java:1438)
2023-08-31 01:01:08,987 [ERROR] LogOutputStream:75 - [STDERR_REDIRECT] 	at org.eclipse.jface.viewers.TreeViewer.getRawChildren(TreeViewer.java:350)
2023-08-31 01:01:08,987 [ERROR] LogOutputStream:75 - [STDERR_REDIRECT] 	at org.eclipse.jface.viewers.StructuredViewer.getFilteredChildren(StructuredViewer.java:850)
2023-08-31 01:01:08,987 [ERROR] LogOutputStream:75 - [STDERR_REDIRECT] 	at org.eclipse.jface.viewers.AbstractTreeViewer.getSortedChildren(AbstractTreeViewer.java:638)
2023-08-31 01:01:08,987 [ERROR] LogOutputStream:75 - [STDERR_REDIRECT] 	at org.eclipse.jface.viewers.AbstractTreeViewer.updateChildren(AbstractTreeViewer.java:2682)
2023-08-31 01:01:08,988 [ERROR] LogOutputStream:75 - [STDERR_REDIRECT] 	at org.eclipse.jface.viewers.AbstractTreeViewer.internalRefreshStruct(AbstractTreeViewer.java:1971)
2023-08-31 01:01:08,988 [ERROR] LogOutputStream:75 - [STDERR_REDIRECT] 	at org.eclipse.jface.viewers.TreeViewer.internalRefreshStruct(TreeViewer.java:684)
2023-08-31 01:01:08,988 [ERROR] LogOutputStream:75 - [STDERR_REDIRECT] 	at org.eclipse.jface.viewers.AbstractTreeViewer.internalRefresh(AbstractTreeViewer.java:1947)
2023-08-31 01:01:08,988 [ERROR] LogOutputStream:75 - [STDERR_REDIRECT] 	at org.eclipse.jface.viewers.AbstractTreeViewer.internalRefresh(AbstractTreeViewer.java:1904)
2023-08-31 01:01:08,988 [ERROR] LogOutputStream:75 - [STDERR_REDIRECT] 	at org.eclipse.ui.navigator.CommonViewer.internalRefresh(CommonViewer.java:532)
2023-08-31 01:01:08,988 [ERROR] LogOutputStream:75 - [STDERR_REDIRECT] 	at org.eclipse.jface.viewers.StructuredViewer.lambda$3(StructuredViewer.java:1482)
2023-08-31 01:01:08,988 [ERROR] LogOutputStream:75 - [STDERR_REDIRECT] 	at org.eclipse.jface.viewers.StructuredViewer.preservingSelection(StructuredViewer.java:1398)
2023-08-31 01:01:08,988 [ERROR] LogOutputStream:75 - [STDERR_REDIRECT] 	at org.eclipse.jface.viewers.TreeViewer.preservingSelection(TreeViewer.java:365)
2023-08-31 01:01:08,988 [ERROR] LogOutputStream:75 - [STDERR_REDIRECT] 	at org.eclipse.jface.viewers.StructuredViewer.preservingSelection(StructuredViewer.java:1359)
2023-08-31 01:01:08,988 [ERROR] LogOutputStream:75 - [STDERR_REDIRECT] 	at org.eclipse.jface.viewers.StructuredViewer.refresh(StructuredViewer.java:1482)
2023-08-31 01:01:08,988 [ERROR] LogOutputStream:75 - [STDERR_REDIRECT] 	at org.eclipse.jface.viewers.ColumnViewer.refresh(ColumnViewer.java:538)
2023-08-31 01:01:08,988 [ERROR] LogOutputStream:75 - [STDERR_REDIRECT] 	at org.eclipse.ui.navigator.CommonViewer.refresh(CommonViewer.java:346)
2023-08-31 01:01:08,988 [ERROR] LogOutputStream:75 - [STDERR_REDIRECT] 	at org.eclipse.ui.navigator.CommonViewer.refresh(CommonViewer.java:495)
2023-08-31 01:01:08,988 [ERROR] LogOutputStream:75 - [STDERR_REDIRECT] 	at org.eclipse.ui.internal.navigator.resources.workbench.ResourceExtensionContentProvider.lambda$2(ResourceExtensionContentProvider.java:298)
2023-08-31 01:01:08,989 [ERROR] LogOutputStream:75 - [STDERR_REDIRECT] 	at org.eclipse.ui.internal.navigator.resources.workbench.ResourceExtensionContentProvider.runUpdates(ResourceExtensionContentProvider.java:307)
2023-08-31 01:01:08,989 [ERROR] LogOutputStream:75 - [STDERR_REDIRECT] 	at org.eclipse.ui.internal.navigator.resources.workbench.ResourceExtensionContentProvider.lambda$0(ResourceExtensionContentProvider.java:141)
2023-08-31 01:01:08,989 [ERROR] LogOutputStream:75 - [STDERR_REDIRECT] 	at org.eclipse.swt.widgets.RunnableLock.run(RunnableLock.java:40)
2023-08-31 01:01:08,989 [ERROR] LogOutputStream:75 - [STDERR_REDIRECT] 	at org.eclipse.swt.widgets.Synchronizer.runAsyncMessages(Synchronizer.java:132)
2023-08-31 01:01:08,989 [ERROR] LogOutputStream:75 - [STDERR_REDIRECT] 	at org.eclipse.swt.widgets.Display.runAsyncMessages(Display.java:4368)
2023-08-31 01:01:08,989 [ERROR] LogOutputStream:75 - [STDERR_REDIRECT] 	at org.eclipse.swt.widgets.Display.readAndDispatch(Display.java:3991)
2023-08-31 01:01:08,989 [ERROR] LogOutputStream:75 - [STDERR_REDIRECT] 	at org.eclipse.e4.ui.internal.workbench.swt.PartRenderingEngine$5.run(PartRenderingEngine.java:1155)
2023-08-31 01:01:08,990 [ERROR] LogOutputStream:75 - [STDERR_REDIRECT] 	at org.eclipse.core.databinding.observable.Realm.runWithDefault(Realm.java:338)
2023-08-31 01:01:08,990 [ERROR] LogOutputStream:75 - [STDERR_REDIRECT] 	at org.eclipse.e4.ui.internal.workbench.swt.PartRenderingEngine.run(PartRenderingEngine.java:1046)
2023-08-31 01:01:08,990 [ERROR] LogOutputStream:75 - [STDERR_REDIRECT] 	at org.eclipse.e4.ui.internal.workbench.E4Workbench.createAndRunUI(E4Workbench.java:155)
2023-08-31 01:01:08,990 [ERROR] LogOutputStream:75 - [STDERR_REDIRECT] 	at org.eclipse.ui.internal.Workbench.lambda$3(Workbench.java:643)
2023-08-31 01:01:08,990 [ERROR] LogOutputStream:75 - [STDERR_REDIRECT] 	at org.eclipse.core.databinding.observable.Realm.runWithDefault(Realm.java:338)
2023-08-31 01:01:08,990 [ERROR] LogOutputStream:75 - [STDERR_REDIRECT] 	at org.eclipse.ui.internal.Workbench.createAndRunWorkbench(Workbench.java:550)
2023-08-31 01:01:08,990 [ERROR] LogOutputStream:75 - [STDERR_REDIRECT] 	at org.eclipse.ui.PlatformUI.createAndRunWorkbench(PlatformUI.java:171)
2023-08-31 01:01:08,991 [ERROR] LogOutputStream:75 - [STDERR_REDIRECT] 	at org.eclipse.ui.internal.ide.application.IDEApplication.start(IDEApplication.java:152)
2023-08-31 01:01:08,991 [ERROR] LogOutputStream:75 - [STDERR_REDIRECT] 	at org.eclipse.equinox.internal.app.EclipseAppHandle.run(EclipseAppHandle.java:203)
2023-08-31 01:01:08,991 [ERROR] LogOutputStream:75 - [STDERR_REDIRECT] 	at org.eclipse.core.runtime.internal.adaptor.EclipseAppLauncher.runApplication(EclipseAppLauncher.java:136)
2023-08-31 01:01:08,991 [ERROR] LogOutputStream:75 - [STDERR_REDIRECT] 	at org.eclipse.core.runtime.internal.adaptor.EclipseAppLauncher.start(EclipseAppLauncher.java:104)
2023-08-31 01:01:08,991 [ERROR] LogOutputStream:75 - [STDERR_REDIRECT] 	at org.eclipse.core.runtime.adaptor.EclipseStarter.run(EclipseStarter.java:402)
2023-08-31 01:01:08,991 [ERROR] LogOutputStream:75 - [STDERR_REDIRECT] 	at org.eclipse.core.runtime.adaptor.EclipseStarter.run(EclipseStarter.java:255)
2023-08-31 01:01:08,991 [ERROR] LogOutputStream:75 - [STDERR_REDIRECT] 	at java.base/jdk.internal.reflect.NativeMethodAccessorImpl.invoke0(Native Method)
2023-08-31 01:01:08,991 [ERROR] LogOutputStream:75 - [STDERR_REDIRECT] 	at java.base/jdk.internal.reflect.NativeMethodAccessorImpl.invoke(NativeMethodAccessorImpl.java:77)
2023-08-31 01:01:08,991 [ERROR] LogOutputStream:75 - [STDERR_REDIRECT] 	at java.base/jdk.internal.reflect.DelegatingMethodAccessorImpl.invoke(DelegatingMethodAccessorImpl.java:43)
2023-08-31 01:01:08,991 [ERROR] LogOutputStream:75 - [STDERR_REDIRECT] 	at java.base/java.lang.reflect.Method.invoke(Method.java:568)
2023-08-31 01:01:08,991 [ERROR] LogOutputStream:75 - [STDERR_REDIRECT] 	at org.eclipse.equinox.launcher.Main.invokeFramework(Main.java:659)
2023-08-31 01:01:08,991 [ERROR] LogOutputStream:75 - [STDERR_REDIRECT] 	at org.eclipse.equinox.launcher.Main.basicRun(Main.java:596)
2023-08-31 01:01:08,991 [ERROR] LogOutputStream:75 - [STDERR_REDIRECT] 	at org.eclipse.equinox.launcher.Main.run(Main.java:1467)
