2023-10-17 17:58:58,758 [INFO] Activator:176 - 


2023-10-17 17:58:58,764 [INFO] Activator:177 - !SESSION log4j initialized
2023-10-17 17:59:04,091 [INFO] LogOutputStream:77 - [STDOUT_REDIRECT] 
2023-10-17 17:59:04,985 [ERROR] LogOutputStream:75 - [STDERR_REDIRECT] 
2023-10-17 17:59:05,576 [INFO] LogOutputStream:77 - [STDOUT_REDIRECT] 
2023-10-17 17:59:07,133 [INFO] ApplicationProperties:184 - Using Application install path: /Applications/STM32CubeIDE.app/Contents/Eclipse/plugins/com.st.stm32cube.common.mx_6.9.2.202309101412
2023-10-17 17:59:07,147 [INFO] DbMcusXml:78 - Set database path to: /Applications/STM32CubeIDE.app/Contents/Eclipse/plugins/com.st.stm32cube.common.mx_6.9.2.202309101412//db//mcu/
2023-10-17 17:59:07,147 [INFO] ApiDb:274 - Set plugin database path to: /Applications/STM32CubeIDE.app/Contents/Eclipse/plugins/com.st.stm32cube.common.mx_6.9.2.202309101412//db//plugins/boardmanager/
2023-10-17 17:59:07,147 [WARN] ApiDb:259 - Overriding images path with different value:  => /Applications/STM32CubeIDE.app/Contents/Eclipse/plugins/com.st.stm32cube.common.mx_6.9.2.202309101412//db//plugins/mcufinder/images/
2023-10-17 17:59:07,166 [INFO] ApiDb:250 - Set database path to: /Users/mariestahaab/.stmcufinder/plugins/mcufinder//mcu/
2023-10-17 17:59:07,167 [INFO] DbMcusAds:125 - Set database path to: /Users/mariestahaab/.stmcufinder/plugins/mcufinder//mcu/
2023-10-17 17:59:07,169 [INFO] CrossReferenceDbSqlite:203 - Set database path to: /Users/mariestahaab/.stmcufinder/plugins/mcufinder//mcu/cs/
2023-10-17 17:59:07,288 [INFO] RulesReader:64 - Compatibility file has been processed (293 Rules)
2023-10-17 17:59:07,367 [INFO] DbMcusXml:78 - Set database path to: /Applications/STM32CubeIDE.app/Contents/Eclipse/plugins/com.st.stm32cube.common.mx_6.9.2.202309101412//db//mcu/
2023-10-17 17:59:07,368 [INFO] ApiDb:274 - Set plugin database path to: /Applications/STM32CubeIDE.app/Contents/Eclipse/plugins/com.st.stm32cube.common.mx_6.9.2.202309101412//db//plugins/boardmanager/
2023-10-17 17:59:07,369 [INFO] ApiDb:261 - Set plugin images path to: /Applications/STM32CubeIDE.app/Contents/Eclipse/plugins/com.st.stm32cube.common.mx_6.9.2.202309101412//db//plugins/mcufinder/images/
2023-10-17 17:59:07,370 [WARN] DbFile:41 - Overriding database path with different value: /Users/mariestahaab/.stmcufinder/plugins/mcufinder/ => /Users/mariestahaab/.stmcufinder/plugins/mcufinder
2023-10-17 17:59:07,370 [INFO] ApiDb:250 - Set database path to: /Users/mariestahaab/.stmcufinder/plugins/mcufinder//mcu/
2023-10-17 17:59:07,370 [WARN] DbFile:41 - Overriding database path with different value: /Users/mariestahaab/.stmcufinder/plugins/mcufinder/ => /Users/mariestahaab/.stmcufinder/plugins/mcufinder
2023-10-17 17:59:07,370 [INFO] DbMcusAds:125 - Set database path to: /Users/mariestahaab/.stmcufinder/plugins/mcufinder//mcu/
2023-10-17 17:59:07,370 [WARN] DbFile:41 - Overriding database path with different value: /Users/mariestahaab/.stmcufinder/plugins/mcufinder/ => /Users/mariestahaab/.stmcufinder/plugins/mcufinder
2023-10-17 17:59:07,371 [WARN] DbFile:41 - Overriding database path with different value: /Users/mariestahaab/.stmcufinder/plugins/mcufinder/ => /Users/mariestahaab/.stmcufinder/plugins/mcufinder
2023-10-17 17:59:07,371 [INFO] CrossReferenceDbSqlite:203 - Set database path to: /Users/mariestahaab/.stmcufinder/plugins/mcufinder//mcu/cs/
2023-10-17 17:59:07,494 [INFO] MainPanel:262 - HeapMemory: 268435456
2023-10-17 17:59:07,630 [INFO] DbMcusXml:78 - Set database path to: /Applications/STM32CubeIDE.app/Contents/Eclipse/plugins/com.st.stm32cube.common.mx_6.9.2.202309101412//db//mcu/
2023-10-17 17:59:07,632 [INFO] ApiDb:274 - Set plugin database path to: /Applications/STM32CubeIDE.app/Contents/Eclipse/plugins/com.st.stm32cube.common.mx_6.9.2.202309101412//db//plugins/boardmanager/
2023-10-17 17:59:07,633 [INFO] ApiDb:261 - Set plugin images path to: /Applications/STM32CubeIDE.app/Contents/Eclipse/plugins/com.st.stm32cube.common.mx_6.9.2.202309101412//db//plugins/mcufinder/images/
2023-10-17 17:59:07,634 [WARN] DbFile:41 - Overriding database path with different value: /Users/mariestahaab/.stmcufinder/plugins/mcufinder/ => /Users/mariestahaab/.stmcufinder/plugins/mcufinder
2023-10-17 17:59:07,634 [INFO] ApiDb:250 - Set database path to: /Users/mariestahaab/.stmcufinder/plugins/mcufinder//mcu/
2023-10-17 17:59:07,634 [WARN] DbFile:41 - Overriding database path with different value: /Users/mariestahaab/.stmcufinder/plugins/mcufinder/ => /Users/mariestahaab/.stmcufinder/plugins/mcufinder
2023-10-17 17:59:07,634 [INFO] DbMcusAds:125 - Set database path to: /Users/mariestahaab/.stmcufinder/plugins/mcufinder//mcu/
2023-10-17 17:59:07,634 [WARN] DbFile:41 - Overriding database path with different value: /Users/mariestahaab/.stmcufinder/plugins/mcufinder/ => /Users/mariestahaab/.stmcufinder/plugins/mcufinder
2023-10-17 17:59:07,634 [WARN] DbFile:41 - Overriding database path with different value: /Users/mariestahaab/.stmcufinder/plugins/mcufinder/ => /Users/mariestahaab/.stmcufinder/plugins/mcufinder
2023-10-17 17:59:07,634 [INFO] CrossReferenceDbSqlite:203 - Set database path to: /Users/mariestahaab/.stmcufinder/plugins/mcufinder//mcu/cs/
2023-10-17 17:59:07,661 [INFO] ApplicationProperties:184 - Using Application install path: /Applications/STM32CubeIDE.app/Contents/Eclipse/plugins/com.st.stm32cube.common.mx_6.9.2.202309101412
2023-10-17 17:59:07,663 [INFO] PluginManage:196 - Search for loadable plugins [exclusion list=, ]
2023-10-17 17:59:07,666 [INFO] PluginManage:310 - Check plugin analytics
2023-10-17 17:59:07,893 [INFO] AnalyticsPlugin:253 - Accepted Software Licenses: 
2023-10-17 17:59:07,894 [INFO] AnalyticsPlugin:255 - Accepted CMSIS Pack Licenses: 
2023-10-17 17:59:07,894 [INFO] AnalyticsPlugin:257 - Accepted Firmware Licenses: FW.F4.1.27.0
2023-10-17 17:59:07,903 [INFO] PluginManage:359 - Loaded plugin analytics (category:tool,tabindex:-1)
2023-10-17 17:59:07,904 [INFO] PluginManage:310 - Check plugin cadmodel
2023-10-17 17:59:08,485 [INFO] CADModel:105 - Init CAD model plugin
2023-10-17 17:59:08,486 [INFO] PluginManage:359 - Loaded plugin cadmodel (category:power,tabindex:5)
2023-10-17 17:59:08,487 [INFO] PluginManage:310 - Check plugin clock
2023-10-17 17:59:08,497 [INFO] PluginManage:359 - Loaded plugin clock (category:base,tabindex:2)
2023-10-17 17:59:08,497 [INFO] PluginManage:310 - Check plugin ddr
2023-10-17 17:59:08,499 [INFO] PluginManage:359 - Loaded plugin ddr (category:tool,tabindex:6)
2023-10-17 17:59:08,499 [INFO] PluginManage:310 - Check plugin filemanager
2023-10-17 17:59:08,641 [INFO] PluginManage:359 - Loaded plugin filemanager (category:base,tabindex:10)
2023-10-17 17:59:08,641 [INFO] PluginManage:310 - Check plugin ipmanager
2023-10-17 17:59:08,648 [INFO] PluginManage:359 - Loaded plugin ipmanager (category:base,tabindex:5)
2023-10-17 17:59:08,648 [INFO] PluginManage:310 - Check plugin lpbam
2023-10-17 17:59:08,656 [INFO] PluginManage:359 - Loaded plugin lpbam (category:base,tabindex:0)
2023-10-17 17:59:08,656 [INFO] PluginManage:310 - Check plugin memorymap
2023-10-17 17:59:08,666 [INFO] PluginManage:359 - Loaded plugin memorymap (category:base,tabindex:4)
2023-10-17 17:59:08,666 [INFO] PluginManage:310 - Check plugin pinoutandconfiguration
2023-10-17 17:59:08,670 [INFO] PluginManage:359 - Loaded plugin pinoutandconfiguration (category:base,tabindex:1)
2023-10-17 17:59:08,671 [INFO] PluginManage:310 - Check plugin pinoutconfig
2023-10-17 17:59:08,762 [WARN] SupportedApi:132 - Cannot load RTOS API schema: s4s-elt-must-match.1: The content of 'definitions' must match (annotation?, (simpleType | complexType)?, (unique | key | keyref)*)). A problem was found starting at: attribute.
2023-10-17 17:59:08,916 [INFO] PluginManage:359 - Loaded plugin pinoutconfig (category:base,tabindex:0)
2023-10-17 17:59:08,916 [INFO] PluginManage:310 - Check plugin power
2023-10-17 17:59:08,925 [INFO] PluginManage:359 - Loaded plugin power (category:power,tabindex:4)
2023-10-17 17:59:08,925 [INFO] PluginManage:310 - Check plugin projectmanager
2023-10-17 17:59:08,949 [INFO] PluginManage:359 - Loaded plugin projectmanager (category:projectmanager,tabindex:3)
2023-10-17 17:59:08,949 [INFO] PluginManage:310 - Check plugin thirdparty
2023-10-17 17:59:09,147 [INFO] PluginManage:359 - Loaded plugin thirdparty (category:base,tabindex:-1)
2023-10-17 17:59:09,145 [WARN] IntegrityCheckThread:84 - waiting for thirdparty lock release [integrity check]
2023-10-17 17:59:09,147 [INFO] IntegrityCheckThread:86 - entering critical section [integrity check]
2023-10-17 17:59:09,148 [INFO] PluginManage:310 - Check plugin tools
2023-10-17 17:59:09,151 [INFO] ThirdPartyUpdaterWithRetryManager:70 - Updater plugin not ready yet. [1/15]
2023-10-17 17:59:09,156 [INFO] PluginManage:359 - Loaded plugin tools (category:base,tabindex:7)
2023-10-17 17:59:09,157 [INFO] PluginManage:310 - Check plugin tutovideos
2023-10-17 17:59:09,374 [INFO] PluginManage:359 - Loaded plugin tutovideos (category:base,tabindex:-1)
2023-10-17 17:59:09,375 [INFO] PluginManage:310 - Check plugin updater
2023-10-17 17:59:09,399 [INFO] PluginManage:359 - Loaded plugin updater (category:base,tabindex:12)
2023-10-17 17:59:09,399 [INFO] PluginManage:310 - Check plugin userauth
2023-10-17 17:59:09,427 [INFO] UserAuth:113 - Init User Auth plugin
2023-10-17 17:59:09,428 [INFO] PluginManage:359 - Loaded plugin userauth (category:base,tabindex:14)
2023-10-17 17:59:09,429 [INFO] PluginManage:283 - PluginManage : Loaded plugins [17]
2023-10-17 17:59:09,726 [INFO] PinOutPanel:1499 - setPackage(No Configuration,No Configuration)
2023-10-17 17:59:09,825 [INFO] CADModel:165 - CPN selected for project level
2023-10-17 17:59:09,825 [INFO] CADModel:114 - Register for checkConnection events
2023-10-17 17:59:09,840 [INFO] IPUIPlugin:80 - create IPUIPlugin
2023-10-17 17:59:09,841 [INFO] PluginManager:220 - loadIPPluginJar : add mdma
2023-10-17 17:59:09,847 [INFO] IPUIPlugin:80 - create IPUIPlugin
2023-10-17 17:59:09,847 [INFO] PluginManager:220 - loadIPPluginJar : add freertos
2023-10-17 17:59:09,851 [INFO] IPUIPlugin:80 - create IPUIPlugin
2023-10-17 17:59:09,852 [INFO] PluginManager:220 - loadIPPluginJar : add gic
2023-10-17 17:59:09,859 [INFO] IPUIPlugin:80 - create IPUIPlugin
2023-10-17 17:59:09,859 [INFO] PluginManager:220 - loadIPPluginJar : add adc
2023-10-17 17:59:09,862 [INFO] IPUIPlugin:80 - create IPUIPlugin
2023-10-17 17:59:09,862 [INFO] PluginManager:220 - loadIPPluginJar : add gtzc
2023-10-17 17:59:09,864 [INFO] IPUIPlugin:80 - create IPUIPlugin
2023-10-17 17:59:09,864 [INFO] PluginManager:220 - loadIPPluginJar : add quadspi
2023-10-17 17:59:09,866 [INFO] IPUIPlugin:80 - create IPUIPlugin
2023-10-17 17:59:09,866 [INFO] PluginManager:220 - loadIPPluginJar : add aes
2023-10-17 17:59:09,869 [INFO] IPUIPlugin:80 - create IPUIPlugin
2023-10-17 17:59:09,869 [INFO] PluginManager:220 - loadIPPluginJar : add pdm2pcm
2023-10-17 17:59:09,871 [INFO] IPUIPlugin:80 - create IPUIPlugin
2023-10-17 17:59:09,871 [INFO] PluginManager:220 - loadIPPluginJar : add hash
2023-10-17 17:59:09,873 [INFO] IPUIPlugin:80 - create IPUIPlugin
2023-10-17 17:59:09,873 [INFO] PluginManager:220 - loadIPPluginJar : add tim
2023-10-17 17:59:09,874 [INFO] IPUIPlugin:80 - create IPUIPlugin
2023-10-17 17:59:09,874 [INFO] PluginManager:220 - loadIPPluginJar : add tsc
2023-10-17 17:59:09,876 [INFO] IPUIPlugin:80 - create IPUIPlugin
2023-10-17 17:59:09,876 [INFO] PluginManager:220 - loadIPPluginJar : add ts
2023-10-17 17:59:09,878 [INFO] IPUIPlugin:80 - create IPUIPlugin
2023-10-17 17:59:09,878 [INFO] PluginManager:220 - loadIPPluginJar : add can
2023-10-17 17:59:09,879 [INFO] IPUIPlugin:80 - create IPUIPlugin
2023-10-17 17:59:09,879 [INFO] PluginManager:220 - loadIPPluginJar : add dma3
2023-10-17 17:59:09,882 [INFO] IPUIPlugin:80 - create IPUIPlugin
2023-10-17 17:59:09,882 [INFO] PluginManager:220 - loadIPPluginJar : add dfsdm
2023-10-17 17:59:09,884 [INFO] IPUIPlugin:80 - create IPUIPlugin
2023-10-17 17:59:09,884 [INFO] PluginManager:220 - loadIPPluginJar : add spi
2023-10-17 17:59:09,886 [INFO] IPUIPlugin:80 - create IPUIPlugin
2023-10-17 17:59:09,886 [INFO] PluginManager:220 - loadIPPluginJar : add gfxmmu
2023-10-17 17:59:09,887 [INFO] IPUIPlugin:80 - create IPUIPlugin
2023-10-17 17:59:09,887 [INFO] PluginManager:220 - loadIPPluginJar : add genericplugin
2023-10-17 17:59:09,889 [INFO] IPUIPlugin:80 - create IPUIPlugin
2023-10-17 17:59:09,889 [INFO] PluginManager:220 - loadIPPluginJar : add cryp
2023-10-17 17:59:09,892 [INFO] IPUIPlugin:80 - create IPUIPlugin
2023-10-17 17:59:09,892 [INFO] PluginManager:220 - loadIPPluginJar : add gpio
2023-10-17 17:59:09,893 [INFO] IPUIPlugin:80 - create IPUIPlugin
2023-10-17 17:59:09,893 [INFO] PluginManager:220 - loadIPPluginJar : add comp
2023-10-17 17:59:09,895 [INFO] IPUIPlugin:80 - create IPUIPlugin
2023-10-17 17:59:09,895 [INFO] PluginManager:220 - loadIPPluginJar : add tracer_emb
2023-10-17 17:59:09,896 [INFO] IPUIPlugin:80 - create IPUIPlugin
2023-10-17 17:59:09,897 [INFO] PluginManager:220 - loadIPPluginJar : add openamp
2023-10-17 17:59:09,901 [INFO] IPUIPlugin:80 - create IPUIPlugin
2023-10-17 17:59:09,901 [INFO] PluginManager:220 - loadIPPluginJar : add stm32_wpan
2023-10-17 17:59:09,906 [INFO] IPUIPlugin:80 - create IPUIPlugin
2023-10-17 17:59:09,909 [INFO] PluginManager:220 - loadIPPluginJar : add plateformsettings
2023-10-17 17:59:09,912 [INFO] IPUIPlugin:80 - create IPUIPlugin
2023-10-17 17:59:09,912 [INFO] PluginManager:220 - loadIPPluginJar : add ipddr
2023-10-17 17:59:09,914 [INFO] IPUIPlugin:80 - create IPUIPlugin
2023-10-17 17:59:09,914 [INFO] PluginManager:220 - loadIPPluginJar : add usart
2023-10-17 17:59:09,914 [INFO] IPUIPlugin:80 - create IPUIPlugin
2023-10-17 17:59:09,915 [INFO] PluginManager:220 - loadIPPluginJar : add ltdc
2023-10-17 17:59:09,917 [INFO] IPUIPlugin:80 - create IPUIPlugin
2023-10-17 17:59:09,917 [INFO] PluginManager:220 - loadIPPluginJar : add nvic
2023-10-17 17:59:09,918 [INFO] IPUIPlugin:80 - create IPUIPlugin
2023-10-17 17:59:09,918 [INFO] PluginManager:220 - loadIPPluginJar : add fatfs
2023-10-17 17:59:09,926 [INFO] IPUIPlugin:80 - create IPUIPlugin
2023-10-17 17:59:09,927 [INFO] PluginManager:220 - loadIPPluginJar : add linkedlist
2023-10-17 17:59:09,932 [INFO] IPUIPlugin:80 - create IPUIPlugin
2023-10-17 17:59:09,932 [INFO] PluginManager:220 - loadIPPluginJar : add dma
2023-10-17 17:59:09,935 [INFO] IPUIPlugin:80 - create IPUIPlugin
2023-10-17 17:59:09,935 [INFO] PluginManager:220 - loadIPPluginJar : add fmc
2023-10-17 17:59:09,936 [INFO] IPUIPlugin:80 - create IPUIPlugin
2023-10-17 17:59:09,936 [INFO] PluginManager:220 - loadIPPluginJar : add i2s
2023-10-17 17:59:09,938 [INFO] IPUIPlugin:80 - create IPUIPlugin
2023-10-17 17:59:09,938 [INFO] PluginManager:220 - loadIPPluginJar : add ucpd
2023-10-17 17:59:09,939 [INFO] IPUIPlugin:80 - create IPUIPlugin
2023-10-17 17:59:09,939 [INFO] PluginManager:220 - loadIPPluginJar : add lorawan
2023-10-17 17:59:09,942 [INFO] IPUIPlugin:80 - create IPUIPlugin
2023-10-17 17:59:09,942 [INFO] PluginManager:220 - loadIPPluginJar : add opamp
2023-10-17 17:59:09,945 [INFO] IPUIPlugin:80 - create IPUIPlugin
2023-10-17 17:59:09,945 [INFO] PluginManager:220 - loadIPPluginJar : add i3c
2023-10-17 17:59:09,947 [INFO] IPUIPlugin:80 - create IPUIPlugin
2023-10-17 17:59:09,948 [INFO] PluginManager:220 - loadIPPluginJar : add touchsensing
2023-10-17 17:59:09,950 [INFO] IPUIPlugin:80 - create IPUIPlugin
2023-10-17 17:59:09,950 [INFO] PluginManager:220 - loadIPPluginJar : add i2c
2023-10-17 17:59:09,952 [INFO] IPUIPlugin:80 - create IPUIPlugin
2023-10-17 17:59:09,952 [INFO] PluginManager:220 - loadIPPluginJar : add resmgrutility
2023-10-17 17:59:09,954 [INFO] IPUIPlugin:80 - create IPUIPlugin
2023-10-17 17:59:09,954 [INFO] PluginManager:220 - loadIPPluginJar : add sai
2023-10-17 17:59:09,957 [INFO] IPUIPlugin:80 - create IPUIPlugin
2023-10-17 17:59:09,957 [INFO] PluginManager:220 - loadIPPluginJar : add usbx
2023-10-17 17:59:10,080 [INFO] CADModel:165 - CPN selected for project level
2023-10-17 17:59:10,080 [INFO] CADModel:114 - Register for checkConnection events
2023-10-17 17:59:10,081 [FATAL] Updater:308 - Updater called before beeing initialized
2023-10-17 17:59:10,081 [ERROR] CADModel:125 - Updater not yet initialized, retry later 
2023-10-17 17:59:10,347 [INFO] CADModel:165 - CPN selected for project level
2023-10-17 17:59:10,347 [INFO] CADModel:114 - Register for checkConnection events
2023-10-17 17:59:10,348 [FATAL] Updater:308 - Updater called before beeing initialized
2023-10-17 17:59:10,348 [ERROR] CADModel:125 - Updater not yet initialized, retry later 
2023-10-17 17:59:10,350 [FATAL] Updater:308 - Updater called before beeing initialized
2023-10-17 17:59:10,506 [FATAL] Updater:308 - Updater called before beeing initialized
2023-10-17 17:59:10,515 [INFO] DbMcusAds:53 - JSON generation date=Tue Mar 07 08:50:55 GMT 2023 (1678179055114)
2023-10-17 17:59:10,516 [FATAL] Updater:308 - Updater called before beeing initialized
2023-10-17 17:59:10,574 [WARN] DetailPanel:346 - Failed to get advertising image, set to default
2023-10-17 17:59:10,647 [FATAL] Updater:308 - Updater called before beeing initialized
2023-10-17 17:59:10,649 [FATAL] Updater:308 - Updater called before beeing initialized
2023-10-17 17:59:10,649 [FATAL] Updater:308 - Updater called before beeing initialized
2023-10-17 17:59:10,649 [WARN] DetailPanel:346 - Failed to get advertising image, set to default
2023-10-17 17:59:10,651 [FATAL] Updater:308 - Updater called before beeing initialized
2023-10-17 17:59:10,738 [ERROR] Updater:1120 - MainUpdater not yet initialized. External WinMGr cannot be set.
2023-10-17 17:59:10,782 [INFO] Updater:1056 - Updater Version found : 6.9.2
2023-10-17 17:59:10,797 [INFO] ApplicationProperties:184 - Using Application install path: /Applications/STM32CubeIDE.app/Contents/Eclipse/plugins/com.st.stm32cube.common.mx_6.9.2.202309101412
2023-10-17 17:59:11,313 [INFO] MainUpdater:2868 - connection check result : 10
2023-10-17 17:59:11,314 [INFO] MainUpdater:285 - Updater Check For Update Now.
2023-10-17 17:59:11,317 [INFO] MicroXplorer:498 - Change Database Version : DB.6.0.92
2023-10-17 17:59:11,329 [INFO] McuFinderGlobals:63 - Set McuFinder mode to 2 (CubeIDE integrated)
2023-10-17 17:59:11,592 [INFO] CheckServerUpdateThread:120 - End of CheckServer Thread
2023-10-17 17:59:12,342 [WARN] PackLoader:240 - Cannot read IP mode file for STMicroelectronics.X-CUBE-SMBUS.2.1.0
2023-10-17 17:59:12,420 [WARN] PackLoader:240 - Cannot read IP mode file for STMicroelectronics.X-CUBE-AZRTOS-F7.1.1.0
2023-10-17 17:59:12,456 [WARN] PackLoader:240 - Cannot read IP mode file for STMicroelectronics.FP-SNS-MOTENV1.4.3.2
2023-10-17 17:59:12,483 [WARN] PackLoader:240 - Cannot read IP mode file for STMicroelectronics.FP-SNS-FLIGHT1.5.0.2
2023-10-17 17:59:12,500 [WARN] PackLoader:240 - Cannot read IP mode file for STMicroelectronics.X-CUBE-DISPLAY.3.0.0
2023-10-17 17:59:12,531 [WARN] PackLoader:240 - Cannot read IP mode file for STMicroelectronics.X-CUBE-BLE1.7.0.0
2023-10-17 17:59:12,554 [WARN] PackLoader:240 - Cannot read IP mode file for emotas.I-CUBE-CANOPEN.1.3.0
2023-10-17 17:59:12,565 [WARN] PackLoader:240 - Cannot read IP mode file for STMicroelectronics.X-CUBE-TOUCHGFX.4.22.0
2023-10-17 17:59:12,568 [WARN] PackLoader:240 - Cannot read IP mode file for STMicroelectronics.X-CUBE-TOUCHGFX.4.22.1
2023-10-17 17:59:12,581 [WARN] PackLoader:240 - Cannot read IP mode file for STMicroelectronics.FP-SNS-SMARTAG2.1.2.0
2023-10-17 17:59:12,608 [INFO] LogOutputStream:77 - [STDOUT_REDIRECT] 1 : Invalid condition id : UX_CORESTACK_Condition cause : null
2023-10-17 17:59:12,609 [INFO] LogOutputStream:77 - [STDOUT_REDIRECT] 1 : Invalid condition id : UX_CORESTACK_Condition cause : null
2023-10-17 17:59:12,610 [INFO] LogOutputStream:77 - [STDOUT_REDIRECT] 1 : Invalid condition id : UX_CORESTACK_Condition cause : null
2023-10-17 17:59:12,610 [INFO] LogOutputStream:77 - [STDOUT_REDIRECT] 1 : Invalid condition id : UX_CORESTACK_Condition cause : null
2023-10-17 17:59:12,610 [INFO] LogOutputStream:77 - [STDOUT_REDIRECT] 1 : Invalid condition id : UX_CORESTACK_Condition cause : null
2023-10-17 17:59:12,621 [WARN] PackLoader:240 - Cannot read IP mode file for STMicroelectronics.X-CUBE-AZRTOS-WL.2.0.0
2023-10-17 17:59:12,643 [WARN] PackLoader:240 - Cannot read IP mode file for WES.I-CUBE-Cesium.1.3.0
2023-10-17 17:59:12,655 [WARN] PackLoader:240 - Cannot read IP mode file for STMicroelectronics.X-CUBE-BLE2.3.3.0
2023-10-17 17:59:12,673 [WARN] PackLoader:240 - Cannot read IP mode file for STMicroelectronics.X-CUBE-ALGOBUILD.1.3.0
2023-10-17 17:59:12,707 [WARN] PackLoader:240 - Cannot read IP mode file for STMicroelectronics.X-CUBE-AZRTOS-G0.1.1.0
2023-10-17 17:59:12,733 [WARN] PackLoader:240 - Cannot read IP mode file for STMicroelectronics.X-CUBE-NFC4.3.0.0
2023-10-17 17:59:12,755 [WARN] PackLoader:240 - Cannot read IP mode file for STMicroelectronics.FP-ATR-SIGFOX1.3.2.0
2023-10-17 17:59:12,884 [WARN] PackLoader:240 - Cannot read IP mode file for SEGGER.I-CUBE-embOS.1.3.1
2023-10-17 17:59:13,055 [WARN] PackLoader:240 - Cannot read IP mode file for STMicroelectronics.X-CUBE-GNSS1.6.0.0
2023-10-17 17:59:13,104 [WARN] PackLoader:240 - Cannot read IP mode file for STMicroelectronics.X-CUBE-AZRTOS-F4.1.1.0
2023-10-17 17:59:13,131 [WARN] PackLoader:240 - Cannot read IP mode file for wolfSSL.I-CUBE-wolfSSL.5.6.3
2023-10-17 17:59:13,171 [WARN] PackLoader:240 - Cannot read IP mode file for STMicroelectronics.X-CUBE-AZRTOS-L5.2.0.0
2023-10-17 17:59:13,274 [WARN] PackLoader:240 - Cannot read IP mode file for STMicroelectronics.X-CUBE-MEMS1.9.6.0
2023-10-17 17:59:13,418 [WARN] PackLoader:240 - Cannot read IP mode file for ITTIA_DB.I-CUBE-ITTIADB.8.8.0
2023-10-17 17:59:13,440 [WARN] PackLoader:240 - Cannot read IP mode file for STMicroelectronics.X-CUBE-BLEMGR.2.0.0
2023-10-17 17:59:13,496 [WARN] ConditionMgr:438 - getConditionDescription Invalid condition id : UX DEVICE CLASS RTOS Condition cause : null
2023-10-17 17:59:13,497 [WARN] ConditionMgr:438 - getConditionDescription Invalid condition id : UX DEVICE CLASS RTOS Condition cause : null
2023-10-17 17:59:13,510 [WARN] PackLoader:240 - Cannot read IP mode file for STMicroelectronics.X-CUBE-AZRTOS-H7.3.1.0
2023-10-17 17:59:13,514 [WARN] ConditionMgr:1039 - genDependencies : Invalid condition id : UX DEVICE CLASS RTOS Condition cause : null
2023-10-17 17:59:13,515 [WARN] ConditionMgr:1039 - genDependencies : Invalid condition id : UX DEVICE CLASS RTOS Condition cause : null
2023-10-17 17:59:13,516 [WARN] ConditionMgr:1039 - genDependencies : Invalid condition id : UX DEVICE CLASS RTOS Condition cause : null
2023-10-17 17:59:13,517 [WARN] ConditionMgr:1039 - genDependencies : Invalid condition id : UX DEVICE CLASS RTOS Condition cause : null
2023-10-17 17:59:13,517 [WARN] ConditionMgr:1039 - genDependencies : Invalid condition id : UX DEVICE CLASS RTOS Condition cause : null
2023-10-17 17:59:13,614 [WARN] PackLoader:240 - Cannot read IP mode file for STMicroelectronics.X-CUBE-NFC7.1.0.1
2023-10-17 17:59:13,638 [WARN] PackLoader:240 - Cannot read IP mode file for STMicroelectronics.X-CUBE-NFC6.3.0.0
2023-10-17 17:59:13,647 [WARN] PackLoader:240 - Cannot read IP mode file for STMicroelectronics.X-CUBE-EEPRMA1.4.1.0
2023-10-17 17:59:13,657 [WARN] PackLoader:240 - Cannot read IP mode file for STMicroelectronics.X-CUBE-AI.8.1.0
2023-10-17 17:59:13,701 [WARN] ConditionMgr:438 - getConditionDescription Invalid condition id : LAN8742 Phy interface Condition cause : null
2023-10-17 17:59:13,702 [WARN] PackLoader:240 - Cannot read IP mode file for STMicroelectronics.X-CUBE-AZRTOS-L4.2.0.0
2023-10-17 17:59:13,705 [WARN] ConditionMgr:1039 - genDependencies : Invalid condition id : LAN8742 Phy interface Condition cause : null
2023-10-17 17:59:13,705 [WARN] ConditionMgr:1039 - genDependencies : Invalid condition id : LAN8742 Phy interface Condition cause : null
2023-10-17 17:59:13,706 [WARN] ConditionMgr:1039 - genDependencies : Invalid condition id : LAN8742 Phy interface Condition cause : null
2023-10-17 17:59:13,722 [WARN] PackLoader:240 - Cannot read IP mode file for STMicroelectronics.X-CUBE-SFXS2LP1.4.0.0
2023-10-17 17:59:13,731 [WARN] PackLoader:240 - Cannot read IP mode file for STMicroelectronics.X-CUBE-ISPU.1.1.0
2023-10-17 17:59:13,746 [WARN] ConditionMgr:438 - getConditionDescription Invalid condition id : UX DEVICE CLASS RTOS Condition cause : null
2023-10-17 17:59:13,746 [WARN] ConditionMgr:438 - getConditionDescription Invalid condition id : UX DEVICE CLASS RTOS Condition cause : null
2023-10-17 17:59:13,750 [WARN] PackLoader:240 - Cannot read IP mode file for STMicroelectronics.X-CUBE-AZRTOS-WB.2.0.0
2023-10-17 17:59:13,751 [WARN] ConditionMgr:1039 - genDependencies : Invalid condition id : UX DEVICE CLASS RTOS Condition cause : null
2023-10-17 17:59:13,752 [WARN] ConditionMgr:1039 - genDependencies : Invalid condition id : UX DEVICE CLASS RTOS Condition cause : null
2023-10-17 17:59:13,753 [WARN] ConditionMgr:1039 - genDependencies : Invalid condition id : UX DEVICE CLASS RTOS Condition cause : null
2023-10-17 17:59:13,753 [WARN] ConditionMgr:1039 - genDependencies : Invalid condition id : UX DEVICE CLASS RTOS Condition cause : null
2023-10-17 17:59:13,753 [WARN] ConditionMgr:1039 - genDependencies : Invalid condition id : UX DEVICE CLASS RTOS Condition cause : null
2023-10-17 17:59:13,781 [WARN] PackLoader:240 - Cannot read IP mode file for STMicroelectronics.X-CUBE-SUBG2.5.0.0
2023-10-17 17:59:13,802 [WARN] PackLoader:240 - Cannot read IP mode file for STMicroelectronics.X-CUBE-TOF1.3.3.1
2023-10-17 17:59:13,829 [WARN] PackLoader:240 - Cannot read IP mode file for STMicroelectronics.X-CUBE-AZRTOS-G4.2.0.0
2023-10-17 17:59:13,849 [WARN] PackLoader:240 - Cannot read IP mode file for Infineon.AIROC-Wi-Fi-Bluetooth-STM32.1.5.1
2023-10-17 17:59:13,864 [WARN] PackLoader:240 - Cannot read IP mode file for STMicroelectronics.X-CUBE-FREERTOS.1.1.0
2023-10-17 17:59:13,873 [WARN] PackLoader:240 - Cannot read IP mode file for portGmbH.I-Cube-SoM-uGOAL.1.1.0
2023-10-17 17:59:13,876 [WARN] PackLoader:240 - Cannot read IP mode file for STMicroelectronics.X-CUBE-ALS.1.0.1
2023-10-17 17:59:13,879 [WARN] PackLoader:240 - Cannot read IP mode file for STMicroelectronics.FP-ATR-ASTRA1.2.0.0
2023-10-17 17:59:13,886 [INFO] ThirdParty:978 - Integrity check success = true
2023-10-17 17:59:13,886 [INFO] IntegrityCheckThread:100 - exiting critical section [integrity check]
2023-10-17 17:59:13,886 [INFO] IntegrityCheckThread:103 - End integrity checks thread
2023-10-17 17:59:25,799 [ERROR] LogOutputStream:75 - [STDERR_REDIRECT] SLF4J: Failed to load class "org.slf4j.impl.StaticLoggerBinder".
2023-10-17 17:59:25,800 [ERROR] LogOutputStream:75 - [STDERR_REDIRECT] SLF4J: Defaulting to no-operation (NOP) logger implementation
2023-10-17 17:59:25,801 [ERROR] LogOutputStream:75 - [STDERR_REDIRECT] SLF4J: See http://www.slf4j.org/codes.html#StaticLoggerBinder for further details.
