2023-08-30 22:56:37,746 [INFO] Activator:176 - 


2023-08-30 22:56:37,749 [INFO] Activator:177 - !SESSION log4j initialized
2023-08-30 22:56:39,231 [ERROR] LogOutputStream:75 - [STDERR_REDIRECT] 
2023-08-30 22:56:39,946 [INFO] LogOutputStream:77 - [STDOUT_REDIRECT] 
2023-08-30 22:56:41,652 [INFO] LogOutputStream:77 - [STDOUT_REDIRECT] 
2023-08-30 22:56:43,662 [INFO] ApplicationProperties:184 - Using Application install path: /Applications/STM32CubeIDE.app/Contents/Eclipse/plugins/com.st.stm32cube.common.mx_6.9.1.202307191849
2023-08-30 22:56:43,676 [INFO] DbMcusXml:78 - Set database path to: /Applications/STM32CubeIDE.app/Contents/Eclipse/plugins/com.st.stm32cube.common.mx_6.9.1.202307191849//db//mcu/
2023-08-30 22:56:43,676 [INFO] ApiDb:274 - Set plugin database path to: /Applications/STM32CubeIDE.app/Contents/Eclipse/plugins/com.st.stm32cube.common.mx_6.9.1.202307191849//db//plugins/boardmanager/
2023-08-30 22:56:43,678 [WARN] ApiDb:259 - Overriding images path with different value:  => /Applications/STM32CubeIDE.app/Contents/Eclipse/plugins/com.st.stm32cube.common.mx_6.9.1.202307191849//db//plugins/mcufinder/images/
2023-08-30 22:56:43,702 [INFO] ApiDb:250 - Set database path to: /Users/mariestahaab/.stmcufinder/plugins/mcufinder//mcu/
2023-08-30 22:56:43,703 [INFO] DbMcusAds:125 - Set database path to: /Users/mariestahaab/.stmcufinder/plugins/mcufinder//mcu/
2023-08-30 22:56:43,705 [INFO] CrossReferenceDbSqlite:203 - Set database path to: /Users/mariestahaab/.stmcufinder/plugins/mcufinder//mcu/cs/
2023-08-30 22:56:43,854 [INFO] RulesReader:64 - Compatibility file has been processed (293 Rules)
2023-08-30 22:56:43,947 [INFO] DbMcusXml:78 - Set database path to: /Applications/STM32CubeIDE.app/Contents/Eclipse/plugins/com.st.stm32cube.common.mx_6.9.1.202307191849//db//mcu/
2023-08-30 22:56:43,947 [INFO] ApiDb:274 - Set plugin database path to: /Applications/STM32CubeIDE.app/Contents/Eclipse/plugins/com.st.stm32cube.common.mx_6.9.1.202307191849//db//plugins/boardmanager/
2023-08-30 22:56:43,949 [INFO] ApiDb:261 - Set plugin images path to: /Applications/STM32CubeIDE.app/Contents/Eclipse/plugins/com.st.stm32cube.common.mx_6.9.1.202307191849//db//plugins/mcufinder/images/
2023-08-30 22:56:43,950 [WARN] DbFile:41 - Overriding database path with different value: /Users/mariestahaab/.stmcufinder/plugins/mcufinder/ => /Users/mariestahaab/.stmcufinder/plugins/mcufinder
2023-08-30 22:56:43,950 [INFO] ApiDb:250 - Set database path to: /Users/mariestahaab/.stmcufinder/plugins/mcufinder//mcu/
2023-08-30 22:56:43,950 [WARN] DbFile:41 - Overriding database path with different value: /Users/mariestahaab/.stmcufinder/plugins/mcufinder/ => /Users/mariestahaab/.stmcufinder/plugins/mcufinder
2023-08-30 22:56:43,950 [INFO] DbMcusAds:125 - Set database path to: /Users/mariestahaab/.stmcufinder/plugins/mcufinder//mcu/
2023-08-30 22:56:43,950 [WARN] DbFile:41 - Overriding database path with different value: /Users/mariestahaab/.stmcufinder/plugins/mcufinder/ => /Users/mariestahaab/.stmcufinder/plugins/mcufinder
2023-08-30 22:56:43,950 [WARN] DbFile:41 - Overriding database path with different value: /Users/mariestahaab/.stmcufinder/plugins/mcufinder/ => /Users/mariestahaab/.stmcufinder/plugins/mcufinder
2023-08-30 22:56:43,951 [INFO] CrossReferenceDbSqlite:203 - Set database path to: /Users/mariestahaab/.stmcufinder/plugins/mcufinder//mcu/cs/
2023-08-30 22:56:44,039 [INFO] MainPanel:262 - HeapMemory: 304087040
2023-08-30 22:56:44,238 [INFO] DbMcusXml:78 - Set database path to: /Applications/STM32CubeIDE.app/Contents/Eclipse/plugins/com.st.stm32cube.common.mx_6.9.1.202307191849//db//mcu/
2023-08-30 22:56:44,239 [INFO] ApiDb:274 - Set plugin database path to: /Applications/STM32CubeIDE.app/Contents/Eclipse/plugins/com.st.stm32cube.common.mx_6.9.1.202307191849//db//plugins/boardmanager/
2023-08-30 22:56:44,239 [INFO] ApiDb:261 - Set plugin images path to: /Applications/STM32CubeIDE.app/Contents/Eclipse/plugins/com.st.stm32cube.common.mx_6.9.1.202307191849//db//plugins/mcufinder/images/
2023-08-30 22:56:44,239 [WARN] DbFile:41 - Overriding database path with different value: /Users/mariestahaab/.stmcufinder/plugins/mcufinder/ => /Users/mariestahaab/.stmcufinder/plugins/mcufinder
2023-08-30 22:56:44,240 [INFO] ApiDb:250 - Set database path to: /Users/mariestahaab/.stmcufinder/plugins/mcufinder//mcu/
2023-08-30 22:56:44,240 [WARN] DbFile:41 - Overriding database path with different value: /Users/mariestahaab/.stmcufinder/plugins/mcufinder/ => /Users/mariestahaab/.stmcufinder/plugins/mcufinder
2023-08-30 22:56:44,240 [INFO] DbMcusAds:125 - Set database path to: /Users/mariestahaab/.stmcufinder/plugins/mcufinder//mcu/
2023-08-30 22:56:44,240 [WARN] DbFile:41 - Overriding database path with different value: /Users/mariestahaab/.stmcufinder/plugins/mcufinder/ => /Users/mariestahaab/.stmcufinder/plugins/mcufinder
2023-08-30 22:56:44,240 [WARN] DbFile:41 - Overriding database path with different value: /Users/mariestahaab/.stmcufinder/plugins/mcufinder/ => /Users/mariestahaab/.stmcufinder/plugins/mcufinder
2023-08-30 22:56:44,240 [INFO] CrossReferenceDbSqlite:203 - Set database path to: /Users/mariestahaab/.stmcufinder/plugins/mcufinder//mcu/cs/
2023-08-30 22:56:44,261 [INFO] ApplicationProperties:184 - Using Application install path: /Applications/STM32CubeIDE.app/Contents/Eclipse/plugins/com.st.stm32cube.common.mx_6.9.1.202307191849
2023-08-30 22:56:44,262 [INFO] PluginManage:196 - Search for loadable plugins [exclusion list=, ]
2023-08-30 22:56:44,265 [INFO] PluginManage:310 - Check plugin analytics
2023-08-30 22:56:44,527 [INFO] AnalyticsPlugin:253 - Accepted Software Licenses: 
2023-08-30 22:56:44,528 [INFO] AnalyticsPlugin:255 - Accepted CMSIS Pack Licenses: 
2023-08-30 22:56:44,528 [INFO] AnalyticsPlugin:257 - Accepted Firmware Licenses: FW.F4.1.27.0
2023-08-30 22:56:44,538 [INFO] PluginManage:359 - Loaded plugin analytics (category:tool,tabindex:-1)
2023-08-30 22:56:44,540 [INFO] PluginManage:310 - Check plugin cadmodel
2023-08-30 22:56:44,827 [INFO] CADModel:105 - Init CAD model plugin
2023-08-30 22:56:44,828 [INFO] PluginManage:359 - Loaded plugin cadmodel (category:power,tabindex:5)
2023-08-30 22:56:44,829 [INFO] PluginManage:310 - Check plugin clock
2023-08-30 22:56:44,839 [INFO] PluginManage:359 - Loaded plugin clock (category:base,tabindex:2)
2023-08-30 22:56:44,840 [INFO] PluginManage:310 - Check plugin ddr
2023-08-30 22:56:44,842 [INFO] PluginManage:359 - Loaded plugin ddr (category:tool,tabindex:6)
2023-08-30 22:56:44,842 [INFO] PluginManage:310 - Check plugin filemanager
2023-08-30 22:56:44,993 [INFO] PluginManage:359 - Loaded plugin filemanager (category:base,tabindex:10)
2023-08-30 22:56:44,993 [INFO] PluginManage:310 - Check plugin ipmanager
2023-08-30 22:56:45,000 [INFO] PluginManage:359 - Loaded plugin ipmanager (category:base,tabindex:5)
2023-08-30 22:56:45,000 [INFO] PluginManage:310 - Check plugin lpbam
2023-08-30 22:56:45,007 [INFO] PluginManage:359 - Loaded plugin lpbam (category:base,tabindex:0)
2023-08-30 22:56:45,008 [INFO] PluginManage:310 - Check plugin memorymap
2023-08-30 22:56:45,020 [INFO] PluginManage:359 - Loaded plugin memorymap (category:base,tabindex:4)
2023-08-30 22:56:45,020 [INFO] PluginManage:310 - Check plugin pinoutandconfiguration
2023-08-30 22:56:45,026 [INFO] PluginManage:359 - Loaded plugin pinoutandconfiguration (category:base,tabindex:1)
2023-08-30 22:56:45,026 [INFO] PluginManage:310 - Check plugin pinoutconfig
2023-08-30 22:56:45,118 [WARN] SupportedApi:132 - Cannot load RTOS API schema: s4s-elt-must-match.1: The content of 'definitions' must match (annotation?, (simpleType | complexType)?, (unique | key | keyref)*)). A problem was found starting at: attribute.
2023-08-30 22:56:45,380 [INFO] PluginManage:359 - Loaded plugin pinoutconfig (category:base,tabindex:0)
2023-08-30 22:56:45,381 [INFO] PluginManage:310 - Check plugin power
2023-08-30 22:56:45,408 [INFO] PluginManage:359 - Loaded plugin power (category:power,tabindex:4)
2023-08-30 22:56:45,408 [INFO] PluginManage:310 - Check plugin projectmanager
2023-08-30 22:56:45,455 [INFO] PluginManage:359 - Loaded plugin projectmanager (category:projectmanager,tabindex:3)
2023-08-30 22:56:45,455 [INFO] PluginManage:310 - Check plugin thirdparty
2023-08-30 22:56:45,632 [INFO] PluginManage:359 - Loaded plugin thirdparty (category:base,tabindex:-1)
2023-08-30 22:56:45,632 [INFO] PluginManage:310 - Check plugin tools
2023-08-30 22:56:45,631 [WARN] IntegrityCheckThread:84 - waiting for thirdparty lock release [integrity check]
2023-08-30 22:56:45,634 [INFO] IntegrityCheckThread:86 - entering critical section [integrity check]
2023-08-30 22:56:45,634 [INFO] ThirdPartyUpdaterWithRetryManager:70 - Updater plugin not ready yet. [1/15]
2023-08-30 22:56:45,636 [INFO] PluginManage:359 - Loaded plugin tools (category:base,tabindex:7)
2023-08-30 22:56:45,636 [INFO] PluginManage:310 - Check plugin tutovideos
2023-08-30 22:56:45,806 [INFO] PluginManage:359 - Loaded plugin tutovideos (category:base,tabindex:-1)
2023-08-30 22:56:45,806 [INFO] PluginManage:310 - Check plugin updater
2023-08-30 22:56:45,818 [INFO] PluginManage:359 - Loaded plugin updater (category:base,tabindex:12)
2023-08-30 22:56:45,818 [INFO] PluginManage:310 - Check plugin userauth
2023-08-30 22:56:45,823 [INFO] UserAuth:113 - Init User Auth plugin
2023-08-30 22:56:45,823 [INFO] PluginManage:359 - Loaded plugin userauth (category:base,tabindex:14)
2023-08-30 22:56:45,824 [INFO] PluginManage:283 - PluginManage : Loaded plugins [17]
2023-08-30 22:56:46,073 [INFO] PinOutPanel:1499 - setPackage(No Configuration,No Configuration)
2023-08-30 22:56:46,179 [INFO] CADModel:165 - CPN selected for project level
2023-08-30 22:56:46,179 [INFO] CADModel:114 - Register for checkConnection events
2023-08-30 22:56:46,192 [INFO] IPUIPlugin:80 - create IPUIPlugin
2023-08-30 22:56:46,193 [INFO] PluginManager:220 - loadIPPluginJar : add mdma
2023-08-30 22:56:46,197 [INFO] IPUIPlugin:80 - create IPUIPlugin
2023-08-30 22:56:46,197 [INFO] PluginManager:220 - loadIPPluginJar : add freertos
2023-08-30 22:56:46,200 [INFO] IPUIPlugin:80 - create IPUIPlugin
2023-08-30 22:56:46,200 [INFO] PluginManager:220 - loadIPPluginJar : add gic
2023-08-30 22:56:46,205 [INFO] IPUIPlugin:80 - create IPUIPlugin
2023-08-30 22:56:46,205 [INFO] PluginManager:220 - loadIPPluginJar : add adc
2023-08-30 22:56:46,208 [INFO] IPUIPlugin:80 - create IPUIPlugin
2023-08-30 22:56:46,208 [INFO] PluginManager:220 - loadIPPluginJar : add gtzc
2023-08-30 22:56:46,209 [INFO] IPUIPlugin:80 - create IPUIPlugin
2023-08-30 22:56:46,209 [INFO] PluginManager:220 - loadIPPluginJar : add quadspi
2023-08-30 22:56:46,211 [INFO] IPUIPlugin:80 - create IPUIPlugin
2023-08-30 22:56:46,211 [INFO] PluginManager:220 - loadIPPluginJar : add aes
2023-08-30 22:56:46,213 [INFO] IPUIPlugin:80 - create IPUIPlugin
2023-08-30 22:56:46,213 [INFO] PluginManager:220 - loadIPPluginJar : add pdm2pcm
2023-08-30 22:56:46,214 [INFO] IPUIPlugin:80 - create IPUIPlugin
2023-08-30 22:56:46,214 [INFO] PluginManager:220 - loadIPPluginJar : add hash
2023-08-30 22:56:46,214 [INFO] IPUIPlugin:80 - create IPUIPlugin
2023-08-30 22:56:46,215 [INFO] PluginManager:220 - loadIPPluginJar : add tim
2023-08-30 22:56:46,215 [INFO] IPUIPlugin:80 - create IPUIPlugin
2023-08-30 22:56:46,215 [INFO] PluginManager:220 - loadIPPluginJar : add tsc
2023-08-30 22:56:46,216 [INFO] IPUIPlugin:80 - create IPUIPlugin
2023-08-30 22:56:46,216 [INFO] PluginManager:220 - loadIPPluginJar : add ts
2023-08-30 22:56:46,218 [INFO] IPUIPlugin:80 - create IPUIPlugin
2023-08-30 22:56:46,218 [INFO] PluginManager:220 - loadIPPluginJar : add can
2023-08-30 22:56:46,220 [INFO] IPUIPlugin:80 - create IPUIPlugin
2023-08-30 22:56:46,220 [INFO] PluginManager:220 - loadIPPluginJar : add dma3
2023-08-30 22:56:46,222 [INFO] IPUIPlugin:80 - create IPUIPlugin
2023-08-30 22:56:46,223 [INFO] PluginManager:220 - loadIPPluginJar : add dfsdm
2023-08-30 22:56:46,224 [INFO] IPUIPlugin:80 - create IPUIPlugin
2023-08-30 22:56:46,224 [INFO] PluginManager:220 - loadIPPluginJar : add spi
2023-08-30 22:56:46,225 [INFO] IPUIPlugin:80 - create IPUIPlugin
2023-08-30 22:56:46,225 [INFO] PluginManager:220 - loadIPPluginJar : add gfxmmu
2023-08-30 22:56:46,225 [INFO] IPUIPlugin:80 - create IPUIPlugin
2023-08-30 22:56:46,225 [INFO] PluginManager:220 - loadIPPluginJar : add genericplugin
2023-08-30 22:56:46,227 [INFO] IPUIPlugin:80 - create IPUIPlugin
2023-08-30 22:56:46,227 [INFO] PluginManager:220 - loadIPPluginJar : add cryp
2023-08-30 22:56:46,228 [INFO] IPUIPlugin:80 - create IPUIPlugin
2023-08-30 22:56:46,229 [INFO] PluginManager:220 - loadIPPluginJar : add gpio
2023-08-30 22:56:46,230 [INFO] IPUIPlugin:80 - create IPUIPlugin
2023-08-30 22:56:46,230 [INFO] PluginManager:220 - loadIPPluginJar : add comp
2023-08-30 22:56:46,232 [INFO] IPUIPlugin:80 - create IPUIPlugin
2023-08-30 22:56:46,232 [INFO] PluginManager:220 - loadIPPluginJar : add tracer_emb
2023-08-30 22:56:46,233 [INFO] IPUIPlugin:80 - create IPUIPlugin
2023-08-30 22:56:46,234 [INFO] PluginManager:220 - loadIPPluginJar : add openamp
2023-08-30 22:56:46,237 [INFO] IPUIPlugin:80 - create IPUIPlugin
2023-08-30 22:56:46,237 [INFO] PluginManager:220 - loadIPPluginJar : add stm32_wpan
2023-08-30 22:56:46,243 [INFO] IPUIPlugin:80 - create IPUIPlugin
2023-08-30 22:56:46,248 [INFO] PluginManager:220 - loadIPPluginJar : add plateformsettings
2023-08-30 22:56:46,250 [INFO] IPUIPlugin:80 - create IPUIPlugin
2023-08-30 22:56:46,251 [INFO] PluginManager:220 - loadIPPluginJar : add ipddr
2023-08-30 22:56:46,252 [INFO] IPUIPlugin:80 - create IPUIPlugin
2023-08-30 22:56:46,252 [INFO] PluginManager:220 - loadIPPluginJar : add usart
2023-08-30 22:56:46,253 [INFO] IPUIPlugin:80 - create IPUIPlugin
2023-08-30 22:56:46,253 [INFO] PluginManager:220 - loadIPPluginJar : add ltdc
2023-08-30 22:56:46,255 [INFO] IPUIPlugin:80 - create IPUIPlugin
2023-08-30 22:56:46,256 [INFO] PluginManager:220 - loadIPPluginJar : add nvic
2023-08-30 22:56:46,257 [INFO] IPUIPlugin:80 - create IPUIPlugin
2023-08-30 22:56:46,257 [INFO] PluginManager:220 - loadIPPluginJar : add fatfs
2023-08-30 22:56:46,262 [INFO] IPUIPlugin:80 - create IPUIPlugin
2023-08-30 22:56:46,262 [INFO] PluginManager:220 - loadIPPluginJar : add linkedlist
2023-08-30 22:56:46,265 [INFO] IPUIPlugin:80 - create IPUIPlugin
2023-08-30 22:56:46,265 [INFO] PluginManager:220 - loadIPPluginJar : add dma
2023-08-30 22:56:46,267 [INFO] IPUIPlugin:80 - create IPUIPlugin
2023-08-30 22:56:46,267 [INFO] PluginManager:220 - loadIPPluginJar : add fmc
2023-08-30 22:56:46,268 [INFO] IPUIPlugin:80 - create IPUIPlugin
2023-08-30 22:56:46,269 [INFO] PluginManager:220 - loadIPPluginJar : add i2s
2023-08-30 22:56:46,270 [INFO] IPUIPlugin:80 - create IPUIPlugin
2023-08-30 22:56:46,270 [INFO] PluginManager:220 - loadIPPluginJar : add ucpd
2023-08-30 22:56:46,271 [INFO] IPUIPlugin:80 - create IPUIPlugin
2023-08-30 22:56:46,271 [INFO] PluginManager:220 - loadIPPluginJar : add lorawan
2023-08-30 22:56:46,273 [INFO] IPUIPlugin:80 - create IPUIPlugin
2023-08-30 22:56:46,273 [INFO] PluginManager:220 - loadIPPluginJar : add opamp
2023-08-30 22:56:46,274 [INFO] IPUIPlugin:80 - create IPUIPlugin
2023-08-30 22:56:46,274 [INFO] PluginManager:220 - loadIPPluginJar : add i3c
2023-08-30 22:56:46,276 [INFO] IPUIPlugin:80 - create IPUIPlugin
2023-08-30 22:56:46,276 [INFO] PluginManager:220 - loadIPPluginJar : add touchsensing
2023-08-30 22:56:46,279 [INFO] IPUIPlugin:80 - create IPUIPlugin
2023-08-30 22:56:46,279 [INFO] PluginManager:220 - loadIPPluginJar : add i2c
2023-08-30 22:56:46,281 [INFO] IPUIPlugin:80 - create IPUIPlugin
2023-08-30 22:56:46,281 [INFO] PluginManager:220 - loadIPPluginJar : add resmgrutility
2023-08-30 22:56:46,282 [INFO] IPUIPlugin:80 - create IPUIPlugin
2023-08-30 22:56:46,283 [INFO] PluginManager:220 - loadIPPluginJar : add sai
2023-08-30 22:56:46,284 [INFO] IPUIPlugin:80 - create IPUIPlugin
2023-08-30 22:56:46,285 [INFO] PluginManager:220 - loadIPPluginJar : add usbx
2023-08-30 22:56:46,398 [INFO] CADModel:165 - CPN selected for project level
2023-08-30 22:56:46,399 [INFO] CADModel:114 - Register for checkConnection events
2023-08-30 22:56:46,399 [FATAL] Updater:308 - Updater called before beeing initialized
2023-08-30 22:56:46,400 [ERROR] CADModel:125 - Updater not yet initialized, retry later 
2023-08-30 22:56:46,652 [INFO] CADModel:165 - CPN selected for project level
2023-08-30 22:56:46,652 [INFO] CADModel:114 - Register for checkConnection events
2023-08-30 22:56:46,653 [FATAL] Updater:308 - Updater called before beeing initialized
2023-08-30 22:56:46,653 [ERROR] CADModel:125 - Updater not yet initialized, retry later 
2023-08-30 22:56:46,656 [FATAL] Updater:308 - Updater called before beeing initialized
2023-08-30 22:56:46,802 [FATAL] Updater:308 - Updater called before beeing initialized
2023-08-30 22:56:46,816 [INFO] DbMcusAds:53 - JSON generation date=Tue Mar 07 08:50:55 GMT 2023 (1678179055114)
2023-08-30 22:56:46,816 [FATAL] Updater:308 - Updater called before beeing initialized
2023-08-30 22:56:46,861 [WARN] DetailPanel:346 - Failed to get advertising image, set to default
2023-08-30 22:56:46,936 [FATAL] Updater:308 - Updater called before beeing initialized
2023-08-30 22:56:46,938 [FATAL] Updater:308 - Updater called before beeing initialized
2023-08-30 22:56:46,938 [FATAL] Updater:308 - Updater called before beeing initialized
2023-08-30 22:56:46,938 [WARN] DetailPanel:346 - Failed to get advertising image, set to default
2023-08-30 22:56:46,940 [FATAL] Updater:308 - Updater called before beeing initialized
2023-08-30 22:56:47,007 [ERROR] Updater:1120 - MainUpdater not yet initialized. External WinMGr cannot be set.
2023-08-30 22:56:47,050 [INFO] Updater:1056 - Updater Version found : 6.9.1
2023-08-30 22:56:47,061 [INFO] ApplicationProperties:184 - Using Application install path: /Applications/STM32CubeIDE.app/Contents/Eclipse/plugins/com.st.stm32cube.common.mx_6.9.1.202307191849
2023-08-30 22:56:47,343 [INFO] MainUpdater:2868 - connection check result : 10
2023-08-30 22:56:47,344 [INFO] MainUpdater:285 - Updater Check For Update Now.
2023-08-30 22:56:47,344 [INFO] MicroXplorer:498 - Change Database Version : DB.6.0.91
2023-08-30 22:56:47,354 [INFO] McuFinderGlobals:63 - Set McuFinder mode to 2 (CubeIDE integrated)
2023-08-30 22:56:47,609 [INFO] CheckServerUpdateThread:120 - End of CheckServer Thread
2023-08-30 22:56:48,804 [WARN] PackLoader:240 - Cannot read IP mode file for STMicroelectronics.X-CUBE-SMBUS.2.1.0
2023-08-30 22:56:48,874 [WARN] PackLoader:240 - Cannot read IP mode file for STMicroelectronics.X-CUBE-AZRTOS-F7.1.1.0
2023-08-30 22:56:48,929 [WARN] PackLoader:240 - Cannot read IP mode file for STMicroelectronics.FP-SNS-MOTENV1.4.3.2
2023-08-30 22:56:48,959 [WARN] PackLoader:240 - Cannot read IP mode file for STMicroelectronics.FP-SNS-FLIGHT1.5.0.2
2023-08-30 22:56:48,980 [WARN] PackLoader:240 - Cannot read IP mode file for STMicroelectronics.X-CUBE-DISPLAY.3.0.0
2023-08-30 22:56:49,043 [WARN] PackLoader:240 - Cannot read IP mode file for STMicroelectronics.X-CUBE-BLE1.7.0.0
2023-08-30 22:56:49,089 [WARN] PackLoader:240 - Cannot read IP mode file for emotas.I-CUBE-CANOPEN.1.3.0
2023-08-30 22:56:49,103 [WARN] PackLoader:240 - Cannot read IP mode file for STMicroelectronics.X-CUBE-TOUCHGFX.4.22.0
2023-08-30 22:56:49,132 [INFO] LogOutputStream:77 - [STDOUT_REDIRECT] 1 : Invalid condition id : UX_CORESTACK_Condition cause : null
2023-08-30 22:56:49,134 [INFO] LogOutputStream:77 - [STDOUT_REDIRECT] 1 : Invalid condition id : UX_CORESTACK_Condition cause : null
2023-08-30 22:56:49,134 [INFO] LogOutputStream:77 - [STDOUT_REDIRECT] 1 : Invalid condition id : UX_CORESTACK_Condition cause : null
2023-08-30 22:56:49,134 [INFO] LogOutputStream:77 - [STDOUT_REDIRECT] 1 : Invalid condition id : UX_CORESTACK_Condition cause : null
2023-08-30 22:56:49,134 [INFO] LogOutputStream:77 - [STDOUT_REDIRECT] 1 : Invalid condition id : UX_CORESTACK_Condition cause : null
2023-08-30 22:56:49,142 [WARN] PackLoader:240 - Cannot read IP mode file for STMicroelectronics.X-CUBE-AZRTOS-WL.2.0.0
2023-08-30 22:56:49,178 [WARN] PackLoader:240 - Cannot read IP mode file for WES.I-CUBE-Cesium.1.3.0
2023-08-30 22:56:49,193 [WARN] PackLoader:240 - Cannot read IP mode file for STMicroelectronics.X-CUBE-BLE2.3.3.0
2023-08-30 22:56:49,214 [WARN] PackLoader:240 - Cannot read IP mode file for STMicroelectronics.X-CUBE-ALGOBUILD.1.3.0
2023-08-30 22:56:49,253 [WARN] PackLoader:240 - Cannot read IP mode file for STMicroelectronics.X-CUBE-AZRTOS-G0.1.1.0
2023-08-30 22:56:49,284 [WARN] PackLoader:240 - Cannot read IP mode file for STMicroelectronics.X-CUBE-NFC4.3.0.0
2023-08-30 22:56:49,310 [WARN] PackLoader:240 - Cannot read IP mode file for STMicroelectronics.FP-ATR-SIGFOX1.3.2.0
2023-08-30 22:56:49,394 [WARN] PackLoader:240 - Cannot read IP mode file for SEGGER.I-CUBE-embOS.1.3.1
2023-08-30 22:56:49,467 [WARN] PackLoader:240 - Cannot read IP mode file for STMicroelectronics.X-CUBE-GNSS1.6.0.0
2023-08-30 22:56:49,498 [WARN] PackLoader:240 - Cannot read IP mode file for STMicroelectronics.X-CUBE-AZRTOS-F4.1.1.0
2023-08-30 22:56:49,508 [WARN] PackLoader:240 - Cannot read IP mode file for wolfSSL.I-CUBE-wolfSSL.5.6.3
2023-08-30 22:56:49,539 [WARN] PackLoader:240 - Cannot read IP mode file for STMicroelectronics.X-CUBE-AZRTOS-L5.2.0.0
2023-08-30 22:56:49,630 [WARN] PackLoader:240 - Cannot read IP mode file for STMicroelectronics.X-CUBE-MEMS1.9.6.0
2023-08-30 22:56:49,806 [WARN] PackLoader:240 - Cannot read IP mode file for STMicroelectronics.X-CUBE-BLEMGR.2.0.0
2023-08-30 22:56:49,853 [WARN] ConditionMgr:438 - getConditionDescription Invalid condition id : UX DEVICE CLASS RTOS Condition cause : null
2023-08-30 22:56:49,854 [WARN] ConditionMgr:438 - getConditionDescription Invalid condition id : UX DEVICE CLASS RTOS Condition cause : null
2023-08-30 22:56:49,861 [WARN] PackLoader:240 - Cannot read IP mode file for STMicroelectronics.X-CUBE-AZRTOS-H7.3.1.0
2023-08-30 22:56:49,863 [WARN] ConditionMgr:1039 - genDependencies : Invalid condition id : UX DEVICE CLASS RTOS Condition cause : null
2023-08-30 22:56:49,864 [WARN] ConditionMgr:1039 - genDependencies : Invalid condition id : UX DEVICE CLASS RTOS Condition cause : null
2023-08-30 22:56:49,865 [WARN] ConditionMgr:1039 - genDependencies : Invalid condition id : UX DEVICE CLASS RTOS Condition cause : null
2023-08-30 22:56:49,866 [WARN] ConditionMgr:1039 - genDependencies : Invalid condition id : UX DEVICE CLASS RTOS Condition cause : null
2023-08-30 22:56:49,866 [WARN] ConditionMgr:1039 - genDependencies : Invalid condition id : UX DEVICE CLASS RTOS Condition cause : null
2023-08-30 22:56:49,879 [WARN] PackLoader:240 - Cannot read IP mode file for STMicroelectronics.X-CUBE-NFC7.1.0.1
2023-08-30 22:56:49,895 [WARN] PackLoader:240 - Cannot read IP mode file for STMicroelectronics.X-CUBE-EEPRMA1.4.1.0
2023-08-30 22:56:49,902 [WARN] PackLoader:240 - Cannot read IP mode file for STMicroelectronics.X-CUBE-AI.8.1.0
2023-08-30 22:56:49,924 [WARN] ConditionMgr:438 - getConditionDescription Invalid condition id : LAN8742 Phy interface Condition cause : null
2023-08-30 22:56:49,925 [WARN] PackLoader:240 - Cannot read IP mode file for STMicroelectronics.X-CUBE-AZRTOS-L4.2.0.0
2023-08-30 22:56:49,930 [WARN] ConditionMgr:1039 - genDependencies : Invalid condition id : LAN8742 Phy interface Condition cause : null
2023-08-30 22:56:49,931 [WARN] ConditionMgr:1039 - genDependencies : Invalid condition id : LAN8742 Phy interface Condition cause : null
2023-08-30 22:56:49,932 [WARN] ConditionMgr:1039 - genDependencies : Invalid condition id : LAN8742 Phy interface Condition cause : null
2023-08-30 22:56:49,951 [WARN] PackLoader:240 - Cannot read IP mode file for STMicroelectronics.X-CUBE-SFXS2LP1.4.0.0
2023-08-30 22:56:49,963 [WARN] PackLoader:240 - Cannot read IP mode file for STMicroelectronics.X-CUBE-ISPU.1.1.0
2023-08-30 22:56:49,976 [WARN] ConditionMgr:438 - getConditionDescription Invalid condition id : UX DEVICE CLASS RTOS Condition cause : null
2023-08-30 22:56:49,976 [WARN] ConditionMgr:438 - getConditionDescription Invalid condition id : UX DEVICE CLASS RTOS Condition cause : null
2023-08-30 22:56:49,980 [WARN] PackLoader:240 - Cannot read IP mode file for STMicroelectronics.X-CUBE-AZRTOS-WB.2.0.0
2023-08-30 22:56:49,983 [WARN] ConditionMgr:1039 - genDependencies : Invalid condition id : UX DEVICE CLASS RTOS Condition cause : null
2023-08-30 22:56:49,983 [WARN] ConditionMgr:1039 - genDependencies : Invalid condition id : UX DEVICE CLASS RTOS Condition cause : null
2023-08-30 22:56:49,983 [WARN] ConditionMgr:1039 - genDependencies : Invalid condition id : UX DEVICE CLASS RTOS Condition cause : null
2023-08-30 22:56:49,984 [WARN] ConditionMgr:1039 - genDependencies : Invalid condition id : UX DEVICE CLASS RTOS Condition cause : null
2023-08-30 22:56:49,985 [WARN] ConditionMgr:1039 - genDependencies : Invalid condition id : UX DEVICE CLASS RTOS Condition cause : null
2023-08-30 22:56:50,001 [WARN] PackLoader:240 - Cannot read IP mode file for STMicroelectronics.X-CUBE-SUBG2.5.0.0
2023-08-30 22:56:50,033 [WARN] PackLoader:240 - Cannot read IP mode file for STMicroelectronics.X-CUBE-TOF1.3.3.1
2023-08-30 22:56:50,089 [WARN] PackLoader:240 - Cannot read IP mode file for STMicroelectronics.X-CUBE-AZRTOS-G4.2.0.0
2023-08-30 22:56:50,111 [WARN] PackLoader:240 - Cannot read IP mode file for STMicroelectronics.X-CUBE-FREERTOS.1.1.0
2023-08-30 22:56:50,124 [WARN] PackLoader:240 - Cannot read IP mode file for portGmbH.I-Cube-SoM-uGOAL.1.1.0
2023-08-30 22:56:50,129 [WARN] PackLoader:240 - Cannot read IP mode file for STMicroelectronics.X-CUBE-ALS.1.0.1
2023-08-30 22:56:50,135 [WARN] PackLoader:240 - Cannot read IP mode file for STMicroelectronics.FP-ATR-ASTRA1.2.0.0
2023-08-30 22:56:50,142 [INFO] ThirdParty:978 - Integrity check success = true
2023-08-30 22:56:50,142 [INFO] IntegrityCheckThread:100 - exiting critical section [integrity check]
2023-08-30 22:56:50,142 [INFO] IntegrityCheckThread:103 - End integrity checks thread
2023-08-30 22:57:08,574 [ERROR] LogOutputStream:75 - [STDERR_REDIRECT] SLF4J: Failed to load class "org.slf4j.impl.StaticLoggerBinder".
2023-08-30 22:57:08,576 [ERROR] LogOutputStream:75 - [STDERR_REDIRECT] SLF4J: Defaulting to no-operation (NOP) logger implementation
2023-08-30 22:57:08,577 [ERROR] LogOutputStream:75 - [STDERR_REDIRECT] SLF4J: See http://www.slf4j.org/codes.html#StaticLoggerBinder for further details.
2023-08-30 22:57:10,865 [INFO] LogOutputStream:77 - [STDOUT_REDIRECT] Unexpected error loading extension: org.eclipse.equinox.p2.metadata.repository.XZedRepository
2023-08-30 22:57:10,867 [ERROR] LogOutputStream:75 - [STDERR_REDIRECT] java.lang.IllegalStateException: bundle org.eclipse.equinox.p2.repositoryis not started
2023-08-30 22:57:10,868 [ERROR] LogOutputStream:75 - [STDERR_REDIRECT] 	at org.eclipse.equinox.internal.p2.repository.Activator.getContext(Activator.java:65)
2023-08-30 22:57:10,868 [ERROR] LogOutputStream:75 - [STDERR_REDIRECT] 	at org.eclipse.equinox.internal.p2.repository.Activator.getParserFactory(Activator.java:75)
2023-08-30 22:57:10,868 [ERROR] LogOutputStream:75 - [STDERR_REDIRECT] 	at org.eclipse.equinox.internal.p2.persistence.XMLParser.<init>(XMLParser.java:55)
2023-08-30 22:57:10,868 [ERROR] LogOutputStream:75 - [STDERR_REDIRECT] 	at org.eclipse.equinox.internal.p2.metadata.repository.io.MetadataParser.<init>(MetadataParser.java:41)
2023-08-30 22:57:10,868 [ERROR] LogOutputStream:75 - [STDERR_REDIRECT] 	at org.eclipse.equinox.internal.p2.metadata.repository.MetadataRepositoryIO$Parser.<init>(MetadataRepositoryIO.java:193)
2023-08-30 22:57:10,868 [ERROR] LogOutputStream:75 - [STDERR_REDIRECT] 	at org.eclipse.equinox.internal.p2.metadata.repository.MetadataRepositoryIO.read(MetadataRepositoryIO.java:64)
2023-08-30 22:57:10,869 [ERROR] LogOutputStream:75 - [STDERR_REDIRECT] 	at org.eclipse.equinox.internal.p2.metadata.repository.XZedSimpleMetadataRepositoryFactory.load(XZedSimpleMetadataRepositoryFactory.java:86)
2023-08-30 22:57:10,869 [ERROR] LogOutputStream:75 - [STDERR_REDIRECT] 	at org.eclipse.equinox.internal.p2.metadata.repository.MetadataRepositoryManager.factoryLoad(MetadataRepositoryManager.java:63)
2023-08-30 22:57:10,869 [ERROR] LogOutputStream:75 - [STDERR_REDIRECT] 	at org.eclipse.equinox.internal.p2.repository.helpers.AbstractRepositoryManager.loadRepository(AbstractRepositoryManager.java:787)
2023-08-30 22:57:10,869 [ERROR] LogOutputStream:75 - [STDERR_REDIRECT] 	at org.eclipse.equinox.internal.p2.repository.helpers.AbstractRepositoryManager.loadRepository(AbstractRepositoryManager.java:685)
2023-08-30 22:57:10,869 [ERROR] LogOutputStream:75 - [STDERR_REDIRECT] 	at org.eclipse.equinox.internal.p2.metadata.repository.MetadataRepositoryManager.loadRepository(MetadataRepositoryManager.java:110)
2023-08-30 22:57:10,869 [ERROR] LogOutputStream:75 - [STDERR_REDIRECT] 	at org.eclipse.equinox.internal.p2.metadata.repository.MetadataRepositoryManager.loadRepository(MetadataRepositoryManager.java:105)
2023-08-30 22:57:10,869 [ERROR] LogOutputStream:75 - [STDERR_REDIRECT] 	at org.eclipse.equinox.internal.p2.metadata.repository.CompositeMetadataRepository.addChild(CompositeMetadataRepository.java:171)
2023-08-30 22:57:10,869 [ERROR] LogOutputStream:75 - [STDERR_REDIRECT] 	at org.eclipse.equinox.internal.p2.metadata.repository.CompositeMetadataRepository.<init>(CompositeMetadataRepository.java:113)
2023-08-30 22:57:10,869 [ERROR] LogOutputStream:75 - [STDERR_REDIRECT] 	at org.eclipse.equinox.internal.p2.metadata.repository.CompositeMetadataRepositoryFactory.load(CompositeMetadataRepositoryFactory.java:124)
2023-08-30 22:57:10,870 [ERROR] LogOutputStream:75 - [STDERR_REDIRECT] 	at org.eclipse.equinox.internal.p2.metadata.repository.MetadataRepositoryManager.factoryLoad(MetadataRepositoryManager.java:63)
2023-08-30 22:57:10,870 [ERROR] LogOutputStream:75 - [STDERR_REDIRECT] 	at org.eclipse.equinox.internal.p2.repository.helpers.AbstractRepositoryManager.loadRepository(AbstractRepositoryManager.java:787)
2023-08-30 22:57:10,870 [ERROR] LogOutputStream:75 - [STDERR_REDIRECT] 	at org.eclipse.equinox.internal.p2.repository.helpers.AbstractRepositoryManager.loadRepository(AbstractRepositoryManager.java:685)
2023-08-30 22:57:10,870 [ERROR] LogOutputStream:75 - [STDERR_REDIRECT] 	at org.eclipse.equinox.internal.p2.metadata.repository.MetadataRepositoryManager.loadRepository(MetadataRepositoryManager.java:110)
2023-08-30 22:57:10,870 [ERROR] LogOutputStream:75 - [STDERR_REDIRECT] 	at org.eclipse.equinox.internal.p2.metadata.repository.MetadataRepositoryManager.loadRepository(MetadataRepositoryManager.java:105)
2023-08-30 22:57:10,870 [ERROR] LogOutputStream:75 - [STDERR_REDIRECT] 	at org.eclipse.equinox.internal.p2.updatechecker.UpdateChecker.getAvailableRepositories(UpdateChecker.java:152)
2023-08-30 22:57:10,870 [ERROR] LogOutputStream:75 - [STDERR_REDIRECT] 	at org.eclipse.equinox.internal.p2.updatechecker.UpdateChecker.checkForUpdates(UpdateChecker.java:130)
2023-08-30 22:57:10,870 [ERROR] LogOutputStream:75 - [STDERR_REDIRECT] 	at org.eclipse.equinox.internal.p2.updatechecker.UpdateChecker$UpdateCheckThread.run(UpdateChecker.java:78)
2023-08-30 22:57:10,876 [INFO] LogOutputStream:77 - [STDOUT_REDIRECT] Unexpected error loading extension: org.eclipse.equinox.p2.metadata.repository.simpleRepository
2023-08-30 22:57:10,876 [ERROR] LogOutputStream:75 - [STDERR_REDIRECT] java.lang.IllegalStateException: Attempt to access stopped agent: org.eclipse.equinox.internal.p2.core.ProvisioningAgent@3369ff40
2023-08-30 22:57:10,876 [ERROR] LogOutputStream:75 - [STDERR_REDIRECT] 	at org.eclipse.equinox.internal.p2.core.ProvisioningAgent.checkRunning(ProvisioningAgent.java:86)
2023-08-30 22:57:10,876 [ERROR] LogOutputStream:75 - [STDERR_REDIRECT] 	at org.eclipse.equinox.internal.p2.core.ProvisioningAgent.getService(ProvisioningAgent.java:50)
2023-08-30 22:57:10,876 [ERROR] LogOutputStream:75 - [STDERR_REDIRECT] 	at org.eclipse.equinox.p2.core.IProvisioningAgent.getService(IProvisioningAgent.java:86)
2023-08-30 22:57:10,877 [ERROR] LogOutputStream:75 - [STDERR_REDIRECT] 	at org.eclipse.equinox.internal.p2.metadata.repository.SimpleMetadataRepositoryFactory.getLocalFile(SimpleMetadataRepositoryFactory.java:66)
2023-08-30 22:57:10,877 [ERROR] LogOutputStream:75 - [STDERR_REDIRECT] 	at org.eclipse.equinox.internal.p2.metadata.repository.SimpleMetadataRepositoryFactory.load(SimpleMetadataRepositoryFactory.java:89)
2023-08-30 22:57:10,877 [ERROR] LogOutputStream:75 - [STDERR_REDIRECT] 	at org.eclipse.equinox.internal.p2.metadata.repository.MetadataRepositoryManager.factoryLoad(MetadataRepositoryManager.java:63)
2023-08-30 22:57:10,877 [ERROR] LogOutputStream:75 - [STDERR_REDIRECT] 	at org.eclipse.equinox.internal.p2.repository.helpers.AbstractRepositoryManager.loadRepository(AbstractRepositoryManager.java:787)
2023-08-30 22:57:10,877 [ERROR] LogOutputStream:75 - [STDERR_REDIRECT] 	at org.eclipse.equinox.internal.p2.repository.helpers.AbstractRepositoryManager.loadRepository(AbstractRepositoryManager.java:685)
2023-08-30 22:57:10,877 [ERROR] LogOutputStream:75 - [STDERR_REDIRECT] 	at org.eclipse.equinox.internal.p2.metadata.repository.MetadataRepositoryManager.loadRepository(MetadataRepositoryManager.java:110)
2023-08-30 22:57:10,878 [ERROR] LogOutputStream:75 - [STDERR_REDIRECT] 	at org.eclipse.equinox.internal.p2.metadata.repository.MetadataRepositoryManager.loadRepository(MetadataRepositoryManager.java:105)
2023-08-30 22:57:10,879 [ERROR] LogOutputStream:75 - [STDERR_REDIRECT] 	at org.eclipse.equinox.internal.p2.metadata.repository.CompositeMetadataRepository.addChild(CompositeMetadataRepository.java:171)
2023-08-30 22:57:10,879 [ERROR] LogOutputStream:75 - [STDERR_REDIRECT] 	at org.eclipse.equinox.internal.p2.metadata.repository.CompositeMetadataRepository.<init>(CompositeMetadataRepository.java:113)
2023-08-30 22:57:10,879 [ERROR] LogOutputStream:75 - [STDERR_REDIRECT] 	at org.eclipse.equinox.internal.p2.metadata.repository.CompositeMetadataRepositoryFactory.load(CompositeMetadataRepositoryFactory.java:124)
2023-08-30 22:57:10,879 [ERROR] LogOutputStream:75 - [STDERR_REDIRECT] 	at org.eclipse.equinox.internal.p2.metadata.repository.MetadataRepositoryManager.factoryLoad(MetadataRepositoryManager.java:63)
2023-08-30 22:57:10,879 [ERROR] LogOutputStream:75 - [STDERR_REDIRECT] 	at org.eclipse.equinox.internal.p2.repository.helpers.AbstractRepositoryManager.loadRepository(AbstractRepositoryManager.java:787)
2023-08-30 22:57:10,879 [ERROR] LogOutputStream:75 - [STDERR_REDIRECT] 	at org.eclipse.equinox.internal.p2.repository.helpers.AbstractRepositoryManager.loadRepository(AbstractRepositoryManager.java:685)
2023-08-30 22:57:10,879 [ERROR] LogOutputStream:75 - [STDERR_REDIRECT] 	at org.eclipse.equinox.internal.p2.metadata.repository.MetadataRepositoryManager.loadRepository(MetadataRepositoryManager.java:110)
2023-08-30 22:57:10,880 [ERROR] LogOutputStream:75 - [STDERR_REDIRECT] 	at org.eclipse.equinox.internal.p2.metadata.repository.MetadataRepositoryManager.loadRepository(MetadataRepositoryManager.java:105)
2023-08-30 22:57:10,880 [ERROR] LogOutputStream:75 - [STDERR_REDIRECT] 	at org.eclipse.equinox.internal.p2.updatechecker.UpdateChecker.getAvailableRepositories(UpdateChecker.java:152)
2023-08-30 22:57:10,880 [ERROR] LogOutputStream:75 - [STDERR_REDIRECT] 	at org.eclipse.equinox.internal.p2.updatechecker.UpdateChecker.checkForUpdates(UpdateChecker.java:130)
2023-08-30 22:57:10,880 [ERROR] LogOutputStream:75 - [STDERR_REDIRECT] 	at org.eclipse.equinox.internal.p2.updatechecker.UpdateChecker$UpdateCheckThread.run(UpdateChecker.java:78)
2023-08-30 22:57:10,880 [INFO] LogOutputStream:77 - [STDOUT_REDIRECT] Unexpected error loading extension: org.eclipse.equinox.p2.metadata.repository.compositeRepository
2023-08-30 22:57:10,881 [ERROR] LogOutputStream:75 - [STDERR_REDIRECT] java.lang.IllegalStateException: bundle org.eclipse.equinox.p2.repositoryis not started
2023-08-30 22:57:10,881 [ERROR] LogOutputStream:75 - [STDERR_REDIRECT] 	at org.eclipse.equinox.internal.p2.repository.Activator.getContext(Activator.java:65)
2023-08-30 22:57:10,882 [ERROR] LogOutputStream:75 - [STDERR_REDIRECT] 	at org.eclipse.equinox.internal.p2.repository.helpers.AbstractRepositoryManager.restoreFromSystemProperty(AbstractRepositoryManager.java:1013)
2023-08-30 22:57:10,882 [ERROR] LogOutputStream:75 - [STDERR_REDIRECT] 	at org.eclipse.equinox.internal.p2.repository.helpers.AbstractRepositoryManager.restoreRepositories(AbstractRepositoryManager.java:1033)
2023-08-30 22:57:10,883 [ERROR] LogOutputStream:75 - [STDERR_REDIRECT] 	at org.eclipse.equinox.internal.p2.repository.helpers.AbstractRepositoryManager.getRepositoryProperty(AbstractRepositoryManager.java:571)
2023-08-30 22:57:10,883 [ERROR] LogOutputStream:75 - [STDERR_REDIRECT] 	at org.eclipse.equinox.internal.p2.repository.helpers.AbstractRepositoryManager.loadRepository(AbstractRepositoryManager.java:703)
2023-08-30 22:57:10,883 [ERROR] LogOutputStream:75 - [STDERR_REDIRECT] 	at org.eclipse.equinox.internal.p2.metadata.repository.MetadataRepositoryManager.loadRepository(MetadataRepositoryManager.java:110)
2023-08-30 22:57:10,883 [ERROR] LogOutputStream:75 - [STDERR_REDIRECT] 	at org.eclipse.equinox.internal.p2.metadata.repository.MetadataRepositoryManager.loadRepository(MetadataRepositoryManager.java:105)
2023-08-30 22:57:10,883 [ERROR] LogOutputStream:75 - [STDERR_REDIRECT] 	at org.eclipse.equinox.internal.p2.metadata.repository.CompositeMetadataRepository.addChild(CompositeMetadataRepository.java:171)
2023-08-30 22:57:10,883 [ERROR] LogOutputStream:75 - [STDERR_REDIRECT] 	at org.eclipse.equinox.internal.p2.metadata.repository.CompositeMetadataRepository.<init>(CompositeMetadataRepository.java:113)
2023-08-30 22:57:10,883 [ERROR] LogOutputStream:75 - [STDERR_REDIRECT] 	at org.eclipse.equinox.internal.p2.metadata.repository.CompositeMetadataRepositoryFactory.load(CompositeMetadataRepositoryFactory.java:124)
2023-08-30 22:57:10,883 [ERROR] LogOutputStream:75 - [STDERR_REDIRECT] 	at org.eclipse.equinox.internal.p2.metadata.repository.MetadataRepositoryManager.factoryLoad(MetadataRepositoryManager.java:63)
2023-08-30 22:57:10,884 [ERROR] LogOutputStream:75 - [STDERR_REDIRECT] 	at org.eclipse.equinox.internal.p2.repository.helpers.AbstractRepositoryManager.loadRepository(AbstractRepositoryManager.java:787)
2023-08-30 22:57:10,884 [ERROR] LogOutputStream:75 - [STDERR_REDIRECT] 	at org.eclipse.equinox.internal.p2.repository.helpers.AbstractRepositoryManager.loadRepository(AbstractRepositoryManager.java:685)
2023-08-30 22:57:10,884 [ERROR] LogOutputStream:75 - [STDERR_REDIRECT] 	at org.eclipse.equinox.internal.p2.metadata.repository.MetadataRepositoryManager.loadRepository(MetadataRepositoryManager.java:110)
2023-08-30 22:57:10,884 [ERROR] LogOutputStream:75 - [STDERR_REDIRECT] 	at org.eclipse.equinox.internal.p2.metadata.repository.MetadataRepositoryManager.loadRepository(MetadataRepositoryManager.java:105)
2023-08-30 22:57:10,884 [ERROR] LogOutputStream:75 - [STDERR_REDIRECT] 	at org.eclipse.equinox.internal.p2.updatechecker.UpdateChecker.getAvailableRepositories(UpdateChecker.java:152)
2023-08-30 22:57:10,884 [ERROR] LogOutputStream:75 - [STDERR_REDIRECT] 	at org.eclipse.equinox.internal.p2.updatechecker.UpdateChecker.checkForUpdates(UpdateChecker.java:130)
2023-08-30 22:57:10,884 [ERROR] LogOutputStream:75 - [STDERR_REDIRECT] 	at org.eclipse.equinox.internal.p2.updatechecker.UpdateChecker$UpdateCheckThread.run(UpdateChecker.java:78)
2023-08-30 22:57:10,886 [INFO] LogOutputStream:77 - [STDOUT_REDIRECT] No repository found at https://sw-center.st.com/stm32cubeide/updatesite1.
2023-08-30 22:57:10,886 [INFO] LogOutputStream:77 - [STDOUT_REDIRECT] Exception in update check thread
2023-08-30 22:57:10,887 [ERROR] LogOutputStream:75 - [STDERR_REDIRECT] java.lang.IllegalStateException: bundle org.eclipse.equinox.p2.repositoryis not started
2023-08-30 22:57:10,887 [ERROR] LogOutputStream:75 - [STDERR_REDIRECT] 	at org.eclipse.equinox.internal.p2.repository.Activator.getContext(Activator.java:65)
2023-08-30 22:57:10,887 [ERROR] LogOutputStream:75 - [STDERR_REDIRECT] 	at org.eclipse.equinox.internal.p2.repository.helpers.AbstractRepositoryManager.getPreferences(AbstractRepositoryManager.java:506)
2023-08-30 22:57:10,887 [ERROR] LogOutputStream:75 - [STDERR_REDIRECT] 	at org.eclipse.equinox.internal.p2.repository.helpers.AbstractRepositoryManager.remember(AbstractRepositoryManager.java:896)
2023-08-30 22:57:10,889 [ERROR] LogOutputStream:75 - [STDERR_REDIRECT] 	at org.eclipse.equinox.internal.p2.repository.helpers.AbstractRepositoryManager.addRepository(AbstractRepositoryManager.java:171)
2023-08-30 22:57:10,890 [ERROR] LogOutputStream:75 - [STDERR_REDIRECT] 	at org.eclipse.equinox.internal.p2.repository.helpers.AbstractRepositoryManager.loadRepository(AbstractRepositoryManager.java:672)
2023-08-30 22:57:10,891 [ERROR] LogOutputStream:75 - [STDERR_REDIRECT] 	at org.eclipse.equinox.internal.p2.metadata.repository.MetadataRepositoryManager.loadRepository(MetadataRepositoryManager.java:110)
2023-08-30 22:57:10,894 [ERROR] LogOutputStream:75 - [STDERR_REDIRECT] 	at org.eclipse.equinox.internal.p2.metadata.repository.MetadataRepositoryManager.loadRepository(MetadataRepositoryManager.java:105)
2023-08-30 22:57:10,899 [ERROR] LogOutputStream:75 - [STDERR_REDIRECT] 	at org.eclipse.equinox.internal.p2.updatechecker.UpdateChecker.getAvailableRepositories(UpdateChecker.java:152)
2023-08-30 22:57:10,900 [ERROR] LogOutputStream:75 - [STDERR_REDIRECT] 	at org.eclipse.equinox.internal.p2.updatechecker.UpdateChecker.checkForUpdates(UpdateChecker.java:130)
2023-08-30 22:57:10,900 [ERROR] LogOutputStream:75 - [STDERR_REDIRECT] 	at org.eclipse.equinox.internal.p2.updatechecker.UpdateChecker$UpdateCheckThread.run(UpdateChecker.java:78)
2023-08-30 22:57:58,448 [INFO] Activator:176 - 


2023-08-30 22:57:58,449 [INFO] Activator:177 - !SESSION log4j initialized
2023-08-30 22:58:01,133 [ERROR] LogOutputStream:75 - [STDERR_REDIRECT] 
2023-08-30 22:58:01,561 [INFO] LogOutputStream:77 - [STDOUT_REDIRECT] 
2023-08-30 22:58:03,458 [INFO] LogOutputStream:77 - [STDOUT_REDIRECT] 
2023-08-30 22:58:05,928 [INFO] ApplicationProperties:184 - Using Application install path: /Applications/STM32CubeIDE.app/Contents/Eclipse/plugins/com.st.stm32cube.common.mx_6.9.1.202307191849
2023-08-30 22:58:05,969 [INFO] DbMcusXml:78 - Set database path to: /Applications/STM32CubeIDE.app/Contents/Eclipse/plugins/com.st.stm32cube.common.mx_6.9.1.202307191849//db//mcu/
2023-08-30 22:58:05,970 [INFO] ApiDb:274 - Set plugin database path to: /Applications/STM32CubeIDE.app/Contents/Eclipse/plugins/com.st.stm32cube.common.mx_6.9.1.202307191849//db//plugins/boardmanager/
2023-08-30 22:58:05,972 [WARN] ApiDb:259 - Overriding images path with different value:  => /Applications/STM32CubeIDE.app/Contents/Eclipse/plugins/com.st.stm32cube.common.mx_6.9.1.202307191849//db//plugins/mcufinder/images/
2023-08-30 22:58:06,027 [INFO] ApiDb:250 - Set database path to: /Users/mariestahaab/.stmcufinder/plugins/mcufinder//mcu/
2023-08-30 22:58:06,029 [INFO] DbMcusAds:125 - Set database path to: /Users/mariestahaab/.stmcufinder/plugins/mcufinder//mcu/
2023-08-30 22:58:06,033 [INFO] CrossReferenceDbSqlite:203 - Set database path to: /Users/mariestahaab/.stmcufinder/plugins/mcufinder//mcu/cs/
2023-08-30 22:58:06,198 [INFO] RulesReader:64 - Compatibility file has been processed (293 Rules)
2023-08-30 22:58:06,269 [INFO] DbMcusXml:78 - Set database path to: /Applications/STM32CubeIDE.app/Contents/Eclipse/plugins/com.st.stm32cube.common.mx_6.9.1.202307191849//db//mcu/
2023-08-30 22:58:06,270 [INFO] ApiDb:274 - Set plugin database path to: /Applications/STM32CubeIDE.app/Contents/Eclipse/plugins/com.st.stm32cube.common.mx_6.9.1.202307191849//db//plugins/boardmanager/
2023-08-30 22:58:06,270 [INFO] ApiDb:261 - Set plugin images path to: /Applications/STM32CubeIDE.app/Contents/Eclipse/plugins/com.st.stm32cube.common.mx_6.9.1.202307191849//db//plugins/mcufinder/images/
2023-08-30 22:58:06,270 [WARN] DbFile:41 - Overriding database path with different value: /Users/mariestahaab/.stmcufinder/plugins/mcufinder/ => /Users/mariestahaab/.stmcufinder/plugins/mcufinder
2023-08-30 22:58:06,271 [INFO] ApiDb:250 - Set database path to: /Users/mariestahaab/.stmcufinder/plugins/mcufinder//mcu/
2023-08-30 22:58:06,271 [WARN] DbFile:41 - Overriding database path with different value: /Users/mariestahaab/.stmcufinder/plugins/mcufinder/ => /Users/mariestahaab/.stmcufinder/plugins/mcufinder
2023-08-30 22:58:06,271 [INFO] DbMcusAds:125 - Set database path to: /Users/mariestahaab/.stmcufinder/plugins/mcufinder//mcu/
2023-08-30 22:58:06,271 [WARN] DbFile:41 - Overriding database path with different value: /Users/mariestahaab/.stmcufinder/plugins/mcufinder/ => /Users/mariestahaab/.stmcufinder/plugins/mcufinder
2023-08-30 22:58:06,271 [WARN] DbFile:41 - Overriding database path with different value: /Users/mariestahaab/.stmcufinder/plugins/mcufinder/ => /Users/mariestahaab/.stmcufinder/plugins/mcufinder
2023-08-30 22:58:06,271 [INFO] CrossReferenceDbSqlite:203 - Set database path to: /Users/mariestahaab/.stmcufinder/plugins/mcufinder//mcu/cs/
2023-08-30 22:58:06,359 [INFO] MainPanel:262 - HeapMemory: 268435456
2023-08-30 22:58:06,438 [INFO] DbMcusXml:78 - Set database path to: /Applications/STM32CubeIDE.app/Contents/Eclipse/plugins/com.st.stm32cube.common.mx_6.9.1.202307191849//db//mcu/
2023-08-30 22:58:06,439 [INFO] ApiDb:274 - Set plugin database path to: /Applications/STM32CubeIDE.app/Contents/Eclipse/plugins/com.st.stm32cube.common.mx_6.9.1.202307191849//db//plugins/boardmanager/
2023-08-30 22:58:06,439 [INFO] ApiDb:261 - Set plugin images path to: /Applications/STM32CubeIDE.app/Contents/Eclipse/plugins/com.st.stm32cube.common.mx_6.9.1.202307191849//db//plugins/mcufinder/images/
2023-08-30 22:58:06,439 [WARN] DbFile:41 - Overriding database path with different value: /Users/mariestahaab/.stmcufinder/plugins/mcufinder/ => /Users/mariestahaab/.stmcufinder/plugins/mcufinder
2023-08-30 22:58:06,439 [INFO] ApiDb:250 - Set database path to: /Users/mariestahaab/.stmcufinder/plugins/mcufinder//mcu/
2023-08-30 22:58:06,439 [WARN] DbFile:41 - Overriding database path with different value: /Users/mariestahaab/.stmcufinder/plugins/mcufinder/ => /Users/mariestahaab/.stmcufinder/plugins/mcufinder
2023-08-30 22:58:06,439 [INFO] DbMcusAds:125 - Set database path to: /Users/mariestahaab/.stmcufinder/plugins/mcufinder//mcu/
2023-08-30 22:58:06,439 [WARN] DbFile:41 - Overriding database path with different value: /Users/mariestahaab/.stmcufinder/plugins/mcufinder/ => /Users/mariestahaab/.stmcufinder/plugins/mcufinder
2023-08-30 22:58:06,439 [WARN] DbFile:41 - Overriding database path with different value: /Users/mariestahaab/.stmcufinder/plugins/mcufinder/ => /Users/mariestahaab/.stmcufinder/plugins/mcufinder
2023-08-30 22:58:06,439 [INFO] CrossReferenceDbSqlite:203 - Set database path to: /Users/mariestahaab/.stmcufinder/plugins/mcufinder//mcu/cs/
2023-08-30 22:58:06,456 [INFO] ApplicationProperties:184 - Using Application install path: /Applications/STM32CubeIDE.app/Contents/Eclipse/plugins/com.st.stm32cube.common.mx_6.9.1.202307191849
2023-08-30 22:58:06,457 [INFO] PluginManage:196 - Search for loadable plugins [exclusion list=, ]
2023-08-30 22:58:06,459 [INFO] PluginManage:310 - Check plugin analytics
2023-08-30 22:58:06,719 [INFO] AnalyticsPlugin:253 - Accepted Software Licenses: 
2023-08-30 22:58:06,719 [INFO] AnalyticsPlugin:255 - Accepted CMSIS Pack Licenses: 
2023-08-30 22:58:06,720 [INFO] AnalyticsPlugin:257 - Accepted Firmware Licenses: FW.F4.1.27.0
2023-08-30 22:58:06,730 [INFO] PluginManage:359 - Loaded plugin analytics (category:tool,tabindex:-1)
2023-08-30 22:58:06,735 [INFO] PluginManage:310 - Check plugin cadmodel
2023-08-30 22:58:06,983 [INFO] CADModel:105 - Init CAD model plugin
2023-08-30 22:58:06,984 [INFO] PluginManage:359 - Loaded plugin cadmodel (category:power,tabindex:5)
2023-08-30 22:58:06,984 [INFO] PluginManage:310 - Check plugin clock
2023-08-30 22:58:06,991 [INFO] PluginManage:359 - Loaded plugin clock (category:base,tabindex:2)
2023-08-30 22:58:06,992 [INFO] PluginManage:310 - Check plugin ddr
2023-08-30 22:58:06,993 [INFO] PluginManage:359 - Loaded plugin ddr (category:tool,tabindex:6)
2023-08-30 22:58:06,993 [INFO] PluginManage:310 - Check plugin filemanager
2023-08-30 22:58:07,118 [INFO] PluginManage:359 - Loaded plugin filemanager (category:base,tabindex:10)
2023-08-30 22:58:07,118 [INFO] PluginManage:310 - Check plugin ipmanager
2023-08-30 22:58:07,145 [INFO] PluginManage:359 - Loaded plugin ipmanager (category:base,tabindex:5)
2023-08-30 22:58:07,145 [INFO] PluginManage:310 - Check plugin lpbam
2023-08-30 22:58:07,153 [INFO] PluginManage:359 - Loaded plugin lpbam (category:base,tabindex:0)
2023-08-30 22:58:07,153 [INFO] PluginManage:310 - Check plugin memorymap
2023-08-30 22:58:07,161 [INFO] PluginManage:359 - Loaded plugin memorymap (category:base,tabindex:4)
2023-08-30 22:58:07,161 [INFO] PluginManage:310 - Check plugin pinoutandconfiguration
2023-08-30 22:58:07,165 [INFO] PluginManage:359 - Loaded plugin pinoutandconfiguration (category:base,tabindex:1)
2023-08-30 22:58:07,165 [INFO] PluginManage:310 - Check plugin pinoutconfig
2023-08-30 22:58:07,241 [WARN] SupportedApi:132 - Cannot load RTOS API schema: s4s-elt-must-match.1: The content of 'definitions' must match (annotation?, (simpleType | complexType)?, (unique | key | keyref)*)). A problem was found starting at: attribute.
2023-08-30 22:58:07,384 [INFO] PluginManage:359 - Loaded plugin pinoutconfig (category:base,tabindex:0)
2023-08-30 22:58:07,384 [INFO] PluginManage:310 - Check plugin power
2023-08-30 22:58:07,393 [INFO] PluginManage:359 - Loaded plugin power (category:power,tabindex:4)
2023-08-30 22:58:07,394 [INFO] PluginManage:310 - Check plugin projectmanager
2023-08-30 22:58:07,420 [INFO] PluginManage:359 - Loaded plugin projectmanager (category:projectmanager,tabindex:3)
2023-08-30 22:58:07,420 [INFO] PluginManage:310 - Check plugin thirdparty
2023-08-30 22:58:07,705 [INFO] PluginManage:359 - Loaded plugin thirdparty (category:base,tabindex:-1)
2023-08-30 22:58:07,705 [WARN] IntegrityCheckThread:84 - waiting for thirdparty lock release [integrity check]
2023-08-30 22:58:07,709 [INFO] PluginManage:310 - Check plugin tools
2023-08-30 22:58:07,709 [INFO] IntegrityCheckThread:86 - entering critical section [integrity check]
2023-08-30 22:58:07,710 [INFO] ThirdPartyUpdaterWithRetryManager:70 - Updater plugin not ready yet. [1/15]
2023-08-30 22:58:07,718 [INFO] PluginManage:359 - Loaded plugin tools (category:base,tabindex:7)
2023-08-30 22:58:07,719 [INFO] PluginManage:310 - Check plugin tutovideos
2023-08-30 22:58:07,883 [INFO] PluginManage:359 - Loaded plugin tutovideos (category:base,tabindex:-1)
2023-08-30 22:58:07,883 [INFO] PluginManage:310 - Check plugin updater
2023-08-30 22:58:07,899 [INFO] PluginManage:359 - Loaded plugin updater (category:base,tabindex:12)
2023-08-30 22:58:07,899 [INFO] PluginManage:310 - Check plugin userauth
2023-08-30 22:58:07,907 [INFO] UserAuth:113 - Init User Auth plugin
2023-08-30 22:58:07,907 [INFO] PluginManage:359 - Loaded plugin userauth (category:base,tabindex:14)
2023-08-30 22:58:07,910 [INFO] PluginManage:283 - PluginManage : Loaded plugins [17]
2023-08-30 22:58:08,139 [INFO] PinOutPanel:1499 - setPackage(No Configuration,No Configuration)
2023-08-30 22:58:08,242 [INFO] CADModel:165 - CPN selected for project level
2023-08-30 22:58:08,242 [INFO] CADModel:114 - Register for checkConnection events
2023-08-30 22:58:08,251 [INFO] IPUIPlugin:80 - create IPUIPlugin
2023-08-30 22:58:08,251 [INFO] PluginManager:220 - loadIPPluginJar : add mdma
2023-08-30 22:58:08,256 [INFO] IPUIPlugin:80 - create IPUIPlugin
2023-08-30 22:58:08,256 [INFO] PluginManager:220 - loadIPPluginJar : add freertos
2023-08-30 22:58:08,259 [INFO] IPUIPlugin:80 - create IPUIPlugin
2023-08-30 22:58:08,259 [INFO] PluginManager:220 - loadIPPluginJar : add gic
2023-08-30 22:58:08,265 [INFO] IPUIPlugin:80 - create IPUIPlugin
2023-08-30 22:58:08,266 [INFO] PluginManager:220 - loadIPPluginJar : add adc
2023-08-30 22:58:08,269 [INFO] IPUIPlugin:80 - create IPUIPlugin
2023-08-30 22:58:08,269 [INFO] PluginManager:220 - loadIPPluginJar : add gtzc
2023-08-30 22:58:08,270 [INFO] IPUIPlugin:80 - create IPUIPlugin
2023-08-30 22:58:08,270 [INFO] PluginManager:220 - loadIPPluginJar : add quadspi
2023-08-30 22:58:08,272 [INFO] IPUIPlugin:80 - create IPUIPlugin
2023-08-30 22:58:08,272 [INFO] PluginManager:220 - loadIPPluginJar : add aes
2023-08-30 22:58:08,275 [INFO] IPUIPlugin:80 - create IPUIPlugin
2023-08-30 22:58:08,275 [INFO] PluginManager:220 - loadIPPluginJar : add pdm2pcm
2023-08-30 22:58:08,276 [INFO] IPUIPlugin:80 - create IPUIPlugin
2023-08-30 22:58:08,276 [INFO] PluginManager:220 - loadIPPluginJar : add hash
2023-08-30 22:58:08,277 [INFO] IPUIPlugin:80 - create IPUIPlugin
2023-08-30 22:58:08,277 [INFO] PluginManager:220 - loadIPPluginJar : add tim
2023-08-30 22:58:08,277 [INFO] IPUIPlugin:80 - create IPUIPlugin
2023-08-30 22:58:08,277 [INFO] PluginManager:220 - loadIPPluginJar : add tsc
2023-08-30 22:58:08,278 [INFO] IPUIPlugin:80 - create IPUIPlugin
2023-08-30 22:58:08,278 [INFO] PluginManager:220 - loadIPPluginJar : add ts
2023-08-30 22:58:08,280 [INFO] IPUIPlugin:80 - create IPUIPlugin
2023-08-30 22:58:08,280 [INFO] PluginManager:220 - loadIPPluginJar : add can
2023-08-30 22:58:08,282 [INFO] IPUIPlugin:80 - create IPUIPlugin
2023-08-30 22:58:08,282 [INFO] PluginManager:220 - loadIPPluginJar : add dma3
2023-08-30 22:58:08,285 [INFO] IPUIPlugin:80 - create IPUIPlugin
2023-08-30 22:58:08,285 [INFO] PluginManager:220 - loadIPPluginJar : add dfsdm
2023-08-30 22:58:08,287 [INFO] IPUIPlugin:80 - create IPUIPlugin
2023-08-30 22:58:08,287 [INFO] PluginManager:220 - loadIPPluginJar : add spi
2023-08-30 22:58:08,288 [INFO] IPUIPlugin:80 - create IPUIPlugin
2023-08-30 22:58:08,288 [INFO] PluginManager:220 - loadIPPluginJar : add gfxmmu
2023-08-30 22:58:08,288 [INFO] IPUIPlugin:80 - create IPUIPlugin
2023-08-30 22:58:08,289 [INFO] PluginManager:220 - loadIPPluginJar : add genericplugin
2023-08-30 22:58:08,290 [INFO] IPUIPlugin:80 - create IPUIPlugin
2023-08-30 22:58:08,290 [INFO] PluginManager:220 - loadIPPluginJar : add cryp
2023-08-30 22:58:08,292 [INFO] IPUIPlugin:80 - create IPUIPlugin
2023-08-30 22:58:08,292 [INFO] PluginManager:220 - loadIPPluginJar : add gpio
2023-08-30 22:58:08,293 [INFO] IPUIPlugin:80 - create IPUIPlugin
2023-08-30 22:58:08,294 [INFO] PluginManager:220 - loadIPPluginJar : add comp
2023-08-30 22:58:08,296 [INFO] IPUIPlugin:80 - create IPUIPlugin
2023-08-30 22:58:08,296 [INFO] PluginManager:220 - loadIPPluginJar : add tracer_emb
2023-08-30 22:58:08,298 [INFO] IPUIPlugin:80 - create IPUIPlugin
2023-08-30 22:58:08,298 [INFO] PluginManager:220 - loadIPPluginJar : add openamp
2023-08-30 22:58:08,301 [INFO] IPUIPlugin:80 - create IPUIPlugin
2023-08-30 22:58:08,301 [INFO] PluginManager:220 - loadIPPluginJar : add stm32_wpan
2023-08-30 22:58:08,305 [INFO] IPUIPlugin:80 - create IPUIPlugin
2023-08-30 22:58:08,307 [INFO] PluginManager:220 - loadIPPluginJar : add plateformsettings
2023-08-30 22:58:08,310 [INFO] IPUIPlugin:80 - create IPUIPlugin
2023-08-30 22:58:08,310 [INFO] PluginManager:220 - loadIPPluginJar : add ipddr
2023-08-30 22:58:08,311 [INFO] IPUIPlugin:80 - create IPUIPlugin
2023-08-30 22:58:08,311 [INFO] PluginManager:220 - loadIPPluginJar : add usart
2023-08-30 22:58:08,312 [INFO] IPUIPlugin:80 - create IPUIPlugin
2023-08-30 22:58:08,312 [INFO] PluginManager:220 - loadIPPluginJar : add ltdc
2023-08-30 22:58:08,315 [INFO] IPUIPlugin:80 - create IPUIPlugin
2023-08-30 22:58:08,315 [INFO] PluginManager:220 - loadIPPluginJar : add nvic
2023-08-30 22:58:08,316 [INFO] IPUIPlugin:80 - create IPUIPlugin
2023-08-30 22:58:08,316 [INFO] PluginManager:220 - loadIPPluginJar : add fatfs
2023-08-30 22:58:08,320 [INFO] IPUIPlugin:80 - create IPUIPlugin
2023-08-30 22:58:08,320 [INFO] PluginManager:220 - loadIPPluginJar : add linkedlist
2023-08-30 22:58:08,323 [INFO] IPUIPlugin:80 - create IPUIPlugin
2023-08-30 22:58:08,323 [INFO] PluginManager:220 - loadIPPluginJar : add dma
2023-08-30 22:58:08,325 [INFO] IPUIPlugin:80 - create IPUIPlugin
2023-08-30 22:58:08,325 [INFO] PluginManager:220 - loadIPPluginJar : add fmc
2023-08-30 22:58:08,327 [INFO] IPUIPlugin:80 - create IPUIPlugin
2023-08-30 22:58:08,327 [INFO] PluginManager:220 - loadIPPluginJar : add i2s
2023-08-30 22:58:08,329 [INFO] IPUIPlugin:80 - create IPUIPlugin
2023-08-30 22:58:08,329 [INFO] PluginManager:220 - loadIPPluginJar : add ucpd
2023-08-30 22:58:08,330 [INFO] IPUIPlugin:80 - create IPUIPlugin
2023-08-30 22:58:08,331 [INFO] PluginManager:220 - loadIPPluginJar : add lorawan
2023-08-30 22:58:08,333 [INFO] IPUIPlugin:80 - create IPUIPlugin
2023-08-30 22:58:08,333 [INFO] PluginManager:220 - loadIPPluginJar : add opamp
2023-08-30 22:58:08,334 [INFO] IPUIPlugin:80 - create IPUIPlugin
2023-08-30 22:58:08,334 [INFO] PluginManager:220 - loadIPPluginJar : add i3c
2023-08-30 22:58:08,336 [INFO] IPUIPlugin:80 - create IPUIPlugin
2023-08-30 22:58:08,337 [INFO] PluginManager:220 - loadIPPluginJar : add touchsensing
2023-08-30 22:58:08,339 [INFO] IPUIPlugin:80 - create IPUIPlugin
2023-08-30 22:58:08,339 [INFO] PluginManager:220 - loadIPPluginJar : add i2c
2023-08-30 22:58:08,341 [INFO] IPUIPlugin:80 - create IPUIPlugin
2023-08-30 22:58:08,341 [INFO] PluginManager:220 - loadIPPluginJar : add resmgrutility
2023-08-30 22:58:08,343 [INFO] IPUIPlugin:80 - create IPUIPlugin
2023-08-30 22:58:08,343 [INFO] PluginManager:220 - loadIPPluginJar : add sai
2023-08-30 22:58:08,345 [INFO] IPUIPlugin:80 - create IPUIPlugin
2023-08-30 22:58:08,345 [INFO] PluginManager:220 - loadIPPluginJar : add usbx
2023-08-30 22:58:08,478 [INFO] CADModel:165 - CPN selected for project level
2023-08-30 22:58:08,480 [INFO] CADModel:114 - Register for checkConnection events
2023-08-30 22:58:08,481 [FATAL] Updater:308 - Updater called before beeing initialized
2023-08-30 22:58:08,481 [ERROR] CADModel:125 - Updater not yet initialized, retry later 
2023-08-30 22:58:08,728 [INFO] CADModel:165 - CPN selected for project level
2023-08-30 22:58:08,729 [INFO] CADModel:114 - Register for checkConnection events
2023-08-30 22:58:08,729 [FATAL] Updater:308 - Updater called before beeing initialized
2023-08-30 22:58:08,729 [ERROR] CADModel:125 - Updater not yet initialized, retry later 
2023-08-30 22:58:08,733 [FATAL] Updater:308 - Updater called before beeing initialized
2023-08-30 22:58:08,941 [FATAL] Updater:308 - Updater called before beeing initialized
2023-08-30 22:58:08,959 [INFO] DbMcusAds:53 - JSON generation date=Tue Mar 07 08:50:55 GMT 2023 (1678179055114)
2023-08-30 22:58:08,960 [FATAL] Updater:308 - Updater called before beeing initialized
2023-08-30 22:58:09,021 [WARN] DetailPanel:346 - Failed to get advertising image, set to default
2023-08-30 22:58:09,104 [FATAL] Updater:308 - Updater called before beeing initialized
2023-08-30 22:58:09,106 [FATAL] Updater:308 - Updater called before beeing initialized
2023-08-30 22:58:09,106 [FATAL] Updater:308 - Updater called before beeing initialized
2023-08-30 22:58:09,106 [WARN] DetailPanel:346 - Failed to get advertising image, set to default
2023-08-30 22:58:09,107 [FATAL] Updater:308 - Updater called before beeing initialized
2023-08-30 22:58:09,189 [ERROR] Updater:1120 - MainUpdater not yet initialized. External WinMGr cannot be set.
2023-08-30 22:58:09,233 [INFO] Updater:1056 - Updater Version found : 6.9.1
2023-08-30 22:58:09,250 [INFO] ApplicationProperties:184 - Using Application install path: /Applications/STM32CubeIDE.app/Contents/Eclipse/plugins/com.st.stm32cube.common.mx_6.9.1.202307191849
2023-08-30 22:58:09,602 [INFO] MainUpdater:2868 - connection check result : 10
2023-08-30 22:58:09,603 [INFO] MainUpdater:285 - Updater Check For Update Now.
2023-08-30 22:58:09,603 [INFO] MicroXplorer:498 - Change Database Version : DB.6.0.91
2023-08-30 22:58:09,624 [INFO] McuFinderGlobals:63 - Set McuFinder mode to 2 (CubeIDE integrated)
2023-08-30 22:58:09,901 [INFO] CheckServerUpdateThread:120 - End of CheckServer Thread
2023-08-30 22:58:10,865 [WARN] PackLoader:240 - Cannot read IP mode file for STMicroelectronics.X-CUBE-SMBUS.2.1.0
2023-08-30 22:58:10,959 [WARN] PackLoader:240 - Cannot read IP mode file for STMicroelectronics.X-CUBE-AZRTOS-F7.1.1.0
2023-08-30 22:58:10,997 [WARN] PackLoader:240 - Cannot read IP mode file for STMicroelectronics.FP-SNS-MOTENV1.4.3.2
2023-08-30 22:58:11,043 [WARN] PackLoader:240 - Cannot read IP mode file for STMicroelectronics.FP-SNS-FLIGHT1.5.0.2
2023-08-30 22:58:11,068 [WARN] PackLoader:240 - Cannot read IP mode file for STMicroelectronics.X-CUBE-DISPLAY.3.0.0
2023-08-30 22:58:11,135 [WARN] PackLoader:240 - Cannot read IP mode file for STMicroelectronics.X-CUBE-BLE1.7.0.0
2023-08-30 22:58:11,161 [WARN] PackLoader:240 - Cannot read IP mode file for emotas.I-CUBE-CANOPEN.1.3.0
2023-08-30 22:58:11,174 [WARN] PackLoader:240 - Cannot read IP mode file for STMicroelectronics.X-CUBE-TOUCHGFX.4.22.0
2023-08-30 22:58:11,194 [INFO] LogOutputStream:77 - [STDOUT_REDIRECT] 1 : Invalid condition id : UX_CORESTACK_Condition cause : null
2023-08-30 22:58:11,195 [INFO] LogOutputStream:77 - [STDOUT_REDIRECT] 1 : Invalid condition id : UX_CORESTACK_Condition cause : null
2023-08-30 22:58:11,195 [INFO] LogOutputStream:77 - [STDOUT_REDIRECT] 1 : Invalid condition id : UX_CORESTACK_Condition cause : null
2023-08-30 22:58:11,195 [INFO] LogOutputStream:77 - [STDOUT_REDIRECT] 1 : Invalid condition id : UX_CORESTACK_Condition cause : null
2023-08-30 22:58:11,196 [INFO] LogOutputStream:77 - [STDOUT_REDIRECT] 1 : Invalid condition id : UX_CORESTACK_Condition cause : null
2023-08-30 22:58:11,206 [WARN] PackLoader:240 - Cannot read IP mode file for STMicroelectronics.X-CUBE-AZRTOS-WL.2.0.0
2023-08-30 22:58:11,228 [WARN] PackLoader:240 - Cannot read IP mode file for WES.I-CUBE-Cesium.1.3.0
2023-08-30 22:58:11,240 [WARN] PackLoader:240 - Cannot read IP mode file for STMicroelectronics.X-CUBE-BLE2.3.3.0
2023-08-30 22:58:11,250 [WARN] PackLoader:240 - Cannot read IP mode file for STMicroelectronics.X-CUBE-ALGOBUILD.1.3.0
2023-08-30 22:58:11,295 [WARN] PackLoader:240 - Cannot read IP mode file for STMicroelectronics.X-CUBE-AZRTOS-G0.1.1.0
2023-08-30 22:58:11,312 [WARN] PackLoader:240 - Cannot read IP mode file for STMicroelectronics.X-CUBE-NFC4.3.0.0
2023-08-30 22:58:11,335 [WARN] PackLoader:240 - Cannot read IP mode file for STMicroelectronics.FP-ATR-SIGFOX1.3.2.0
2023-08-30 22:58:11,449 [WARN] PackLoader:240 - Cannot read IP mode file for SEGGER.I-CUBE-embOS.1.3.1
2023-08-30 22:58:11,524 [WARN] PackLoader:240 - Cannot read IP mode file for STMicroelectronics.X-CUBE-GNSS1.6.0.0
2023-08-30 22:58:11,556 [WARN] PackLoader:240 - Cannot read IP mode file for STMicroelectronics.X-CUBE-AZRTOS-F4.1.1.0
2023-08-30 22:58:11,569 [WARN] PackLoader:240 - Cannot read IP mode file for wolfSSL.I-CUBE-wolfSSL.5.6.3
2023-08-30 22:58:11,616 [WARN] PackLoader:240 - Cannot read IP mode file for STMicroelectronics.X-CUBE-AZRTOS-L5.2.0.0
2023-08-30 22:58:11,723 [WARN] PackLoader:240 - Cannot read IP mode file for STMicroelectronics.X-CUBE-MEMS1.9.6.0
2023-08-30 22:58:11,942 [WARN] PackLoader:240 - Cannot read IP mode file for STMicroelectronics.X-CUBE-BLEMGR.2.0.0
2023-08-30 22:58:12,002 [WARN] ConditionMgr:438 - getConditionDescription Invalid condition id : UX DEVICE CLASS RTOS Condition cause : null
2023-08-30 22:58:12,003 [WARN] ConditionMgr:438 - getConditionDescription Invalid condition id : UX DEVICE CLASS RTOS Condition cause : null
2023-08-30 22:58:12,009 [WARN] PackLoader:240 - Cannot read IP mode file for STMicroelectronics.X-CUBE-AZRTOS-H7.3.1.0
2023-08-30 22:58:12,012 [WARN] ConditionMgr:1039 - genDependencies : Invalid condition id : UX DEVICE CLASS RTOS Condition cause : null
2023-08-30 22:58:12,012 [WARN] ConditionMgr:1039 - genDependencies : Invalid condition id : UX DEVICE CLASS RTOS Condition cause : null
2023-08-30 22:58:12,014 [WARN] ConditionMgr:1039 - genDependencies : Invalid condition id : UX DEVICE CLASS RTOS Condition cause : null
2023-08-30 22:58:12,014 [WARN] ConditionMgr:1039 - genDependencies : Invalid condition id : UX DEVICE CLASS RTOS Condition cause : null
2023-08-30 22:58:12,014 [WARN] ConditionMgr:1039 - genDependencies : Invalid condition id : UX DEVICE CLASS RTOS Condition cause : null
2023-08-30 22:58:12,022 [WARN] PackLoader:240 - Cannot read IP mode file for STMicroelectronics.X-CUBE-NFC7.1.0.1
2023-08-30 22:58:12,035 [WARN] PackLoader:240 - Cannot read IP mode file for STMicroelectronics.X-CUBE-EEPRMA1.4.1.0
2023-08-30 22:58:12,041 [WARN] PackLoader:240 - Cannot read IP mode file for STMicroelectronics.X-CUBE-AI.8.1.0
2023-08-30 22:58:12,060 [WARN] ConditionMgr:438 - getConditionDescription Invalid condition id : LAN8742 Phy interface Condition cause : null
2023-08-30 22:58:12,062 [WARN] PackLoader:240 - Cannot read IP mode file for STMicroelectronics.X-CUBE-AZRTOS-L4.2.0.0
2023-08-30 22:58:12,066 [WARN] ConditionMgr:1039 - genDependencies : Invalid condition id : LAN8742 Phy interface Condition cause : null
2023-08-30 22:58:12,067 [WARN] ConditionMgr:1039 - genDependencies : Invalid condition id : LAN8742 Phy interface Condition cause : null
2023-08-30 22:58:12,068 [WARN] ConditionMgr:1039 - genDependencies : Invalid condition id : LAN8742 Phy interface Condition cause : null
2023-08-30 22:58:12,087 [WARN] PackLoader:240 - Cannot read IP mode file for STMicroelectronics.X-CUBE-SFXS2LP1.4.0.0
2023-08-30 22:58:12,096 [WARN] PackLoader:240 - Cannot read IP mode file for STMicroelectronics.X-CUBE-ISPU.1.1.0
2023-08-30 22:58:12,112 [WARN] ConditionMgr:438 - getConditionDescription Invalid condition id : UX DEVICE CLASS RTOS Condition cause : null
2023-08-30 22:58:12,113 [WARN] ConditionMgr:438 - getConditionDescription Invalid condition id : UX DEVICE CLASS RTOS Condition cause : null
2023-08-30 22:58:12,120 [WARN] PackLoader:240 - Cannot read IP mode file for STMicroelectronics.X-CUBE-AZRTOS-WB.2.0.0
2023-08-30 22:58:12,127 [WARN] ConditionMgr:1039 - genDependencies : Invalid condition id : UX DEVICE CLASS RTOS Condition cause : null
2023-08-30 22:58:12,127 [WARN] ConditionMgr:1039 - genDependencies : Invalid condition id : UX DEVICE CLASS RTOS Condition cause : null
2023-08-30 22:58:12,129 [WARN] ConditionMgr:1039 - genDependencies : Invalid condition id : UX DEVICE CLASS RTOS Condition cause : null
2023-08-30 22:58:12,131 [WARN] ConditionMgr:1039 - genDependencies : Invalid condition id : UX DEVICE CLASS RTOS Condition cause : null
2023-08-30 22:58:12,132 [WARN] ConditionMgr:1039 - genDependencies : Invalid condition id : UX DEVICE CLASS RTOS Condition cause : null
2023-08-30 22:58:12,168 [WARN] PackLoader:240 - Cannot read IP mode file for STMicroelectronics.X-CUBE-SUBG2.5.0.0
2023-08-30 22:58:12,219 [WARN] PackLoader:240 - Cannot read IP mode file for STMicroelectronics.X-CUBE-TOF1.3.3.1
2023-08-30 22:58:12,250 [WARN] PackLoader:240 - Cannot read IP mode file for STMicroelectronics.X-CUBE-AZRTOS-G4.2.0.0
2023-08-30 22:58:12,294 [WARN] PackLoader:240 - Cannot read IP mode file for STMicroelectronics.X-CUBE-FREERTOS.1.1.0
2023-08-30 22:58:12,313 [WARN] PackLoader:240 - Cannot read IP mode file for portGmbH.I-Cube-SoM-uGOAL.1.1.0
2023-08-30 22:58:12,327 [WARN] PackLoader:240 - Cannot read IP mode file for STMicroelectronics.X-CUBE-ALS.1.0.1
2023-08-30 22:58:12,340 [WARN] PackLoader:240 - Cannot read IP mode file for STMicroelectronics.FP-ATR-ASTRA1.2.0.0
2023-08-30 22:58:12,348 [INFO] ThirdParty:978 - Integrity check success = true
2023-08-30 22:58:12,348 [INFO] IntegrityCheckThread:100 - exiting critical section [integrity check]
2023-08-30 22:58:12,348 [INFO] IntegrityCheckThread:103 - End integrity checks thread
2023-08-30 22:58:30,923 [ERROR] LogOutputStream:75 - [STDERR_REDIRECT] SLF4J: Failed to load class "org.slf4j.impl.StaticLoggerBinder".
2023-08-30 22:58:30,925 [ERROR] LogOutputStream:75 - [STDERR_REDIRECT] SLF4J: Defaulting to no-operation (NOP) logger implementation
2023-08-30 22:58:30,926 [ERROR] LogOutputStream:75 - [STDERR_REDIRECT] SLF4J: See http://www.slf4j.org/codes.html#StaticLoggerBinder for further details.
